2020-05-08 13:53:37,464 INFO o.a.j.u.JMeterUtils: Setting Locale to en_EN
2020-05-08 13:53:37,484 INFO o.a.j.JMeter: Loading user properties from: /opt/jmeter/bin/user.properties
2020-05-08 13:53:37,484 INFO o.a.j.JMeter: Loading system properties from: /opt/jmeter/bin/system.properties
2020-05-08 13:53:37,485 INFO o.a.j.JMeter: Copyright (c) 1998-2019 The Apache Software Foundation
2020-05-08 13:53:37,485 INFO o.a.j.JMeter: Version 5.2.1
2020-05-08 13:53:37,485 INFO o.a.j.JMeter: java.version=11.0.6
2020-05-08 13:53:37,485 INFO o.a.j.JMeter: java.vm.name=OpenJDK 64-Bit Server VM
2020-05-08 13:53:37,486 INFO o.a.j.JMeter: os.name=Linux
2020-05-08 13:53:37,486 INFO o.a.j.JMeter: os.arch=amd64
2020-05-08 13:53:37,486 INFO o.a.j.JMeter: os.version=4.15.0-88-generic
2020-05-08 13:53:37,486 INFO o.a.j.JMeter: file.encoding=UTF-8
2020-05-08 13:53:37,486 INFO o.a.j.JMeter: java.awt.headless=null
2020-05-08 13:53:37,486 INFO o.a.j.JMeter: Max memory     =1073741824
2020-05-08 13:53:37,486 INFO o.a.j.JMeter: Available Processors =8
2020-05-08 13:53:37,493 INFO o.a.j.JMeter: Default Locale=English (EN)
2020-05-08 13:53:37,493 INFO o.a.j.JMeter: JMeter  Locale=English (EN)
2020-05-08 13:53:37,493 INFO o.a.j.JMeter: JMeterHome=/opt/jmeter
2020-05-08 13:53:37,493 INFO o.a.j.JMeter: user.dir  =/home/pedro/Dropbox/3AnoLic/2Semestre/ES/es20tg_41-project/dumps
2020-05-08 13:53:37,494 INFO o.a.j.JMeter: PWD       =/home/pedro/Dropbox/3AnoLic/2Semestre/ES/es20tg_41-project/dumps
2020-05-08 13:53:37,494 INFO o.a.j.JMeter: IP: 127.0.1.1 Name: pedro-X550JK FullName: pedro-X550JK
2020-05-08 13:53:37,738 INFO o.a.j.g.a.LookAndFeelCommand: Installing Darcula LAF
2020-05-08 13:53:37,762 INFO o.a.j.g.a.LookAndFeelCommand: Using look and feel: com.bulenkov.darcula.DarculaLaf [Darcula]
2020-05-08 13:53:37,763 INFO o.a.j.JMeter: Setting LAF to: com.bulenkov.darcula.DarculaLaf
2020-05-08 13:53:37,821 INFO o.a.j.JMeter: Loaded icon properties from org/apache/jmeter/images/icon.properties
2020-05-08 13:53:39,368 INFO o.a.j.p.h.s.HTTPSamplerBase: Parser for text/html is org.apache.jmeter.protocol.http.parser.LagartoBasedHtmlParser
2020-05-08 13:53:39,369 INFO o.a.j.p.h.s.HTTPSamplerBase: Parser for application/xhtml+xml is org.apache.jmeter.protocol.http.parser.LagartoBasedHtmlParser
2020-05-08 13:53:39,369 INFO o.a.j.p.h.s.HTTPSamplerBase: Parser for application/xml is org.apache.jmeter.protocol.http.parser.LagartoBasedHtmlParser
2020-05-08 13:53:39,369 INFO o.a.j.p.h.s.HTTPSamplerBase: Parser for text/xml is org.apache.jmeter.protocol.http.parser.LagartoBasedHtmlParser
2020-05-08 13:53:39,369 INFO o.a.j.p.h.s.HTTPSamplerBase: Parser for text/vnd.wap.wml is org.apache.jmeter.protocol.http.parser.RegexpHTMLParser
2020-05-08 13:53:39,370 INFO o.a.j.p.h.s.HTTPSamplerBase: Parser for text/css is org.apache.jmeter.protocol.http.parser.CssParser
2020-05-08 13:53:39,668 INFO o.a.j.e.KeyToolUtils: keytool found at 'keytool'
2020-05-08 13:53:39,669 INFO o.a.j.p.h.p.ProxyControl: HTTP(S) Test Script Recorder SSL Proxy will use keys that support embedded 3rd party resources in file /opt/jmeter/bin/proxyserver.jks
2020-05-08 13:53:39,771 INFO o.a.j.s.FileServer: Default base='/home/pedro/Dropbox/3AnoLic/2Semestre/ES/es20tg_41-project/dumps'
2020-05-08 13:53:40,092 INFO o.a.j.s.SampleResult: Note: Sample TimeStamps are START times
2020-05-08 13:53:40,092 INFO o.a.j.s.SampleResult: sampleresult.default.encoding is set to ISO-8859-1
2020-05-08 13:53:40,092 INFO o.a.j.s.SampleResult: sampleresult.useNanoTime=true
2020-05-08 13:53:40,093 INFO o.a.j.s.SampleResult: sampleresult.nanoThreadSleep=5000
2020-05-08 13:53:40,110 INFO o.a.j.v.ViewResultsFullVisualizer: Add JavaFX to your Java installation if you want to use renderer: org.apache.jmeter.visualizers.RenderInBrowser
2020-05-08 13:53:45,377 INFO o.a.j.g.a.Load: Loading file: /home/pedro/Dropbox/3AnoLic/2Semestre/ES/es20tg_41-project/backend/jmeter/dashboard/WSGetDashboardStatsTest.jmx
2020-05-08 13:53:45,378 INFO o.a.j.s.FileServer: Set new base='/home/pedro/Dropbox/3AnoLic/2Semestre/ES/es20tg_41-project/backend/jmeter/dashboard'
2020-05-08 13:53:45,487 INFO o.a.j.s.SaveService: Testplan (JMX) version: 2.2. Testlog (JTL) version: 2.2
2020-05-08 13:53:45,494 INFO o.a.j.s.SaveService: Using SaveService properties version 5.0
2020-05-08 13:53:45,496 INFO o.a.j.s.SaveService: Using SaveService properties file encoding UTF-8
2020-05-08 13:53:45,498 INFO o.a.j.s.SaveService: Loading file: /home/pedro/Dropbox/3AnoLic/2Semestre/ES/es20tg_41-project/backend/jmeter/dashboard/WSGetDashboardStatsTest.jmx
2020-05-08 13:53:45,596 INFO o.a.j.v.ViewResultsFullVisualizer: Add JavaFX to your Java installation if you want to use renderer: org.apache.jmeter.visualizers.RenderInBrowser
2020-05-08 13:53:45,660 INFO o.a.j.v.ViewResultsFullVisualizer: Add JavaFX to your Java installation if you want to use renderer: org.apache.jmeter.visualizers.RenderInBrowser
2020-05-08 13:53:45,700 INFO o.a.j.v.ViewResultsFullVisualizer: Add JavaFX to your Java installation if you want to use renderer: org.apache.jmeter.visualizers.RenderInBrowser
2020-05-08 13:53:45,723 INFO o.a.j.s.FileServer: Set new base='/home/pedro/Dropbox/3AnoLic/2Semestre/ES/es20tg_41-project/backend/jmeter/dashboard'
2020-05-08 13:56:17,237 ERROR o.a.j.g.a.Save: Could not backup file! Backup directory does not exist, is not a directory or could not be created ! </opt/jmeter/backups>
2020-05-08 13:56:17,301 INFO o.a.j.e.StandardJMeterEngine: Running the test!
2020-05-08 13:56:17,307 INFO o.a.j.s.SampleEvent: List of sample_variables: []
2020-05-08 13:56:17,307 INFO o.a.j.s.SampleEvent: List of sample_variables: []
2020-05-08 13:56:17,311 INFO o.a.j.e.u.CompoundVariable: Note: Function class names must contain the string: '.functions.'
2020-05-08 13:56:17,312 INFO o.a.j.e.u.CompoundVariable: Note: Function class names must not contain the string: '.gui.'
2020-05-08 13:56:17,723 ERROR o.a.j.u.BeanShellInterpreter: Error invoking bsh method: eval	In file: inline evaluation of: ``import org.apache.jmeter.services.FileServer fileserver.getFileServer().getBaseD . . . '' Encountered "fileserver" at line 1, column 46.

2020-05-08 13:56:17,723 WARN o.a.j.f.BeanShell: Error running BSH script
org.apache.jorphan.util.JMeterException: Error invoking bsh method: eval	In file: inline evaluation of: ``import org.apache.jmeter.services.FileServer fileserver.getFileServer().getBaseD . . . '' Encountered "fileserver" at line 1, column 46.

	at org.apache.jmeter.util.BeanShellInterpreter.bshInvoke(BeanShellInterpreter.java:180) ~[ApacheJMeter_core.jar:5.2.1]
	at org.apache.jmeter.util.BeanShellInterpreter.eval(BeanShellInterpreter.java:186) ~[ApacheJMeter_core.jar:5.2.1]
	at org.apache.jmeter.functions.BeanShell.execute(BeanShell.java:100) [ApacheJMeter_functions.jar:5.2.1]
	at org.apache.jmeter.engine.util.CompoundVariable.execute(CompoundVariable.java:136) [ApacheJMeter_core.jar:5.2.1]
	at org.apache.jmeter.engine.util.CompoundVariable.execute(CompoundVariable.java:111) [ApacheJMeter_core.jar:5.2.1]
	at org.apache.jmeter.testelement.property.FunctionProperty.getStringValue(FunctionProperty.java:92) [ApacheJMeter_core.jar:5.2.1]
	at org.apache.jmeter.testelement.AbstractTestElement.getPropertyAsString(AbstractTestElement.java:281) [ApacheJMeter_core.jar:5.2.1]
	at org.apache.jmeter.config.Argument.getValue(Argument.java:146) [ApacheJMeter_core.jar:5.2.1]
	at org.apache.jmeter.config.Arguments.getArgumentsAsMap(Arguments.java:94) [ApacheJMeter_core.jar:5.2.1]
	at org.apache.jmeter.engine.PreCompiler.createArgumentsMap(PreCompiler.java:114) [ApacheJMeter_core.jar:5.2.1]
	at org.apache.jmeter.engine.PreCompiler.addNode(PreCompiler.java:101) [ApacheJMeter_core.jar:5.2.1]
	at org.apache.jorphan.collections.HashTree.traverseInto(HashTree.java:994) [jorphan.jar:5.2.1]
	at org.apache.jorphan.collections.HashTree.traverse(HashTree.java:977) [jorphan.jar:5.2.1]
	at org.apache.jmeter.engine.StandardJMeterEngine.run(StandardJMeterEngine.java:362) [ApacheJMeter_core.jar:5.2.1]
	at java.lang.Thread.run(Thread.java:834) [?:?]
Caused by: java.lang.reflect.InvocationTargetException
	at jdk.internal.reflect.NativeMethodAccessorImpl.invoke0(Native Method) ~[?:?]
	at jdk.internal.reflect.NativeMethodAccessorImpl.invoke(NativeMethodAccessorImpl.java:62) ~[?:?]
	at jdk.internal.reflect.DelegatingMethodAccessorImpl.invoke(DelegatingMethodAccessorImpl.java:43) ~[?:?]
	at java.lang.reflect.Method.invoke(Method.java:566) ~[?:?]
	at org.apache.jmeter.util.BeanShellInterpreter.bshInvoke(BeanShellInterpreter.java:163) ~[ApacheJMeter_core.jar:5.2.1]
	... 14 more
Caused by: bsh.ParseException: In file: inline evaluation of: ``import org.apache.jmeter.services.FileServer fileserver.getFileServer().getBaseD . . . '' Encountered "fileserver" at line 1, column 46.

	at bsh.Parser.generateParseException(Parser.java:6106) ~[bsh-2.0b6.jar:2.0b6 2016-02-05 05:16:19]
	at bsh.Parser.jj_consume_token(Parser.java:5977) ~[bsh-2.0b6.jar:2.0b6 2016-02-05 05:16:19]
	at bsh.Parser.ImportDeclaration(Parser.java:480) ~[bsh-2.0b6.jar:2.0b6 2016-02-05 05:16:19]
	at bsh.Parser.BlockStatement(Parser.java:2823) ~[bsh-2.0b6.jar:2.0b6 2016-02-05 05:16:19]
	at bsh.Parser.Line(Parser.java:172) ~[bsh-2.0b6.jar:2.0b6 2016-02-05 05:16:19]
	at bsh.Interpreter.Line(Interpreter.java:1011) ~[bsh-2.0b6.jar:2.0b6 2016-02-05 05:16:19]
	at bsh.Interpreter.eval(Interpreter.java:641) ~[bsh-2.0b6.jar:2.0b6 2016-02-05 05:16:19]
	at bsh.Interpreter.eval(Interpreter.java:750) ~[bsh-2.0b6.jar:2.0b6 2016-02-05 05:16:19]
	at bsh.Interpreter.eval(Interpreter.java:739) ~[bsh-2.0b6.jar:2.0b6 2016-02-05 05:16:19]
	at jdk.internal.reflect.NativeMethodAccessorImpl.invoke0(Native Method) ~[?:?]
	at jdk.internal.reflect.NativeMethodAccessorImpl.invoke(NativeMethodAccessorImpl.java:62) ~[?:?]
	at jdk.internal.reflect.DelegatingMethodAccessorImpl.invoke(DelegatingMethodAccessorImpl.java:43) ~[?:?]
	at java.lang.reflect.Method.invoke(Method.java:566) ~[?:?]
	at org.apache.jmeter.util.BeanShellInterpreter.bshInvoke(BeanShellInterpreter.java:163) ~[ApacheJMeter_core.jar:5.2.1]
	... 14 more
2020-05-08 13:56:17,732 ERROR o.a.j.p.j.c.DataSourceElement: JDBC data source already defined for: sampleReq
2020-05-08 13:56:17,733 INFO o.a.j.g.u.JMeterMenuBar: setRunning(true, *local*)
2020-05-08 13:56:17,734 INFO o.a.j.e.StandardJMeterEngine: Starting setUp thread groups
2020-05-08 13:56:17,734 INFO o.a.j.e.StandardJMeterEngine: Starting setUp ThreadGroup: 1 : setUp Thread Group 
2020-05-08 13:56:17,734 INFO o.a.j.e.StandardJMeterEngine: Starting 1 threads for group setUp Thread Group.
2020-05-08 13:56:17,734 INFO o.a.j.e.StandardJMeterEngine: Thread will continue on error
2020-05-08 13:56:17,735 INFO o.a.j.t.ThreadGroup: Starting thread group... number=1 threads=1 ramp-up=1 delayedStart=false
2020-05-08 13:56:17,741 INFO o.a.j.t.ThreadGroup: Started thread group number 1
2020-05-08 13:56:17,742 INFO o.a.j.e.StandardJMeterEngine: Waiting for all setup thread groups to exit
2020-05-08 13:56:17,743 INFO o.a.j.t.JMeterThread: Thread started: setUp Thread Group 1-1
2020-05-08 13:56:17,921 INFO o.a.j.t.JMeterThread: Thread is done: setUp Thread Group 1-1
2020-05-08 13:56:17,922 INFO o.a.j.t.JMeterThread: Thread finished: setUp Thread Group 1-1
2020-05-08 13:56:17,922 INFO o.a.j.e.StandardJMeterEngine: All Setup Threads have ended
2020-05-08 13:56:18,065 INFO o.a.j.e.StandardJMeterEngine: Starting ThreadGroup: 1 : Thread Group
2020-05-08 13:56:18,065 INFO o.a.j.e.StandardJMeterEngine: Starting 1 threads for group Thread Group.
2020-05-08 13:56:18,065 INFO o.a.j.e.StandardJMeterEngine: Thread will continue on error
2020-05-08 13:56:18,065 INFO o.a.j.t.ThreadGroup: Starting thread group... number=1 threads=1 ramp-up=1 delayedStart=false
2020-05-08 13:56:18,066 INFO o.a.j.t.ThreadGroup: Started thread group number 1
2020-05-08 13:56:18,066 INFO o.a.j.e.StandardJMeterEngine: All thread groups have been started
2020-05-08 13:56:18,067 INFO o.a.j.t.JMeterThread: Thread started: Thread Group 1-1
2020-05-08 13:56:18,091 INFO o.a.j.p.h.s.HTTPHCAbstractImpl: Local host = pedro-X550JK
2020-05-08 13:56:18,102 INFO o.a.j.p.h.s.HTTPHC4Impl: HTTP request retry count = 0
2020-05-08 13:56:19,324 INFO o.a.j.t.JMeterThread: Thread is done: Thread Group 1-1
2020-05-08 13:56:19,324 INFO o.a.j.t.JMeterThread: Thread finished: Thread Group 1-1
2020-05-08 13:56:19,325 INFO o.a.j.e.StandardJMeterEngine: Starting tearDown thread groups
2020-05-08 13:56:19,325 INFO o.a.j.e.StandardJMeterEngine: Starting tearDown ThreadGroup: 1 : tearDown Thread Group
2020-05-08 13:56:19,325 INFO o.a.j.e.StandardJMeterEngine: Starting 1 threads for group tearDown Thread Group.
2020-05-08 13:56:19,325 INFO o.a.j.e.StandardJMeterEngine: Thread will continue on error
2020-05-08 13:56:19,325 INFO o.a.j.t.ThreadGroup: Starting thread group... number=1 threads=1 ramp-up=1 delayedStart=false
2020-05-08 13:56:19,326 INFO o.a.j.t.ThreadGroup: Started thread group number 1
2020-05-08 13:56:19,326 INFO o.a.j.t.JMeterThread: Thread started: tearDown Thread Group 1-1
2020-05-08 13:56:19,329 INFO o.a.j.t.JMeterThread: Thread is done: tearDown Thread Group 1-1
2020-05-08 13:56:19,329 INFO o.a.j.t.JMeterThread: Thread finished: tearDown Thread Group 1-1
2020-05-08 13:56:19,329 INFO o.a.j.e.StandardJMeterEngine: Notifying test listeners of end of test
2020-05-08 13:56:19,330 INFO o.a.j.g.u.JMeterMenuBar: setRunning(false, *local*)
2020-05-08 13:56:39,533 ERROR o.a.j.g.a.Save: Could not backup file! Backup directory does not exist, is not a directory or could not be created ! </opt/jmeter/backups>
2020-05-08 13:56:39,547 INFO o.a.j.e.StandardJMeterEngine: Running the test!
2020-05-08 13:56:39,547 INFO o.a.j.s.SampleEvent: List of sample_variables: []
2020-05-08 13:56:39,549 ERROR o.a.j.u.BeanShellInterpreter: Error invoking bsh method: eval	In file: inline evaluation of: ``import org.apache.jmeter.services.FileServer fileserver.getFileServer().getBaseD . . . '' Encountered "fileserver" at line 1, column 46.

2020-05-08 13:56:39,550 WARN o.a.j.f.BeanShell: Error running BSH script
org.apache.jorphan.util.JMeterException: Error invoking bsh method: eval	In file: inline evaluation of: ``import org.apache.jmeter.services.FileServer fileserver.getFileServer().getBaseD . . . '' Encountered "fileserver" at line 1, column 46.

	at org.apache.jmeter.util.BeanShellInterpreter.bshInvoke(BeanShellInterpreter.java:180) ~[ApacheJMeter_core.jar:5.2.1]
	at org.apache.jmeter.util.BeanShellInterpreter.eval(BeanShellInterpreter.java:186) ~[ApacheJMeter_core.jar:5.2.1]
	at org.apache.jmeter.functions.BeanShell.execute(BeanShell.java:100) [ApacheJMeter_functions.jar:5.2.1]
	at org.apache.jmeter.engine.util.CompoundVariable.execute(CompoundVariable.java:136) [ApacheJMeter_core.jar:5.2.1]
	at org.apache.jmeter.engine.util.CompoundVariable.execute(CompoundVariable.java:111) [ApacheJMeter_core.jar:5.2.1]
	at org.apache.jmeter.testelement.property.FunctionProperty.getStringValue(FunctionProperty.java:92) [ApacheJMeter_core.jar:5.2.1]
	at org.apache.jmeter.testelement.AbstractTestElement.getPropertyAsString(AbstractTestElement.java:281) [ApacheJMeter_core.jar:5.2.1]
	at org.apache.jmeter.config.Argument.getValue(Argument.java:146) [ApacheJMeter_core.jar:5.2.1]
	at org.apache.jmeter.config.Arguments.getArgumentsAsMap(Arguments.java:94) [ApacheJMeter_core.jar:5.2.1]
	at org.apache.jmeter.engine.PreCompiler.createArgumentsMap(PreCompiler.java:114) [ApacheJMeter_core.jar:5.2.1]
	at org.apache.jmeter.engine.PreCompiler.addNode(PreCompiler.java:101) [ApacheJMeter_core.jar:5.2.1]
	at org.apache.jorphan.collections.HashTree.traverseInto(HashTree.java:994) [jorphan.jar:5.2.1]
	at org.apache.jorphan.collections.HashTree.traverse(HashTree.java:977) [jorphan.jar:5.2.1]
	at org.apache.jmeter.engine.StandardJMeterEngine.run(StandardJMeterEngine.java:362) [ApacheJMeter_core.jar:5.2.1]
	at java.lang.Thread.run(Thread.java:834) [?:?]
Caused by: java.lang.reflect.InvocationTargetException
	at jdk.internal.reflect.NativeMethodAccessorImpl.invoke0(Native Method) ~[?:?]
	at jdk.internal.reflect.NativeMethodAccessorImpl.invoke(NativeMethodAccessorImpl.java:62) ~[?:?]
	at jdk.internal.reflect.DelegatingMethodAccessorImpl.invoke(DelegatingMethodAccessorImpl.java:43) ~[?:?]
	at java.lang.reflect.Method.invoke(Method.java:566) ~[?:?]
	at org.apache.jmeter.util.BeanShellInterpreter.bshInvoke(BeanShellInterpreter.java:163) ~[ApacheJMeter_core.jar:5.2.1]
	... 14 more
Caused by: bsh.ParseException: In file: inline evaluation of: ``import org.apache.jmeter.services.FileServer fileserver.getFileServer().getBaseD . . . '' Encountered "fileserver" at line 1, column 46.

	at bsh.Parser.generateParseException(Parser.java:6106) ~[bsh-2.0b6.jar:2.0b6 2016-02-05 05:16:19]
	at bsh.Parser.jj_consume_token(Parser.java:5977) ~[bsh-2.0b6.jar:2.0b6 2016-02-05 05:16:19]
	at bsh.Parser.ImportDeclaration(Parser.java:480) ~[bsh-2.0b6.jar:2.0b6 2016-02-05 05:16:19]
	at bsh.Parser.BlockStatement(Parser.java:2823) ~[bsh-2.0b6.jar:2.0b6 2016-02-05 05:16:19]
	at bsh.Parser.Line(Parser.java:172) ~[bsh-2.0b6.jar:2.0b6 2016-02-05 05:16:19]
	at bsh.Interpreter.Line(Interpreter.java:1011) ~[bsh-2.0b6.jar:2.0b6 2016-02-05 05:16:19]
	at bsh.Interpreter.eval(Interpreter.java:641) ~[bsh-2.0b6.jar:2.0b6 2016-02-05 05:16:19]
	at bsh.Interpreter.eval(Interpreter.java:750) ~[bsh-2.0b6.jar:2.0b6 2016-02-05 05:16:19]
	at bsh.Interpreter.eval(Interpreter.java:739) ~[bsh-2.0b6.jar:2.0b6 2016-02-05 05:16:19]
	at jdk.internal.reflect.NativeMethodAccessorImpl.invoke0(Native Method) ~[?:?]
	at jdk.internal.reflect.NativeMethodAccessorImpl.invoke(NativeMethodAccessorImpl.java:62) ~[?:?]
	at jdk.internal.reflect.DelegatingMethodAccessorImpl.invoke(DelegatingMethodAccessorImpl.java:43) ~[?:?]
	at java.lang.reflect.Method.invoke(Method.java:566) ~[?:?]
	at org.apache.jmeter.util.BeanShellInterpreter.bshInvoke(BeanShellInterpreter.java:163) ~[ApacheJMeter_core.jar:5.2.1]
	... 14 more
2020-05-08 13:56:39,552 ERROR o.a.j.p.j.c.DataSourceElement: JDBC data source already defined for: sampleReq
2020-05-08 13:56:39,552 INFO o.a.j.g.u.JMeterMenuBar: setRunning(true, *local*)
2020-05-08 13:56:39,553 INFO o.a.j.e.StandardJMeterEngine: Starting setUp thread groups
2020-05-08 13:56:39,553 INFO o.a.j.e.StandardJMeterEngine: Starting setUp ThreadGroup: 1 : setUp Thread Group 
2020-05-08 13:56:39,554 INFO o.a.j.e.StandardJMeterEngine: Starting 1 threads for group setUp Thread Group.
2020-05-08 13:56:39,554 INFO o.a.j.e.StandardJMeterEngine: Thread will continue on error
2020-05-08 13:56:39,554 INFO o.a.j.t.ThreadGroup: Starting thread group... number=1 threads=1 ramp-up=1 delayedStart=false
2020-05-08 13:56:39,554 INFO o.a.j.t.ThreadGroup: Started thread group number 1
2020-05-08 13:56:39,554 INFO o.a.j.e.StandardJMeterEngine: Waiting for all setup thread groups to exit
2020-05-08 13:56:39,554 INFO o.a.j.t.JMeterThread: Thread started: setUp Thread Group 1-1
2020-05-08 13:56:39,723 INFO o.a.j.t.JMeterThread: Thread is done: setUp Thread Group 1-1
2020-05-08 13:56:39,723 INFO o.a.j.t.JMeterThread: Thread finished: setUp Thread Group 1-1
2020-05-08 13:56:39,723 INFO o.a.j.e.StandardJMeterEngine: All Setup Threads have ended
2020-05-08 13:56:39,761 INFO o.a.j.e.StandardJMeterEngine: Starting ThreadGroup: 1 : Thread Group
2020-05-08 13:56:39,761 INFO o.a.j.e.StandardJMeterEngine: Starting 1 threads for group Thread Group.
2020-05-08 13:56:39,762 INFO o.a.j.e.StandardJMeterEngine: Thread will continue on error
2020-05-08 13:56:39,762 INFO o.a.j.t.ThreadGroup: Starting thread group... number=1 threads=1 ramp-up=1 delayedStart=false
2020-05-08 13:56:39,762 INFO o.a.j.t.ThreadGroup: Started thread group number 1
2020-05-08 13:56:39,762 INFO o.a.j.e.StandardJMeterEngine: All thread groups have been started
2020-05-08 13:56:39,763 INFO o.a.j.t.JMeterThread: Thread started: Thread Group 1-1
2020-05-08 13:56:39,838 INFO o.a.j.t.JMeterThread: Thread is done: Thread Group 1-1
2020-05-08 13:56:39,838 INFO o.a.j.t.JMeterThread: Thread finished: Thread Group 1-1
2020-05-08 13:56:39,838 INFO o.a.j.e.StandardJMeterEngine: Starting tearDown thread groups
2020-05-08 13:56:39,839 INFO o.a.j.e.StandardJMeterEngine: Starting tearDown ThreadGroup: 1 : tearDown Thread Group
2020-05-08 13:56:39,839 INFO o.a.j.e.StandardJMeterEngine: Starting 1 threads for group tearDown Thread Group.
2020-05-08 13:56:39,839 INFO o.a.j.e.StandardJMeterEngine: Thread will continue on error
2020-05-08 13:56:39,839 INFO o.a.j.t.ThreadGroup: Starting thread group... number=1 threads=1 ramp-up=1 delayedStart=false
2020-05-08 13:56:39,839 INFO o.a.j.t.ThreadGroup: Started thread group number 1
2020-05-08 13:56:39,840 INFO o.a.j.t.JMeterThread: Thread started: tearDown Thread Group 1-1
2020-05-08 13:56:39,856 INFO o.a.j.t.JMeterThread: Thread is done: tearDown Thread Group 1-1
2020-05-08 13:56:39,856 INFO o.a.j.t.JMeterThread: Thread finished: tearDown Thread Group 1-1
2020-05-08 13:56:39,856 INFO o.a.j.e.StandardJMeterEngine: Notifying test listeners of end of test
2020-05-08 13:56:39,858 INFO o.a.j.g.u.JMeterMenuBar: setRunning(false, *local*)
2020-05-08 13:57:25,745 INFO o.a.j.e.StandardJMeterEngine: Running the test!
2020-05-08 13:57:25,746 INFO o.a.j.s.SampleEvent: List of sample_variables: []
2020-05-08 13:57:25,749 ERROR o.a.j.u.BeanShellInterpreter: Error invoking bsh method: eval	In file: inline evaluation of: ``import org.apache.jmeter.services.FileServer fileserver.getFileServer().getBaseD . . . '' Encountered "fileserver" at line 1, column 46.

2020-05-08 13:57:25,750 WARN o.a.j.f.BeanShell: Error running BSH script
org.apache.jorphan.util.JMeterException: Error invoking bsh method: eval	In file: inline evaluation of: ``import org.apache.jmeter.services.FileServer fileserver.getFileServer().getBaseD . . . '' Encountered "fileserver" at line 1, column 46.

	at org.apache.jmeter.util.BeanShellInterpreter.bshInvoke(BeanShellInterpreter.java:180) ~[ApacheJMeter_core.jar:5.2.1]
	at org.apache.jmeter.util.BeanShellInterpreter.eval(BeanShellInterpreter.java:186) ~[ApacheJMeter_core.jar:5.2.1]
	at org.apache.jmeter.functions.BeanShell.execute(BeanShell.java:100) [ApacheJMeter_functions.jar:5.2.1]
	at org.apache.jmeter.engine.util.CompoundVariable.execute(CompoundVariable.java:136) [ApacheJMeter_core.jar:5.2.1]
	at org.apache.jmeter.engine.util.CompoundVariable.execute(CompoundVariable.java:111) [ApacheJMeter_core.jar:5.2.1]
	at org.apache.jmeter.testelement.property.FunctionProperty.getStringValue(FunctionProperty.java:92) [ApacheJMeter_core.jar:5.2.1]
	at org.apache.jmeter.testelement.AbstractTestElement.getPropertyAsString(AbstractTestElement.java:281) [ApacheJMeter_core.jar:5.2.1]
	at org.apache.jmeter.config.Argument.getValue(Argument.java:146) [ApacheJMeter_core.jar:5.2.1]
	at org.apache.jmeter.config.Arguments.getArgumentsAsMap(Arguments.java:94) [ApacheJMeter_core.jar:5.2.1]
	at org.apache.jmeter.engine.PreCompiler.createArgumentsMap(PreCompiler.java:114) [ApacheJMeter_core.jar:5.2.1]
	at org.apache.jmeter.engine.PreCompiler.addNode(PreCompiler.java:101) [ApacheJMeter_core.jar:5.2.1]
	at org.apache.jorphan.collections.HashTree.traverseInto(HashTree.java:994) [jorphan.jar:5.2.1]
	at org.apache.jorphan.collections.HashTree.traverse(HashTree.java:977) [jorphan.jar:5.2.1]
	at org.apache.jmeter.engine.StandardJMeterEngine.run(StandardJMeterEngine.java:362) [ApacheJMeter_core.jar:5.2.1]
	at java.lang.Thread.run(Thread.java:834) [?:?]
Caused by: java.lang.reflect.InvocationTargetException
	at jdk.internal.reflect.NativeMethodAccessorImpl.invoke0(Native Method) ~[?:?]
	at jdk.internal.reflect.NativeMethodAccessorImpl.invoke(NativeMethodAccessorImpl.java:62) ~[?:?]
	at jdk.internal.reflect.DelegatingMethodAccessorImpl.invoke(DelegatingMethodAccessorImpl.java:43) ~[?:?]
	at java.lang.reflect.Method.invoke(Method.java:566) ~[?:?]
	at org.apache.jmeter.util.BeanShellInterpreter.bshInvoke(BeanShellInterpreter.java:163) ~[ApacheJMeter_core.jar:5.2.1]
	... 14 more
Caused by: bsh.ParseException: In file: inline evaluation of: ``import org.apache.jmeter.services.FileServer fileserver.getFileServer().getBaseD . . . '' Encountered "fileserver" at line 1, column 46.

	at bsh.Parser.generateParseException(Parser.java:6106) ~[bsh-2.0b6.jar:2.0b6 2016-02-05 05:16:19]
	at bsh.Parser.jj_consume_token(Parser.java:5977) ~[bsh-2.0b6.jar:2.0b6 2016-02-05 05:16:19]
	at bsh.Parser.ImportDeclaration(Parser.java:480) ~[bsh-2.0b6.jar:2.0b6 2016-02-05 05:16:19]
	at bsh.Parser.BlockStatement(Parser.java:2823) ~[bsh-2.0b6.jar:2.0b6 2016-02-05 05:16:19]
	at bsh.Parser.Line(Parser.java:172) ~[bsh-2.0b6.jar:2.0b6 2016-02-05 05:16:19]
	at bsh.Interpreter.Line(Interpreter.java:1011) ~[bsh-2.0b6.jar:2.0b6 2016-02-05 05:16:19]
	at bsh.Interpreter.eval(Interpreter.java:641) ~[bsh-2.0b6.jar:2.0b6 2016-02-05 05:16:19]
	at bsh.Interpreter.eval(Interpreter.java:750) ~[bsh-2.0b6.jar:2.0b6 2016-02-05 05:16:19]
	at bsh.Interpreter.eval(Interpreter.java:739) ~[bsh-2.0b6.jar:2.0b6 2016-02-05 05:16:19]
	at jdk.internal.reflect.NativeMethodAccessorImpl.invoke0(Native Method) ~[?:?]
	at jdk.internal.reflect.NativeMethodAccessorImpl.invoke(NativeMethodAccessorImpl.java:62) ~[?:?]
	at jdk.internal.reflect.DelegatingMethodAccessorImpl.invoke(DelegatingMethodAccessorImpl.java:43) ~[?:?]
	at java.lang.reflect.Method.invoke(Method.java:566) ~[?:?]
	at org.apache.jmeter.util.BeanShellInterpreter.bshInvoke(BeanShellInterpreter.java:163) ~[ApacheJMeter_core.jar:5.2.1]
	... 14 more
2020-05-08 13:57:25,752 ERROR o.a.j.p.j.c.DataSourceElement: JDBC data source already defined for: sampleReq
2020-05-08 13:57:25,752 INFO o.a.j.g.u.JMeterMenuBar: setRunning(true, *local*)
2020-05-08 13:57:25,753 INFO o.a.j.e.StandardJMeterEngine: Starting setUp thread groups
2020-05-08 13:57:25,753 INFO o.a.j.e.StandardJMeterEngine: Starting setUp ThreadGroup: 1 : setUp Thread Group 
2020-05-08 13:57:25,753 INFO o.a.j.e.StandardJMeterEngine: Starting 1 threads for group setUp Thread Group.
2020-05-08 13:57:25,753 INFO o.a.j.e.StandardJMeterEngine: Thread will continue on error
2020-05-08 13:57:25,753 INFO o.a.j.t.ThreadGroup: Starting thread group... number=1 threads=1 ramp-up=1 delayedStart=false
2020-05-08 13:57:25,754 INFO o.a.j.t.ThreadGroup: Started thread group number 1
2020-05-08 13:57:25,754 INFO o.a.j.e.StandardJMeterEngine: Waiting for all setup thread groups to exit
2020-05-08 13:57:25,754 INFO o.a.j.t.JMeterThread: Thread started: setUp Thread Group 1-1
2020-05-08 13:57:25,783 INFO o.a.j.t.JMeterThread: Thread is done: setUp Thread Group 1-1
2020-05-08 13:57:25,784 INFO o.a.j.t.JMeterThread: Thread finished: setUp Thread Group 1-1
2020-05-08 13:57:25,784 INFO o.a.j.e.StandardJMeterEngine: All Setup Threads have ended
2020-05-08 13:57:25,823 INFO o.a.j.e.StandardJMeterEngine: Starting ThreadGroup: 1 : Thread Group
2020-05-08 13:57:25,823 INFO o.a.j.e.StandardJMeterEngine: Starting 1 threads for group Thread Group.
2020-05-08 13:57:25,823 INFO o.a.j.e.StandardJMeterEngine: Thread will continue on error
2020-05-08 13:57:25,823 INFO o.a.j.t.ThreadGroup: Starting thread group... number=1 threads=1 ramp-up=1 delayedStart=false
2020-05-08 13:57:25,824 INFO o.a.j.t.ThreadGroup: Started thread group number 1
2020-05-08 13:57:25,824 INFO o.a.j.e.StandardJMeterEngine: All thread groups have been started
2020-05-08 13:57:25,824 INFO o.a.j.t.JMeterThread: Thread started: Thread Group 1-1
2020-05-08 13:57:25,890 INFO o.a.j.t.JMeterThread: Thread is done: Thread Group 1-1
2020-05-08 13:57:25,890 INFO o.a.j.t.JMeterThread: Thread finished: Thread Group 1-1
2020-05-08 13:57:25,891 INFO o.a.j.e.StandardJMeterEngine: Starting tearDown thread groups
2020-05-08 13:57:25,891 INFO o.a.j.e.StandardJMeterEngine: Starting tearDown ThreadGroup: 1 : tearDown Thread Group
2020-05-08 13:57:25,891 INFO o.a.j.e.StandardJMeterEngine: Starting 1 threads for group tearDown Thread Group.
2020-05-08 13:57:25,891 INFO o.a.j.e.StandardJMeterEngine: Thread will continue on error
2020-05-08 13:57:25,891 INFO o.a.j.t.ThreadGroup: Starting thread group... number=1 threads=1 ramp-up=1 delayedStart=false
2020-05-08 13:57:25,892 INFO o.a.j.t.ThreadGroup: Started thread group number 1
2020-05-08 13:57:25,892 INFO o.a.j.t.JMeterThread: Thread started: tearDown Thread Group 1-1
2020-05-08 13:57:25,908 INFO o.a.j.t.JMeterThread: Thread is done: tearDown Thread Group 1-1
2020-05-08 13:57:25,909 INFO o.a.j.t.JMeterThread: Thread finished: tearDown Thread Group 1-1
2020-05-08 13:57:25,909 INFO o.a.j.e.StandardJMeterEngine: Notifying test listeners of end of test
2020-05-08 13:57:25,910 INFO o.a.j.g.u.JMeterMenuBar: setRunning(false, *local*)
2020-05-08 13:57:52,296 ERROR o.a.j.g.a.Save: Could not backup file! Backup directory does not exist, is not a directory or could not be created ! </opt/jmeter/backups>
2020-05-08 13:57:52,302 INFO o.a.j.e.StandardJMeterEngine: Running the test!
2020-05-08 13:57:52,303 INFO o.a.j.s.SampleEvent: List of sample_variables: []
2020-05-08 13:57:52,306 ERROR o.a.j.u.BeanShellInterpreter: Error invoking bsh method: eval	In file: inline evaluation of: ``import org.apache.jmeter.services.FileServer fileserver.getFileServer().getBaseD . . . '' Encountered "fileserver" at line 1, column 46.

2020-05-08 13:57:52,306 WARN o.a.j.f.BeanShell: Error running BSH script
org.apache.jorphan.util.JMeterException: Error invoking bsh method: eval	In file: inline evaluation of: ``import org.apache.jmeter.services.FileServer fileserver.getFileServer().getBaseD . . . '' Encountered "fileserver" at line 1, column 46.

	at org.apache.jmeter.util.BeanShellInterpreter.bshInvoke(BeanShellInterpreter.java:180) ~[ApacheJMeter_core.jar:5.2.1]
	at org.apache.jmeter.util.BeanShellInterpreter.eval(BeanShellInterpreter.java:186) ~[ApacheJMeter_core.jar:5.2.1]
	at org.apache.jmeter.functions.BeanShell.execute(BeanShell.java:100) [ApacheJMeter_functions.jar:5.2.1]
	at org.apache.jmeter.engine.util.CompoundVariable.execute(CompoundVariable.java:136) [ApacheJMeter_core.jar:5.2.1]
	at org.apache.jmeter.engine.util.CompoundVariable.execute(CompoundVariable.java:111) [ApacheJMeter_core.jar:5.2.1]
	at org.apache.jmeter.testelement.property.FunctionProperty.getStringValue(FunctionProperty.java:92) [ApacheJMeter_core.jar:5.2.1]
	at org.apache.jmeter.testelement.AbstractTestElement.getPropertyAsString(AbstractTestElement.java:281) [ApacheJMeter_core.jar:5.2.1]
	at org.apache.jmeter.config.Argument.getValue(Argument.java:146) [ApacheJMeter_core.jar:5.2.1]
	at org.apache.jmeter.config.Arguments.getArgumentsAsMap(Arguments.java:94) [ApacheJMeter_core.jar:5.2.1]
	at org.apache.jmeter.engine.PreCompiler.createArgumentsMap(PreCompiler.java:114) [ApacheJMeter_core.jar:5.2.1]
	at org.apache.jmeter.engine.PreCompiler.addNode(PreCompiler.java:101) [ApacheJMeter_core.jar:5.2.1]
	at org.apache.jorphan.collections.HashTree.traverseInto(HashTree.java:994) [jorphan.jar:5.2.1]
	at org.apache.jorphan.collections.HashTree.traverse(HashTree.java:977) [jorphan.jar:5.2.1]
	at org.apache.jmeter.engine.StandardJMeterEngine.run(StandardJMeterEngine.java:362) [ApacheJMeter_core.jar:5.2.1]
	at java.lang.Thread.run(Thread.java:834) [?:?]
Caused by: java.lang.reflect.InvocationTargetException
	at jdk.internal.reflect.NativeMethodAccessorImpl.invoke0(Native Method) ~[?:?]
	at jdk.internal.reflect.NativeMethodAccessorImpl.invoke(NativeMethodAccessorImpl.java:62) ~[?:?]
	at jdk.internal.reflect.DelegatingMethodAccessorImpl.invoke(DelegatingMethodAccessorImpl.java:43) ~[?:?]
	at java.lang.reflect.Method.invoke(Method.java:566) ~[?:?]
	at org.apache.jmeter.util.BeanShellInterpreter.bshInvoke(BeanShellInterpreter.java:163) ~[ApacheJMeter_core.jar:5.2.1]
	... 14 more
Caused by: bsh.ParseException: In file: inline evaluation of: ``import org.apache.jmeter.services.FileServer fileserver.getFileServer().getBaseD . . . '' Encountered "fileserver" at line 1, column 46.

	at bsh.Parser.generateParseException(Parser.java:6106) ~[bsh-2.0b6.jar:2.0b6 2016-02-05 05:16:19]
	at bsh.Parser.jj_consume_token(Parser.java:5977) ~[bsh-2.0b6.jar:2.0b6 2016-02-05 05:16:19]
	at bsh.Parser.ImportDeclaration(Parser.java:480) ~[bsh-2.0b6.jar:2.0b6 2016-02-05 05:16:19]
	at bsh.Parser.BlockStatement(Parser.java:2823) ~[bsh-2.0b6.jar:2.0b6 2016-02-05 05:16:19]
	at bsh.Parser.Line(Parser.java:172) ~[bsh-2.0b6.jar:2.0b6 2016-02-05 05:16:19]
	at bsh.Interpreter.Line(Interpreter.java:1011) ~[bsh-2.0b6.jar:2.0b6 2016-02-05 05:16:19]
	at bsh.Interpreter.eval(Interpreter.java:641) ~[bsh-2.0b6.jar:2.0b6 2016-02-05 05:16:19]
	at bsh.Interpreter.eval(Interpreter.java:750) ~[bsh-2.0b6.jar:2.0b6 2016-02-05 05:16:19]
	at bsh.Interpreter.eval(Interpreter.java:739) ~[bsh-2.0b6.jar:2.0b6 2016-02-05 05:16:19]
	at jdk.internal.reflect.NativeMethodAccessorImpl.invoke0(Native Method) ~[?:?]
	at jdk.internal.reflect.NativeMethodAccessorImpl.invoke(NativeMethodAccessorImpl.java:62) ~[?:?]
	at jdk.internal.reflect.DelegatingMethodAccessorImpl.invoke(DelegatingMethodAccessorImpl.java:43) ~[?:?]
	at java.lang.reflect.Method.invoke(Method.java:566) ~[?:?]
	at org.apache.jmeter.util.BeanShellInterpreter.bshInvoke(BeanShellInterpreter.java:163) ~[ApacheJMeter_core.jar:5.2.1]
	... 14 more
2020-05-08 13:57:52,311 ERROR o.a.j.p.j.c.DataSourceElement: JDBC data source already defined for: sampleReq
2020-05-08 13:57:52,311 INFO o.a.j.g.u.JMeterMenuBar: setRunning(true, *local*)
2020-05-08 13:57:52,311 INFO o.a.j.e.StandardJMeterEngine: Starting setUp thread groups
2020-05-08 13:57:52,311 INFO o.a.j.e.StandardJMeterEngine: Starting setUp ThreadGroup: 1 : setUp Thread Group 
2020-05-08 13:57:52,311 INFO o.a.j.e.StandardJMeterEngine: Starting 1 threads for group setUp Thread Group.
2020-05-08 13:57:52,311 INFO o.a.j.e.StandardJMeterEngine: Thread will continue on error
2020-05-08 13:57:52,311 INFO o.a.j.t.ThreadGroup: Starting thread group... number=1 threads=1 ramp-up=1 delayedStart=false
2020-05-08 13:57:52,312 INFO o.a.j.t.ThreadGroup: Started thread group number 1
2020-05-08 13:57:52,312 INFO o.a.j.e.StandardJMeterEngine: Waiting for all setup thread groups to exit
2020-05-08 13:57:52,312 INFO o.a.j.t.JMeterThread: Thread started: setUp Thread Group 1-1
2020-05-08 13:57:52,349 INFO o.a.j.t.JMeterThread: Thread is done: setUp Thread Group 1-1
2020-05-08 13:57:52,350 INFO o.a.j.t.JMeterThread: Thread finished: setUp Thread Group 1-1
2020-05-08 13:57:52,350 INFO o.a.j.e.StandardJMeterEngine: All Setup Threads have ended
2020-05-08 13:57:52,388 INFO o.a.j.e.StandardJMeterEngine: Starting ThreadGroup: 1 : Thread Group
2020-05-08 13:57:52,388 INFO o.a.j.e.StandardJMeterEngine: Starting 1 threads for group Thread Group.
2020-05-08 13:57:52,388 INFO o.a.j.e.StandardJMeterEngine: Thread will continue on error
2020-05-08 13:57:52,388 INFO o.a.j.t.ThreadGroup: Starting thread group... number=1 threads=1 ramp-up=1 delayedStart=false
2020-05-08 13:57:52,389 INFO o.a.j.t.ThreadGroup: Started thread group number 1
2020-05-08 13:57:52,389 INFO o.a.j.e.StandardJMeterEngine: All thread groups have been started
2020-05-08 13:57:52,389 INFO o.a.j.t.JMeterThread: Thread started: Thread Group 1-1
2020-05-08 13:57:52,449 INFO o.a.j.t.JMeterThread: Thread is done: Thread Group 1-1
2020-05-08 13:57:52,450 INFO o.a.j.t.JMeterThread: Thread finished: Thread Group 1-1
2020-05-08 13:57:52,450 INFO o.a.j.e.StandardJMeterEngine: Starting tearDown thread groups
2020-05-08 13:57:52,450 INFO o.a.j.e.StandardJMeterEngine: Starting tearDown ThreadGroup: 1 : tearDown Thread Group
2020-05-08 13:57:52,450 INFO o.a.j.e.StandardJMeterEngine: Starting 1 threads for group tearDown Thread Group.
2020-05-08 13:57:52,450 INFO o.a.j.e.StandardJMeterEngine: Thread will continue on error
2020-05-08 13:57:52,451 INFO o.a.j.t.ThreadGroup: Starting thread group... number=1 threads=1 ramp-up=1 delayedStart=false
2020-05-08 13:57:52,451 INFO o.a.j.t.ThreadGroup: Started thread group number 1
2020-05-08 13:57:52,451 INFO o.a.j.t.JMeterThread: Thread started: tearDown Thread Group 1-1
2020-05-08 13:57:52,468 INFO o.a.j.t.JMeterThread: Thread is done: tearDown Thread Group 1-1
2020-05-08 13:57:52,468 INFO o.a.j.t.JMeterThread: Thread finished: tearDown Thread Group 1-1
2020-05-08 13:57:52,468 INFO o.a.j.e.StandardJMeterEngine: Notifying test listeners of end of test
2020-05-08 13:57:52,469 INFO o.a.j.g.u.JMeterMenuBar: setRunning(false, *local*)
2020-05-08 13:58:35,816 INFO o.a.j.v.ViewResultsFullVisualizer: Add JavaFX to your Java installation if you want to use renderer: org.apache.jmeter.visualizers.RenderInBrowser
2020-05-08 13:58:35,845 INFO o.a.j.g.a.Load: Loading file: /home/pedro/Dropbox/3AnoLic/2Semestre/ES/es20tg_41-project/backend/jmeter/dashboard/WSGetDashboardPermissionsTest.jmx
2020-05-08 13:58:35,845 INFO o.a.j.s.FileServer: Set new base='/home/pedro/Dropbox/3AnoLic/2Semestre/ES/es20tg_41-project/backend/jmeter/dashboard'
2020-05-08 13:58:35,845 INFO o.a.j.s.SaveService: Loading file: /home/pedro/Dropbox/3AnoLic/2Semestre/ES/es20tg_41-project/backend/jmeter/dashboard/WSGetDashboardPermissionsTest.jmx
2020-05-08 13:58:35,874 INFO o.a.j.v.ViewResultsFullVisualizer: Add JavaFX to your Java installation if you want to use renderer: org.apache.jmeter.visualizers.RenderInBrowser
2020-05-08 13:58:35,905 INFO o.a.j.v.ViewResultsFullVisualizer: Add JavaFX to your Java installation if you want to use renderer: org.apache.jmeter.visualizers.RenderInBrowser
2020-05-08 13:58:35,936 INFO o.a.j.v.ViewResultsFullVisualizer: Add JavaFX to your Java installation if you want to use renderer: org.apache.jmeter.visualizers.RenderInBrowser
2020-05-08 13:58:35,954 INFO o.a.j.s.FileServer: Set new base='/home/pedro/Dropbox/3AnoLic/2Semestre/ES/es20tg_41-project/backend/jmeter/dashboard'
2020-05-08 14:01:47,176 ERROR o.a.j.g.a.Save: Could not backup file! Backup directory does not exist, is not a directory or could not be created ! </opt/jmeter/backups>
2020-05-08 14:01:47,186 INFO o.a.j.e.StandardJMeterEngine: Running the test!
2020-05-08 14:01:47,186 INFO o.a.j.s.SampleEvent: List of sample_variables: []
2020-05-08 14:01:47,190 ERROR o.a.j.u.BeanShellInterpreter: Error invoking bsh method: eval	In file: inline evaluation of: ``import org.apache.jmeter.services.FileServer fileserver.getFileServer().getBaseD . . . '' Encountered "fileserver" at line 1, column 46.

2020-05-08 14:01:47,190 WARN o.a.j.f.BeanShell: Error running BSH script
org.apache.jorphan.util.JMeterException: Error invoking bsh method: eval	In file: inline evaluation of: ``import org.apache.jmeter.services.FileServer fileserver.getFileServer().getBaseD . . . '' Encountered "fileserver" at line 1, column 46.

	at org.apache.jmeter.util.BeanShellInterpreter.bshInvoke(BeanShellInterpreter.java:180) ~[ApacheJMeter_core.jar:5.2.1]
	at org.apache.jmeter.util.BeanShellInterpreter.eval(BeanShellInterpreter.java:186) ~[ApacheJMeter_core.jar:5.2.1]
	at org.apache.jmeter.functions.BeanShell.execute(BeanShell.java:100) [ApacheJMeter_functions.jar:5.2.1]
	at org.apache.jmeter.engine.util.CompoundVariable.execute(CompoundVariable.java:136) [ApacheJMeter_core.jar:5.2.1]
	at org.apache.jmeter.engine.util.CompoundVariable.execute(CompoundVariable.java:111) [ApacheJMeter_core.jar:5.2.1]
	at org.apache.jmeter.testelement.property.FunctionProperty.getStringValue(FunctionProperty.java:92) [ApacheJMeter_core.jar:5.2.1]
	at org.apache.jmeter.testelement.AbstractTestElement.getPropertyAsString(AbstractTestElement.java:281) [ApacheJMeter_core.jar:5.2.1]
	at org.apache.jmeter.config.Argument.getValue(Argument.java:146) [ApacheJMeter_core.jar:5.2.1]
	at org.apache.jmeter.config.Arguments.getArgumentsAsMap(Arguments.java:94) [ApacheJMeter_core.jar:5.2.1]
	at org.apache.jmeter.engine.PreCompiler.createArgumentsMap(PreCompiler.java:114) [ApacheJMeter_core.jar:5.2.1]
	at org.apache.jmeter.engine.PreCompiler.addNode(PreCompiler.java:101) [ApacheJMeter_core.jar:5.2.1]
	at org.apache.jorphan.collections.HashTree.traverseInto(HashTree.java:994) [jorphan.jar:5.2.1]
	at org.apache.jorphan.collections.HashTree.traverse(HashTree.java:977) [jorphan.jar:5.2.1]
	at org.apache.jmeter.engine.StandardJMeterEngine.run(StandardJMeterEngine.java:362) [ApacheJMeter_core.jar:5.2.1]
	at java.lang.Thread.run(Thread.java:834) [?:?]
Caused by: java.lang.reflect.InvocationTargetException
	at jdk.internal.reflect.NativeMethodAccessorImpl.invoke0(Native Method) ~[?:?]
	at jdk.internal.reflect.NativeMethodAccessorImpl.invoke(NativeMethodAccessorImpl.java:62) ~[?:?]
	at jdk.internal.reflect.DelegatingMethodAccessorImpl.invoke(DelegatingMethodAccessorImpl.java:43) ~[?:?]
	at java.lang.reflect.Method.invoke(Method.java:566) ~[?:?]
	at org.apache.jmeter.util.BeanShellInterpreter.bshInvoke(BeanShellInterpreter.java:163) ~[ApacheJMeter_core.jar:5.2.1]
	... 14 more
Caused by: bsh.ParseException: In file: inline evaluation of: ``import org.apache.jmeter.services.FileServer fileserver.getFileServer().getBaseD . . . '' Encountered "fileserver" at line 1, column 46.

	at bsh.Parser.generateParseException(Parser.java:6106) ~[bsh-2.0b6.jar:2.0b6 2016-02-05 05:16:19]
	at bsh.Parser.jj_consume_token(Parser.java:5977) ~[bsh-2.0b6.jar:2.0b6 2016-02-05 05:16:19]
	at bsh.Parser.ImportDeclaration(Parser.java:480) ~[bsh-2.0b6.jar:2.0b6 2016-02-05 05:16:19]
	at bsh.Parser.BlockStatement(Parser.java:2823) ~[bsh-2.0b6.jar:2.0b6 2016-02-05 05:16:19]
	at bsh.Parser.Line(Parser.java:172) ~[bsh-2.0b6.jar:2.0b6 2016-02-05 05:16:19]
	at bsh.Interpreter.Line(Interpreter.java:1011) ~[bsh-2.0b6.jar:2.0b6 2016-02-05 05:16:19]
	at bsh.Interpreter.eval(Interpreter.java:641) ~[bsh-2.0b6.jar:2.0b6 2016-02-05 05:16:19]
	at bsh.Interpreter.eval(Interpreter.java:750) ~[bsh-2.0b6.jar:2.0b6 2016-02-05 05:16:19]
	at bsh.Interpreter.eval(Interpreter.java:739) ~[bsh-2.0b6.jar:2.0b6 2016-02-05 05:16:19]
	at jdk.internal.reflect.NativeMethodAccessorImpl.invoke0(Native Method) ~[?:?]
	at jdk.internal.reflect.NativeMethodAccessorImpl.invoke(NativeMethodAccessorImpl.java:62) ~[?:?]
	at jdk.internal.reflect.DelegatingMethodAccessorImpl.invoke(DelegatingMethodAccessorImpl.java:43) ~[?:?]
	at java.lang.reflect.Method.invoke(Method.java:566) ~[?:?]
	at org.apache.jmeter.util.BeanShellInterpreter.bshInvoke(BeanShellInterpreter.java:163) ~[ApacheJMeter_core.jar:5.2.1]
	... 14 more
2020-05-08 14:01:47,191 ERROR o.a.j.p.j.c.DataSourceElement: JDBC data source already defined for: sampleReq
2020-05-08 14:01:47,191 INFO o.a.j.g.u.JMeterMenuBar: setRunning(true, *local*)
2020-05-08 14:01:47,192 INFO o.a.j.e.StandardJMeterEngine: Starting setUp thread groups
2020-05-08 14:01:47,192 INFO o.a.j.e.StandardJMeterEngine: Starting setUp ThreadGroup: 1 : setUp Thread Group 
2020-05-08 14:01:47,192 INFO o.a.j.e.StandardJMeterEngine: Starting 1 threads for group setUp Thread Group.
2020-05-08 14:01:47,192 INFO o.a.j.e.StandardJMeterEngine: Thread will continue on error
2020-05-08 14:01:47,192 INFO o.a.j.t.ThreadGroup: Starting thread group... number=1 threads=1 ramp-up=1 delayedStart=false
2020-05-08 14:01:47,192 INFO o.a.j.t.ThreadGroup: Started thread group number 1
2020-05-08 14:01:47,192 INFO o.a.j.e.StandardJMeterEngine: Waiting for all setup thread groups to exit
2020-05-08 14:01:47,192 INFO o.a.j.t.JMeterThread: Thread started: setUp Thread Group 1-1
2020-05-08 14:01:47,215 INFO o.a.j.t.JMeterThread: Thread is done: setUp Thread Group 1-1
2020-05-08 14:01:47,216 INFO o.a.j.t.JMeterThread: Thread finished: setUp Thread Group 1-1
2020-05-08 14:01:47,216 INFO o.a.j.e.StandardJMeterEngine: All Setup Threads have ended
2020-05-08 14:01:47,256 INFO o.a.j.e.StandardJMeterEngine: Starting ThreadGroup: 1 : Thread Group
2020-05-08 14:01:47,256 INFO o.a.j.e.StandardJMeterEngine: Starting 1 threads for group Thread Group.
2020-05-08 14:01:47,256 INFO o.a.j.e.StandardJMeterEngine: Thread will continue on error
2020-05-08 14:01:47,256 INFO o.a.j.t.ThreadGroup: Starting thread group... number=1 threads=1 ramp-up=1 delayedStart=false
2020-05-08 14:01:47,256 INFO o.a.j.t.ThreadGroup: Started thread group number 1
2020-05-08 14:01:47,256 INFO o.a.j.e.StandardJMeterEngine: All thread groups have been started
2020-05-08 14:01:47,257 INFO o.a.j.t.JMeterThread: Thread started: Thread Group 1-1
2020-05-08 14:01:47,292 INFO o.a.j.t.JMeterThread: Thread is done: Thread Group 1-1
2020-05-08 14:01:47,292 INFO o.a.j.t.JMeterThread: Thread finished: Thread Group 1-1
2020-05-08 14:01:47,293 INFO o.a.j.e.StandardJMeterEngine: Starting tearDown thread groups
2020-05-08 14:01:47,293 INFO o.a.j.e.StandardJMeterEngine: Starting tearDown ThreadGroup: 1 : tearDown Thread Group
2020-05-08 14:01:47,293 INFO o.a.j.e.StandardJMeterEngine: Starting 1 threads for group tearDown Thread Group.
2020-05-08 14:01:47,293 INFO o.a.j.e.StandardJMeterEngine: Thread will continue on error
2020-05-08 14:01:47,293 INFO o.a.j.t.ThreadGroup: Starting thread group... number=1 threads=1 ramp-up=1 delayedStart=false
2020-05-08 14:01:47,294 INFO o.a.j.t.ThreadGroup: Started thread group number 1
2020-05-08 14:01:47,294 INFO o.a.j.t.JMeterThread: Thread started: tearDown Thread Group 1-1
2020-05-08 14:01:47,307 INFO o.a.j.t.JMeterThread: Thread is done: tearDown Thread Group 1-1
2020-05-08 14:01:47,307 INFO o.a.j.t.JMeterThread: Thread finished: tearDown Thread Group 1-1
2020-05-08 14:01:47,307 INFO o.a.j.e.StandardJMeterEngine: Notifying test listeners of end of test
2020-05-08 14:01:47,308 INFO o.a.j.g.u.JMeterMenuBar: setRunning(false, *local*)
2020-05-08 14:02:38,071 ERROR o.a.j.g.a.Save: Could not backup file! Backup directory does not exist, is not a directory or could not be created ! </opt/jmeter/backups>
2020-05-08 14:02:38,079 INFO o.a.j.e.StandardJMeterEngine: Running the test!
2020-05-08 14:02:38,080 INFO o.a.j.s.SampleEvent: List of sample_variables: []
2020-05-08 14:02:38,082 ERROR o.a.j.u.BeanShellInterpreter: Error invoking bsh method: eval	In file: inline evaluation of: ``import org.apache.jmeter.services.FileServer fileserver.getFileServer().getBaseD . . . '' Encountered "fileserver" at line 1, column 46.

2020-05-08 14:02:38,082 WARN o.a.j.f.BeanShell: Error running BSH script
org.apache.jorphan.util.JMeterException: Error invoking bsh method: eval	In file: inline evaluation of: ``import org.apache.jmeter.services.FileServer fileserver.getFileServer().getBaseD . . . '' Encountered "fileserver" at line 1, column 46.

	at org.apache.jmeter.util.BeanShellInterpreter.bshInvoke(BeanShellInterpreter.java:180) ~[ApacheJMeter_core.jar:5.2.1]
	at org.apache.jmeter.util.BeanShellInterpreter.eval(BeanShellInterpreter.java:186) ~[ApacheJMeter_core.jar:5.2.1]
	at org.apache.jmeter.functions.BeanShell.execute(BeanShell.java:100) [ApacheJMeter_functions.jar:5.2.1]
	at org.apache.jmeter.engine.util.CompoundVariable.execute(CompoundVariable.java:136) [ApacheJMeter_core.jar:5.2.1]
	at org.apache.jmeter.engine.util.CompoundVariable.execute(CompoundVariable.java:111) [ApacheJMeter_core.jar:5.2.1]
	at org.apache.jmeter.testelement.property.FunctionProperty.getStringValue(FunctionProperty.java:92) [ApacheJMeter_core.jar:5.2.1]
	at org.apache.jmeter.testelement.AbstractTestElement.getPropertyAsString(AbstractTestElement.java:281) [ApacheJMeter_core.jar:5.2.1]
	at org.apache.jmeter.config.Argument.getValue(Argument.java:146) [ApacheJMeter_core.jar:5.2.1]
	at org.apache.jmeter.config.Arguments.getArgumentsAsMap(Arguments.java:94) [ApacheJMeter_core.jar:5.2.1]
	at org.apache.jmeter.engine.PreCompiler.createArgumentsMap(PreCompiler.java:114) [ApacheJMeter_core.jar:5.2.1]
	at org.apache.jmeter.engine.PreCompiler.addNode(PreCompiler.java:101) [ApacheJMeter_core.jar:5.2.1]
	at org.apache.jorphan.collections.HashTree.traverseInto(HashTree.java:994) [jorphan.jar:5.2.1]
	at org.apache.jorphan.collections.HashTree.traverse(HashTree.java:977) [jorphan.jar:5.2.1]
	at org.apache.jmeter.engine.StandardJMeterEngine.run(StandardJMeterEngine.java:362) [ApacheJMeter_core.jar:5.2.1]
	at java.lang.Thread.run(Thread.java:834) [?:?]
Caused by: java.lang.reflect.InvocationTargetException
	at jdk.internal.reflect.NativeMethodAccessorImpl.invoke0(Native Method) ~[?:?]
	at jdk.internal.reflect.NativeMethodAccessorImpl.invoke(NativeMethodAccessorImpl.java:62) ~[?:?]
	at jdk.internal.reflect.DelegatingMethodAccessorImpl.invoke(DelegatingMethodAccessorImpl.java:43) ~[?:?]
	at java.lang.reflect.Method.invoke(Method.java:566) ~[?:?]
	at org.apache.jmeter.util.BeanShellInterpreter.bshInvoke(BeanShellInterpreter.java:163) ~[ApacheJMeter_core.jar:5.2.1]
	... 14 more
Caused by: bsh.ParseException: In file: inline evaluation of: ``import org.apache.jmeter.services.FileServer fileserver.getFileServer().getBaseD . . . '' Encountered "fileserver" at line 1, column 46.

	at bsh.Parser.generateParseException(Parser.java:6106) ~[bsh-2.0b6.jar:2.0b6 2016-02-05 05:16:19]
	at bsh.Parser.jj_consume_token(Parser.java:5977) ~[bsh-2.0b6.jar:2.0b6 2016-02-05 05:16:19]
	at bsh.Parser.ImportDeclaration(Parser.java:480) ~[bsh-2.0b6.jar:2.0b6 2016-02-05 05:16:19]
	at bsh.Parser.BlockStatement(Parser.java:2823) ~[bsh-2.0b6.jar:2.0b6 2016-02-05 05:16:19]
	at bsh.Parser.Line(Parser.java:172) ~[bsh-2.0b6.jar:2.0b6 2016-02-05 05:16:19]
	at bsh.Interpreter.Line(Interpreter.java:1011) ~[bsh-2.0b6.jar:2.0b6 2016-02-05 05:16:19]
	at bsh.Interpreter.eval(Interpreter.java:641) ~[bsh-2.0b6.jar:2.0b6 2016-02-05 05:16:19]
	at bsh.Interpreter.eval(Interpreter.java:750) ~[bsh-2.0b6.jar:2.0b6 2016-02-05 05:16:19]
	at bsh.Interpreter.eval(Interpreter.java:739) ~[bsh-2.0b6.jar:2.0b6 2016-02-05 05:16:19]
	at jdk.internal.reflect.NativeMethodAccessorImpl.invoke0(Native Method) ~[?:?]
	at jdk.internal.reflect.NativeMethodAccessorImpl.invoke(NativeMethodAccessorImpl.java:62) ~[?:?]
	at jdk.internal.reflect.DelegatingMethodAccessorImpl.invoke(DelegatingMethodAccessorImpl.java:43) ~[?:?]
	at java.lang.reflect.Method.invoke(Method.java:566) ~[?:?]
	at org.apache.jmeter.util.BeanShellInterpreter.bshInvoke(BeanShellInterpreter.java:163) ~[ApacheJMeter_core.jar:5.2.1]
	... 14 more
2020-05-08 14:02:38,083 ERROR o.a.j.p.j.c.DataSourceElement: JDBC data source already defined for: sampleReq
2020-05-08 14:02:38,083 INFO o.a.j.g.u.JMeterMenuBar: setRunning(true, *local*)
2020-05-08 14:02:38,083 INFO o.a.j.e.StandardJMeterEngine: Starting setUp thread groups
2020-05-08 14:02:38,084 INFO o.a.j.e.StandardJMeterEngine: Starting setUp ThreadGroup: 1 : setUp Thread Group 
2020-05-08 14:02:38,084 INFO o.a.j.e.StandardJMeterEngine: Starting 1 threads for group setUp Thread Group.
2020-05-08 14:02:38,084 INFO o.a.j.e.StandardJMeterEngine: Thread will continue on error
2020-05-08 14:02:38,084 INFO o.a.j.t.ThreadGroup: Starting thread group... number=1 threads=1 ramp-up=1 delayedStart=false
2020-05-08 14:02:38,084 INFO o.a.j.t.ThreadGroup: Started thread group number 1
2020-05-08 14:02:38,084 INFO o.a.j.e.StandardJMeterEngine: Waiting for all setup thread groups to exit
2020-05-08 14:02:38,084 INFO o.a.j.t.JMeterThread: Thread started: setUp Thread Group 1-1
2020-05-08 14:02:38,108 INFO o.a.j.t.JMeterThread: Thread is done: setUp Thread Group 1-1
2020-05-08 14:02:38,108 INFO o.a.j.t.JMeterThread: Thread finished: setUp Thread Group 1-1
2020-05-08 14:02:38,109 INFO o.a.j.e.StandardJMeterEngine: All Setup Threads have ended
2020-05-08 14:02:38,148 INFO o.a.j.e.StandardJMeterEngine: Starting ThreadGroup: 1 : Thread Group
2020-05-08 14:02:38,148 INFO o.a.j.e.StandardJMeterEngine: Starting 1 threads for group Thread Group.
2020-05-08 14:02:38,149 INFO o.a.j.e.StandardJMeterEngine: Thread will continue on error
2020-05-08 14:02:38,149 INFO o.a.j.t.ThreadGroup: Starting thread group... number=1 threads=1 ramp-up=1 delayedStart=false
2020-05-08 14:02:38,149 INFO o.a.j.t.ThreadGroup: Started thread group number 1
2020-05-08 14:02:38,149 INFO o.a.j.e.StandardJMeterEngine: All thread groups have been started
2020-05-08 14:02:38,149 INFO o.a.j.t.JMeterThread: Thread started: Thread Group 1-1
2020-05-08 14:02:38,181 INFO o.a.j.t.JMeterThread: Thread is done: Thread Group 1-1
2020-05-08 14:02:38,181 INFO o.a.j.t.JMeterThread: Thread finished: Thread Group 1-1
2020-05-08 14:02:38,181 INFO o.a.j.e.StandardJMeterEngine: Starting tearDown thread groups
2020-05-08 14:02:38,181 INFO o.a.j.e.StandardJMeterEngine: Starting tearDown ThreadGroup: 1 : tearDown Thread Group
2020-05-08 14:02:38,182 INFO o.a.j.e.StandardJMeterEngine: Starting 1 threads for group tearDown Thread Group.
2020-05-08 14:02:38,182 INFO o.a.j.e.StandardJMeterEngine: Thread will continue on error
2020-05-08 14:02:38,182 INFO o.a.j.t.ThreadGroup: Starting thread group... number=1 threads=1 ramp-up=1 delayedStart=false
2020-05-08 14:02:38,182 INFO o.a.j.t.ThreadGroup: Started thread group number 1
2020-05-08 14:02:38,183 INFO o.a.j.t.JMeterThread: Thread started: tearDown Thread Group 1-1
2020-05-08 14:02:38,200 INFO o.a.j.t.JMeterThread: Thread is done: tearDown Thread Group 1-1
2020-05-08 14:02:38,200 INFO o.a.j.t.JMeterThread: Thread finished: tearDown Thread Group 1-1
2020-05-08 14:02:38,200 INFO o.a.j.e.StandardJMeterEngine: Notifying test listeners of end of test
2020-05-08 14:02:38,201 INFO o.a.j.g.u.JMeterMenuBar: setRunning(false, *local*)
2020-05-08 14:03:33,475 INFO o.a.j.v.ViewResultsFullVisualizer: Add JavaFX to your Java installation if you want to use renderer: org.apache.jmeter.visualizers.RenderInBrowser
2020-05-08 14:03:33,494 INFO o.a.j.g.a.Load: Loading file: /home/pedro/Dropbox/3AnoLic/2Semestre/ES/es20tg_41-project/backend/jmeter/dashboard/WSUpdateDashboardPermissionsTest.jmx
2020-05-08 14:03:33,494 INFO o.a.j.s.FileServer: Set new base='/home/pedro/Dropbox/3AnoLic/2Semestre/ES/es20tg_41-project/backend/jmeter/dashboard'
2020-05-08 14:03:33,494 INFO o.a.j.s.SaveService: Loading file: /home/pedro/Dropbox/3AnoLic/2Semestre/ES/es20tg_41-project/backend/jmeter/dashboard/WSUpdateDashboardPermissionsTest.jmx
2020-05-08 14:03:33,532 INFO o.a.j.v.ViewResultsFullVisualizer: Add JavaFX to your Java installation if you want to use renderer: org.apache.jmeter.visualizers.RenderInBrowser
2020-05-08 14:03:33,559 INFO o.a.j.v.ViewResultsFullVisualizer: Add JavaFX to your Java installation if you want to use renderer: org.apache.jmeter.visualizers.RenderInBrowser
2020-05-08 14:03:33,576 INFO o.a.j.s.FileServer: Set new base='/home/pedro/Dropbox/3AnoLic/2Semestre/ES/es20tg_41-project/backend/jmeter/dashboard'
2020-05-08 14:06:49,930 ERROR o.a.j.g.a.Save: Could not backup file! Backup directory does not exist, is not a directory or could not be created ! </opt/jmeter/backups>
2020-05-08 14:06:49,940 INFO o.a.j.e.StandardJMeterEngine: Running the test!
2020-05-08 14:06:49,941 INFO o.a.j.s.SampleEvent: List of sample_variables: []
2020-05-08 14:06:49,943 ERROR o.a.j.u.BeanShellInterpreter: Error invoking bsh method: eval	In file: inline evaluation of: ``import org.apache.jmeter.services.FileServer fileserver.getFileServer().getBaseD . . . '' Encountered "fileserver" at line 1, column 46.

2020-05-08 14:06:49,943 WARN o.a.j.f.BeanShell: Error running BSH script
org.apache.jorphan.util.JMeterException: Error invoking bsh method: eval	In file: inline evaluation of: ``import org.apache.jmeter.services.FileServer fileserver.getFileServer().getBaseD . . . '' Encountered "fileserver" at line 1, column 46.

	at org.apache.jmeter.util.BeanShellInterpreter.bshInvoke(BeanShellInterpreter.java:180) ~[ApacheJMeter_core.jar:5.2.1]
	at org.apache.jmeter.util.BeanShellInterpreter.eval(BeanShellInterpreter.java:186) ~[ApacheJMeter_core.jar:5.2.1]
	at org.apache.jmeter.functions.BeanShell.execute(BeanShell.java:100) [ApacheJMeter_functions.jar:5.2.1]
	at org.apache.jmeter.engine.util.CompoundVariable.execute(CompoundVariable.java:136) [ApacheJMeter_core.jar:5.2.1]
	at org.apache.jmeter.engine.util.CompoundVariable.execute(CompoundVariable.java:111) [ApacheJMeter_core.jar:5.2.1]
	at org.apache.jmeter.testelement.property.FunctionProperty.getStringValue(FunctionProperty.java:92) [ApacheJMeter_core.jar:5.2.1]
	at org.apache.jmeter.testelement.AbstractTestElement.getPropertyAsString(AbstractTestElement.java:281) [ApacheJMeter_core.jar:5.2.1]
	at org.apache.jmeter.config.Argument.getValue(Argument.java:146) [ApacheJMeter_core.jar:5.2.1]
	at org.apache.jmeter.config.Arguments.getArgumentsAsMap(Arguments.java:94) [ApacheJMeter_core.jar:5.2.1]
	at org.apache.jmeter.engine.PreCompiler.createArgumentsMap(PreCompiler.java:114) [ApacheJMeter_core.jar:5.2.1]
	at org.apache.jmeter.engine.PreCompiler.addNode(PreCompiler.java:101) [ApacheJMeter_core.jar:5.2.1]
	at org.apache.jorphan.collections.HashTree.traverseInto(HashTree.java:994) [jorphan.jar:5.2.1]
	at org.apache.jorphan.collections.HashTree.traverse(HashTree.java:977) [jorphan.jar:5.2.1]
	at org.apache.jmeter.engine.StandardJMeterEngine.run(StandardJMeterEngine.java:362) [ApacheJMeter_core.jar:5.2.1]
	at java.lang.Thread.run(Thread.java:834) [?:?]
Caused by: java.lang.reflect.InvocationTargetException
	at jdk.internal.reflect.NativeMethodAccessorImpl.invoke0(Native Method) ~[?:?]
	at jdk.internal.reflect.NativeMethodAccessorImpl.invoke(NativeMethodAccessorImpl.java:62) ~[?:?]
	at jdk.internal.reflect.DelegatingMethodAccessorImpl.invoke(DelegatingMethodAccessorImpl.java:43) ~[?:?]
	at java.lang.reflect.Method.invoke(Method.java:566) ~[?:?]
	at org.apache.jmeter.util.BeanShellInterpreter.bshInvoke(BeanShellInterpreter.java:163) ~[ApacheJMeter_core.jar:5.2.1]
	... 14 more
Caused by: bsh.ParseException: In file: inline evaluation of: ``import org.apache.jmeter.services.FileServer fileserver.getFileServer().getBaseD . . . '' Encountered "fileserver" at line 1, column 46.

	at bsh.Parser.generateParseException(Parser.java:6106) ~[bsh-2.0b6.jar:2.0b6 2016-02-05 05:16:19]
	at bsh.Parser.jj_consume_token(Parser.java:5977) ~[bsh-2.0b6.jar:2.0b6 2016-02-05 05:16:19]
	at bsh.Parser.ImportDeclaration(Parser.java:480) ~[bsh-2.0b6.jar:2.0b6 2016-02-05 05:16:19]
	at bsh.Parser.BlockStatement(Parser.java:2823) ~[bsh-2.0b6.jar:2.0b6 2016-02-05 05:16:19]
	at bsh.Parser.Line(Parser.java:172) ~[bsh-2.0b6.jar:2.0b6 2016-02-05 05:16:19]
	at bsh.Interpreter.Line(Interpreter.java:1011) ~[bsh-2.0b6.jar:2.0b6 2016-02-05 05:16:19]
	at bsh.Interpreter.eval(Interpreter.java:641) ~[bsh-2.0b6.jar:2.0b6 2016-02-05 05:16:19]
	at bsh.Interpreter.eval(Interpreter.java:750) ~[bsh-2.0b6.jar:2.0b6 2016-02-05 05:16:19]
	at bsh.Interpreter.eval(Interpreter.java:739) ~[bsh-2.0b6.jar:2.0b6 2016-02-05 05:16:19]
	at jdk.internal.reflect.NativeMethodAccessorImpl.invoke0(Native Method) ~[?:?]
	at jdk.internal.reflect.NativeMethodAccessorImpl.invoke(NativeMethodAccessorImpl.java:62) ~[?:?]
	at jdk.internal.reflect.DelegatingMethodAccessorImpl.invoke(DelegatingMethodAccessorImpl.java:43) ~[?:?]
	at java.lang.reflect.Method.invoke(Method.java:566) ~[?:?]
	at org.apache.jmeter.util.BeanShellInterpreter.bshInvoke(BeanShellInterpreter.java:163) ~[ApacheJMeter_core.jar:5.2.1]
	... 14 more
2020-05-08 14:06:49,945 INFO o.a.j.g.u.JMeterMenuBar: setRunning(true, *local*)
2020-05-08 14:06:49,995 INFO o.a.j.e.StandardJMeterEngine: Starting ThreadGroup: 1 : Thread Group
2020-05-08 14:06:49,995 INFO o.a.j.e.StandardJMeterEngine: Starting 1 threads for group Thread Group.
2020-05-08 14:06:49,995 INFO o.a.j.e.StandardJMeterEngine: Thread will continue on error
2020-05-08 14:06:49,995 INFO o.a.j.t.ThreadGroup: Starting thread group... number=1 threads=1 ramp-up=1 delayedStart=false
2020-05-08 14:06:49,996 INFO o.a.j.t.ThreadGroup: Started thread group number 1
2020-05-08 14:06:49,996 INFO o.a.j.e.StandardJMeterEngine: All thread groups have been started
2020-05-08 14:06:49,996 INFO o.a.j.t.JMeterThread: Thread started: Thread Group 1-1
2020-05-08 14:06:50,085 INFO o.a.j.t.JMeterThread: Thread is done: Thread Group 1-1
2020-05-08 14:06:50,085 INFO o.a.j.t.JMeterThread: Thread finished: Thread Group 1-1
2020-05-08 14:06:50,085 INFO o.a.j.e.StandardJMeterEngine: Starting tearDown thread groups
2020-05-08 14:06:50,085 INFO o.a.j.e.StandardJMeterEngine: Starting tearDown ThreadGroup: 1 : tearDown Thread Group
2020-05-08 14:06:50,085 INFO o.a.j.e.StandardJMeterEngine: Starting 1 threads for group tearDown Thread Group.
2020-05-08 14:06:50,085 INFO o.a.j.e.StandardJMeterEngine: Thread will continue on error
2020-05-08 14:06:50,085 INFO o.a.j.t.ThreadGroup: Starting thread group... number=1 threads=1 ramp-up=1 delayedStart=false
2020-05-08 14:06:50,086 INFO o.a.j.t.ThreadGroup: Started thread group number 1
2020-05-08 14:06:50,086 INFO o.a.j.t.JMeterThread: Thread started: tearDown Thread Group 1-1
2020-05-08 14:06:50,125 INFO o.a.j.t.JMeterThread: Thread is done: tearDown Thread Group 1-1
2020-05-08 14:06:50,125 INFO o.a.j.t.JMeterThread: Thread finished: tearDown Thread Group 1-1
2020-05-08 14:06:50,125 INFO o.a.j.e.StandardJMeterEngine: Notifying test listeners of end of test
2020-05-08 14:06:50,126 INFO o.a.j.g.u.JMeterMenuBar: setRunning(false, *local*)
2020-05-08 14:07:21,158 ERROR o.a.j.g.a.Save: Could not backup file! Backup directory does not exist, is not a directory or could not be created ! </opt/jmeter/backups>
2020-05-08 14:07:21,164 INFO o.a.j.e.StandardJMeterEngine: Running the test!
2020-05-08 14:07:21,165 INFO o.a.j.s.SampleEvent: List of sample_variables: []
2020-05-08 14:07:21,168 ERROR o.a.j.u.BeanShellInterpreter: Error invoking bsh method: eval	In file: inline evaluation of: ``import org.apache.jmeter.services.FileServer fileserver.getFileServer().getBaseD . . . '' Encountered "fileserver" at line 1, column 46.

2020-05-08 14:07:21,168 WARN o.a.j.f.BeanShell: Error running BSH script
org.apache.jorphan.util.JMeterException: Error invoking bsh method: eval	In file: inline evaluation of: ``import org.apache.jmeter.services.FileServer fileserver.getFileServer().getBaseD . . . '' Encountered "fileserver" at line 1, column 46.

	at org.apache.jmeter.util.BeanShellInterpreter.bshInvoke(BeanShellInterpreter.java:180) ~[ApacheJMeter_core.jar:5.2.1]
	at org.apache.jmeter.util.BeanShellInterpreter.eval(BeanShellInterpreter.java:186) ~[ApacheJMeter_core.jar:5.2.1]
	at org.apache.jmeter.functions.BeanShell.execute(BeanShell.java:100) [ApacheJMeter_functions.jar:5.2.1]
	at org.apache.jmeter.engine.util.CompoundVariable.execute(CompoundVariable.java:136) [ApacheJMeter_core.jar:5.2.1]
	at org.apache.jmeter.engine.util.CompoundVariable.execute(CompoundVariable.java:111) [ApacheJMeter_core.jar:5.2.1]
	at org.apache.jmeter.testelement.property.FunctionProperty.getStringValue(FunctionProperty.java:92) [ApacheJMeter_core.jar:5.2.1]
	at org.apache.jmeter.testelement.AbstractTestElement.getPropertyAsString(AbstractTestElement.java:281) [ApacheJMeter_core.jar:5.2.1]
	at org.apache.jmeter.config.Argument.getValue(Argument.java:146) [ApacheJMeter_core.jar:5.2.1]
	at org.apache.jmeter.config.Arguments.getArgumentsAsMap(Arguments.java:94) [ApacheJMeter_core.jar:5.2.1]
	at org.apache.jmeter.engine.PreCompiler.createArgumentsMap(PreCompiler.java:114) [ApacheJMeter_core.jar:5.2.1]
	at org.apache.jmeter.engine.PreCompiler.addNode(PreCompiler.java:101) [ApacheJMeter_core.jar:5.2.1]
	at org.apache.jorphan.collections.HashTree.traverseInto(HashTree.java:994) [jorphan.jar:5.2.1]
	at org.apache.jorphan.collections.HashTree.traverse(HashTree.java:977) [jorphan.jar:5.2.1]
	at org.apache.jmeter.engine.StandardJMeterEngine.run(StandardJMeterEngine.java:362) [ApacheJMeter_core.jar:5.2.1]
	at java.lang.Thread.run(Thread.java:834) [?:?]
Caused by: java.lang.reflect.InvocationTargetException
	at jdk.internal.reflect.NativeMethodAccessorImpl.invoke0(Native Method) ~[?:?]
	at jdk.internal.reflect.NativeMethodAccessorImpl.invoke(NativeMethodAccessorImpl.java:62) ~[?:?]
	at jdk.internal.reflect.DelegatingMethodAccessorImpl.invoke(DelegatingMethodAccessorImpl.java:43) ~[?:?]
	at java.lang.reflect.Method.invoke(Method.java:566) ~[?:?]
	at org.apache.jmeter.util.BeanShellInterpreter.bshInvoke(BeanShellInterpreter.java:163) ~[ApacheJMeter_core.jar:5.2.1]
	... 14 more
Caused by: bsh.ParseException: In file: inline evaluation of: ``import org.apache.jmeter.services.FileServer fileserver.getFileServer().getBaseD . . . '' Encountered "fileserver" at line 1, column 46.

	at bsh.Parser.generateParseException(Parser.java:6106) ~[bsh-2.0b6.jar:2.0b6 2016-02-05 05:16:19]
	at bsh.Parser.jj_consume_token(Parser.java:5977) ~[bsh-2.0b6.jar:2.0b6 2016-02-05 05:16:19]
	at bsh.Parser.ImportDeclaration(Parser.java:480) ~[bsh-2.0b6.jar:2.0b6 2016-02-05 05:16:19]
	at bsh.Parser.BlockStatement(Parser.java:2823) ~[bsh-2.0b6.jar:2.0b6 2016-02-05 05:16:19]
	at bsh.Parser.Line(Parser.java:172) ~[bsh-2.0b6.jar:2.0b6 2016-02-05 05:16:19]
	at bsh.Interpreter.Line(Interpreter.java:1011) ~[bsh-2.0b6.jar:2.0b6 2016-02-05 05:16:19]
	at bsh.Interpreter.eval(Interpreter.java:641) ~[bsh-2.0b6.jar:2.0b6 2016-02-05 05:16:19]
	at bsh.Interpreter.eval(Interpreter.java:750) ~[bsh-2.0b6.jar:2.0b6 2016-02-05 05:16:19]
	at bsh.Interpreter.eval(Interpreter.java:739) ~[bsh-2.0b6.jar:2.0b6 2016-02-05 05:16:19]
	at jdk.internal.reflect.NativeMethodAccessorImpl.invoke0(Native Method) ~[?:?]
	at jdk.internal.reflect.NativeMethodAccessorImpl.invoke(NativeMethodAccessorImpl.java:62) ~[?:?]
	at jdk.internal.reflect.DelegatingMethodAccessorImpl.invoke(DelegatingMethodAccessorImpl.java:43) ~[?:?]
	at java.lang.reflect.Method.invoke(Method.java:566) ~[?:?]
	at org.apache.jmeter.util.BeanShellInterpreter.bshInvoke(BeanShellInterpreter.java:163) ~[ApacheJMeter_core.jar:5.2.1]
	... 14 more
2020-05-08 14:07:21,169 INFO o.a.j.g.u.JMeterMenuBar: setRunning(true, *local*)
2020-05-08 14:07:21,172 INFO o.a.j.e.StandardJMeterEngine: Starting ThreadGroup: 1 : Thread Group
2020-05-08 14:07:21,172 INFO o.a.j.e.StandardJMeterEngine: Starting 1 threads for group Thread Group.
2020-05-08 14:07:21,172 INFO o.a.j.e.StandardJMeterEngine: Thread will continue on error
2020-05-08 14:07:21,172 INFO o.a.j.t.ThreadGroup: Starting thread group... number=1 threads=1 ramp-up=1 delayedStart=false
2020-05-08 14:07:21,172 INFO o.a.j.t.ThreadGroup: Started thread group number 1
2020-05-08 14:07:21,173 INFO o.a.j.e.StandardJMeterEngine: All thread groups have been started
2020-05-08 14:07:21,173 INFO o.a.j.t.JMeterThread: Thread started: Thread Group 1-1
2020-05-08 14:07:21,219 INFO o.a.j.t.JMeterThread: Thread is done: Thread Group 1-1
2020-05-08 14:07:21,219 INFO o.a.j.t.JMeterThread: Thread finished: Thread Group 1-1
2020-05-08 14:07:21,219 INFO o.a.j.e.StandardJMeterEngine: Starting tearDown thread groups
2020-05-08 14:07:21,219 INFO o.a.j.e.StandardJMeterEngine: Starting tearDown ThreadGroup: 1 : tearDown Thread Group
2020-05-08 14:07:21,219 INFO o.a.j.e.StandardJMeterEngine: Starting 1 threads for group tearDown Thread Group.
2020-05-08 14:07:21,219 INFO o.a.j.e.StandardJMeterEngine: Thread will continue on error
2020-05-08 14:07:21,219 INFO o.a.j.t.ThreadGroup: Starting thread group... number=1 threads=1 ramp-up=1 delayedStart=false
2020-05-08 14:07:21,220 INFO o.a.j.t.ThreadGroup: Started thread group number 1
2020-05-08 14:07:21,220 INFO o.a.j.t.JMeterThread: Thread started: tearDown Thread Group 1-1
2020-05-08 14:07:21,234 INFO o.a.j.t.JMeterThread: Thread is done: tearDown Thread Group 1-1
2020-05-08 14:07:21,234 INFO o.a.j.t.JMeterThread: Thread finished: tearDown Thread Group 1-1
2020-05-08 14:07:21,234 INFO o.a.j.e.StandardJMeterEngine: Notifying test listeners of end of test
2020-05-08 14:07:21,235 INFO o.a.j.g.u.JMeterMenuBar: setRunning(false, *local*)
