2020-05-07 21:31:30,516 INFO o.a.j.u.JMeterUtils: Setting Locale to en_EN
2020-05-07 21:31:30,579 INFO o.a.j.JMeter: Loading user properties from: /mnt/c/Users/Filipe/AppData/Local/apache-jmeter-5.2.1/bin/user.properties
2020-05-07 21:31:30,589 INFO o.a.j.JMeter: Loading system properties from: /mnt/c/Users/Filipe/AppData/Local/apache-jmeter-5.2.1/bin/system.properties
2020-05-07 21:31:30,591 INFO o.a.j.JMeter: Copyright (c) 1998-2019 The Apache Software Foundation
2020-05-07 21:31:30,591 INFO o.a.j.JMeter: Version 5.2.1
2020-05-07 21:31:30,591 INFO o.a.j.JMeter: java.version=11.0.6
2020-05-07 21:31:30,592 INFO o.a.j.JMeter: java.vm.name=OpenJDK 64-Bit Server VM
2020-05-07 21:31:30,592 INFO o.a.j.JMeter: os.name=Linux
2020-05-07 21:31:30,592 INFO o.a.j.JMeter: os.arch=amd64
2020-05-07 21:31:30,592 INFO o.a.j.JMeter: os.version=4.4.0-18362-Microsoft
2020-05-07 21:31:30,592 INFO o.a.j.JMeter: file.encoding=UTF-8
2020-05-07 21:31:30,592 INFO o.a.j.JMeter: java.awt.headless=null
2020-05-07 21:31:30,593 INFO o.a.j.JMeter: Max memory     =1073741824
2020-05-07 21:31:30,593 INFO o.a.j.JMeter: Available Processors =4
2020-05-07 21:31:30,609 INFO o.a.j.JMeter: Default Locale=English (EN)
2020-05-07 21:31:30,609 INFO o.a.j.JMeter: JMeter  Locale=English (EN)
2020-05-07 21:31:30,609 INFO o.a.j.JMeter: JMeterHome=/mnt/c/Users/Filipe/AppData/Local/apache-jmeter-5.2.1
2020-05-07 21:31:30,609 INFO o.a.j.JMeter: user.dir  =/mnt/c/Users/Filipe/Desktop/ES/es20tg_41-project
2020-05-07 21:31:30,610 INFO o.a.j.JMeter: PWD       =/mnt/c/Users/Filipe/Desktop/ES/es20tg_41-project
2020-05-07 21:31:30,611 INFO o.a.j.JMeter: IP: 127.0.1.1 Name: LAPTOP-O7714KFU FullName: LAPTOP-O7714KFU.localdomain
2020-05-07 21:31:31,504 INFO o.a.j.g.a.LookAndFeelCommand: Installing Darcula LAF
2020-05-07 21:31:31,538 INFO o.a.j.g.a.LookAndFeelCommand: Using look and feel: com.bulenkov.darcula.DarculaLaf [Darcula]
2020-05-07 21:31:31,538 INFO o.a.j.JMeter: Setting LAF to: com.bulenkov.darcula.DarculaLaf
2020-05-07 21:31:31,710 INFO o.a.j.JMeter: Loaded icon properties from org/apache/jmeter/images/icon.properties
2020-05-07 21:31:34,779 INFO o.a.j.p.h.s.HTTPSamplerBase: Parser for text/html is org.apache.jmeter.protocol.http.parser.LagartoBasedHtmlParser
2020-05-07 21:31:34,779 INFO o.a.j.p.h.s.HTTPSamplerBase: Parser for application/xhtml+xml is org.apache.jmeter.protocol.http.parser.LagartoBasedHtmlParser
2020-05-07 21:31:34,780 INFO o.a.j.p.h.s.HTTPSamplerBase: Parser for application/xml is org.apache.jmeter.protocol.http.parser.LagartoBasedHtmlParser
2020-05-07 21:31:34,780 INFO o.a.j.p.h.s.HTTPSamplerBase: Parser for text/xml is org.apache.jmeter.protocol.http.parser.LagartoBasedHtmlParser
2020-05-07 21:31:34,780 INFO o.a.j.p.h.s.HTTPSamplerBase: Parser for text/vnd.wap.wml is org.apache.jmeter.protocol.http.parser.RegexpHTMLParser
2020-05-07 21:31:34,780 INFO o.a.j.p.h.s.HTTPSamplerBase: Parser for text/css is org.apache.jmeter.protocol.http.parser.CssParser
2020-05-07 21:31:35,329 INFO o.a.j.e.KeyToolUtils: keytool found at 'keytool'
2020-05-07 21:31:35,330 INFO o.a.j.p.h.p.ProxyControl: HTTP(S) Test Script Recorder SSL Proxy will use keys that support embedded 3rd party resources in file /mnt/c/Users/Filipe/AppData/Local/apache-jmeter-5.2.1/bin/proxyserver.jks
2020-05-07 21:31:35,624 INFO o.a.j.s.FileServer: Default base='/mnt/c/Users/Filipe/Desktop/ES/es20tg_41-project'
2020-05-07 21:31:36,218 INFO o.a.j.s.SampleResult: Note: Sample TimeStamps are START times
2020-05-07 21:31:36,218 INFO o.a.j.s.SampleResult: sampleresult.default.encoding is set to ISO-8859-1
2020-05-07 21:31:36,218 INFO o.a.j.s.SampleResult: sampleresult.useNanoTime=true
2020-05-07 21:31:36,219 INFO o.a.j.s.SampleResult: sampleresult.nanoThreadSleep=5000
2020-05-07 21:31:36,262 INFO o.a.j.v.ViewResultsFullVisualizer: Add JavaFX to your Java installation if you want to use renderer: org.apache.jmeter.visualizers.RenderInBrowser
