2020-05-04 01:00:14,843 INFO o.a.j.u.JMeterUtils: Setting Locale to en_EN
2020-05-04 01:00:14,911 INFO o.a.j.JMeter: Loading user properties from: /opt/jmeter/bin/user.properties
2020-05-04 01:00:14,918 INFO o.a.j.JMeter: Loading system properties from: /opt/jmeter/bin/system.properties
2020-05-04 01:00:14,919 INFO o.a.j.JMeter: Copyright (c) 1998-2019 The Apache Software Foundation
2020-05-04 01:00:14,919 INFO o.a.j.JMeter: Version 5.2.1
2020-05-04 01:00:14,919 INFO o.a.j.JMeter: java.version=11.0.6
2020-05-04 01:00:14,920 INFO o.a.j.JMeter: java.vm.name=OpenJDK 64-Bit Server VM
2020-05-04 01:00:14,920 INFO o.a.j.JMeter: os.name=Linux
2020-05-04 01:00:14,920 INFO o.a.j.JMeter: os.arch=amd64
2020-05-04 01:00:14,920 INFO o.a.j.JMeter: os.version=4.15.0-88-generic
2020-05-04 01:00:14,920 INFO o.a.j.JMeter: file.encoding=UTF-8
2020-05-04 01:00:14,920 INFO o.a.j.JMeter: java.awt.headless=null
2020-05-04 01:00:14,920 INFO o.a.j.JMeter: Max memory     =1073741824
2020-05-04 01:00:14,920 INFO o.a.j.JMeter: Available Processors =8
2020-05-04 01:00:14,954 INFO o.a.j.JMeter: Default Locale=English (EN)
2020-05-04 01:00:14,954 INFO o.a.j.JMeter: JMeter  Locale=English (EN)
2020-05-04 01:00:14,954 INFO o.a.j.JMeter: JMeterHome=/opt/jmeter
2020-05-04 01:00:14,955 INFO o.a.j.JMeter: user.dir  =/home/pedro/Dropbox/3AnoLic/2Semestre/ES/es20tg_41-project/backend/jmeter
2020-05-04 01:00:14,955 INFO o.a.j.JMeter: PWD       =/home/pedro/Dropbox/3AnoLic/2Semestre/ES/es20tg_41-project/backend/jmeter
2020-05-04 01:00:14,955 INFO o.a.j.JMeter: IP: 127.0.1.1 Name: pedro-X550JK FullName: pedro-X550JK
2020-05-04 01:00:15,998 INFO o.a.j.g.a.LookAndFeelCommand: Installing Darcula LAF
2020-05-04 01:00:16,199 INFO o.a.j.g.a.LookAndFeelCommand: Using look and feel: com.bulenkov.darcula.DarculaLaf [Darcula]
2020-05-04 01:00:16,199 INFO o.a.j.JMeter: Setting LAF to: com.bulenkov.darcula.DarculaLaf
2020-05-04 01:00:16,355 INFO o.a.j.JMeter: Loaded icon properties from org/apache/jmeter/images/icon.properties
2020-05-04 01:00:21,479 INFO o.a.j.p.h.s.HTTPSamplerBase: Parser for text/html is org.apache.jmeter.protocol.http.parser.LagartoBasedHtmlParser
2020-05-04 01:00:21,480 INFO o.a.j.p.h.s.HTTPSamplerBase: Parser for application/xhtml+xml is org.apache.jmeter.protocol.http.parser.LagartoBasedHtmlParser
2020-05-04 01:00:21,480 INFO o.a.j.p.h.s.HTTPSamplerBase: Parser for application/xml is org.apache.jmeter.protocol.http.parser.LagartoBasedHtmlParser
2020-05-04 01:00:21,480 INFO o.a.j.p.h.s.HTTPSamplerBase: Parser for text/xml is org.apache.jmeter.protocol.http.parser.LagartoBasedHtmlParser
2020-05-04 01:00:21,480 INFO o.a.j.p.h.s.HTTPSamplerBase: Parser for text/vnd.wap.wml is org.apache.jmeter.protocol.http.parser.RegexpHTMLParser
2020-05-04 01:00:21,480 INFO o.a.j.p.h.s.HTTPSamplerBase: Parser for text/css is org.apache.jmeter.protocol.http.parser.CssParser
2020-05-04 01:00:21,845 INFO o.a.j.e.KeyToolUtils: keytool found at 'keytool'
2020-05-04 01:00:21,846 INFO o.a.j.p.h.p.ProxyControl: HTTP(S) Test Script Recorder SSL Proxy will use keys that support embedded 3rd party resources in file /opt/jmeter/bin/proxyserver.jks
2020-05-04 01:00:21,957 INFO o.a.j.s.FileServer: Default base='/home/pedro/Dropbox/3AnoLic/2Semestre/ES/es20tg_41-project/backend/jmeter'
2020-05-04 01:00:22,385 INFO o.a.j.s.SampleResult: Note: Sample TimeStamps are START times
2020-05-04 01:00:22,385 INFO o.a.j.s.SampleResult: sampleresult.default.encoding is set to ISO-8859-1
2020-05-04 01:00:22,385 INFO o.a.j.s.SampleResult: sampleresult.useNanoTime=true
2020-05-04 01:00:22,386 INFO o.a.j.s.SampleResult: sampleresult.nanoThreadSleep=5000
2020-05-04 01:00:22,402 INFO o.a.j.v.ViewResultsFullVisualizer: Add JavaFX to your Java installation if you want to use renderer: org.apache.jmeter.visualizers.RenderInBrowser
2020-05-04 01:00:35,766 INFO o.a.j.g.a.Load: Loading file: /home/pedro/Dropbox/3AnoLic/2Semestre/ES/es20tg_41-project/backend/jmeter/discussion/WSCreateCommentTest.jmx
2020-05-04 01:00:35,766 INFO o.a.j.s.FileServer: Set new base='/home/pedro/Dropbox/3AnoLic/2Semestre/ES/es20tg_41-project/backend/jmeter/discussion'
2020-05-04 01:00:35,929 INFO o.a.j.s.SaveService: Testplan (JMX) version: 2.2. Testlog (JTL) version: 2.2
2020-05-04 01:00:35,955 INFO o.a.j.s.SaveService: Using SaveService properties version 5.0
2020-05-04 01:00:35,957 INFO o.a.j.s.SaveService: Using SaveService properties file encoding UTF-8
2020-05-04 01:00:35,960 INFO o.a.j.s.SaveService: Loading file: /home/pedro/Dropbox/3AnoLic/2Semestre/ES/es20tg_41-project/backend/jmeter/discussion/WSCreateCommentTest.jmx
2020-05-04 01:00:36,130 INFO o.a.j.v.ViewResultsFullVisualizer: Add JavaFX to your Java installation if you want to use renderer: org.apache.jmeter.visualizers.RenderInBrowser
2020-05-04 01:00:36,189 INFO o.a.j.v.ViewResultsFullVisualizer: Add JavaFX to your Java installation if you want to use renderer: org.apache.jmeter.visualizers.RenderInBrowser
2020-05-04 01:00:36,229 INFO o.a.j.v.ViewResultsFullVisualizer: Add JavaFX to your Java installation if you want to use renderer: org.apache.jmeter.visualizers.RenderInBrowser
2020-05-04 01:00:36,252 INFO o.a.j.s.FileServer: Set new base='/home/pedro/Dropbox/3AnoLic/2Semestre/ES/es20tg_41-project/backend/jmeter/discussion'
2020-05-04 01:06:04,987 ERROR o.a.j.g.a.Save: Could not backup file! Backup directory does not exist, is not a directory or could not be created ! </opt/jmeter/backups>
2020-05-04 01:06:05,036 INFO o.a.j.e.StandardJMeterEngine: Running the test!
2020-05-04 01:06:05,038 INFO o.a.j.s.SampleEvent: List of sample_variables: []
2020-05-04 01:06:05,038 INFO o.a.j.s.SampleEvent: List of sample_variables: []
2020-05-04 01:06:05,039 INFO o.a.j.e.u.CompoundVariable: Note: Function class names must contain the string: '.functions.'
2020-05-04 01:06:05,039 INFO o.a.j.e.u.CompoundVariable: Note: Function class names must not contain the string: '.gui.'
2020-05-04 01:06:05,450 ERROR o.a.j.u.BeanShellInterpreter: Error invoking bsh method: eval	In file: inline evaluation of: ``import org.apache.jmeter.services.FileServer fileserver.getFileServer().getBaseD . . . '' Encountered "fileserver" at line 1, column 46.

2020-05-04 01:06:05,451 WARN o.a.j.f.BeanShell: Error running BSH script
org.apache.jorphan.util.JMeterException: Error invoking bsh method: eval	In file: inline evaluation of: ``import org.apache.jmeter.services.FileServer fileserver.getFileServer().getBaseD . . . '' Encountered "fileserver" at line 1, column 46.

	at org.apache.jmeter.util.BeanShellInterpreter.bshInvoke(BeanShellInterpreter.java:180) ~[ApacheJMeter_core.jar:5.2.1]
	at org.apache.jmeter.util.BeanShellInterpreter.eval(BeanShellInterpreter.java:186) ~[ApacheJMeter_core.jar:5.2.1]
	at org.apache.jmeter.functions.BeanShell.execute(BeanShell.java:100) [ApacheJMeter_functions.jar:5.2.1]
	at org.apache.jmeter.engine.util.CompoundVariable.execute(CompoundVariable.java:136) [ApacheJMeter_core.jar:5.2.1]
	at org.apache.jmeter.engine.util.CompoundVariable.execute(CompoundVariable.java:111) [ApacheJMeter_core.jar:5.2.1]
	at org.apache.jmeter.testelement.property.FunctionProperty.getStringValue(FunctionProperty.java:92) [ApacheJMeter_core.jar:5.2.1]
	at org.apache.jmeter.testelement.AbstractTestElement.getPropertyAsString(AbstractTestElement.java:281) [ApacheJMeter_core.jar:5.2.1]
	at org.apache.jmeter.config.Argument.getValue(Argument.java:146) [ApacheJMeter_core.jar:5.2.1]
	at org.apache.jmeter.config.Arguments.getArgumentsAsMap(Arguments.java:94) [ApacheJMeter_core.jar:5.2.1]
	at org.apache.jmeter.engine.PreCompiler.createArgumentsMap(PreCompiler.java:114) [ApacheJMeter_core.jar:5.2.1]
	at org.apache.jmeter.engine.PreCompiler.addNode(PreCompiler.java:101) [ApacheJMeter_core.jar:5.2.1]
	at org.apache.jorphan.collections.HashTree.traverseInto(HashTree.java:994) [jorphan.jar:5.2.1]
	at org.apache.jorphan.collections.HashTree.traverse(HashTree.java:977) [jorphan.jar:5.2.1]
	at org.apache.jmeter.engine.StandardJMeterEngine.run(StandardJMeterEngine.java:362) [ApacheJMeter_core.jar:5.2.1]
	at java.lang.Thread.run(Thread.java:834) [?:?]
Caused by: java.lang.reflect.InvocationTargetException
	at jdk.internal.reflect.NativeMethodAccessorImpl.invoke0(Native Method) ~[?:?]
	at jdk.internal.reflect.NativeMethodAccessorImpl.invoke(NativeMethodAccessorImpl.java:62) ~[?:?]
	at jdk.internal.reflect.DelegatingMethodAccessorImpl.invoke(DelegatingMethodAccessorImpl.java:43) ~[?:?]
	at java.lang.reflect.Method.invoke(Method.java:566) ~[?:?]
	at org.apache.jmeter.util.BeanShellInterpreter.bshInvoke(BeanShellInterpreter.java:163) ~[ApacheJMeter_core.jar:5.2.1]
	... 14 more
Caused by: bsh.ParseException: In file: inline evaluation of: ``import org.apache.jmeter.services.FileServer fileserver.getFileServer().getBaseD . . . '' Encountered "fileserver" at line 1, column 46.

	at bsh.Parser.generateParseException(Parser.java:6106) ~[bsh-2.0b6.jar:2.0b6 2016-02-05 05:16:19]
	at bsh.Parser.jj_consume_token(Parser.java:5977) ~[bsh-2.0b6.jar:2.0b6 2016-02-05 05:16:19]
	at bsh.Parser.ImportDeclaration(Parser.java:480) ~[bsh-2.0b6.jar:2.0b6 2016-02-05 05:16:19]
	at bsh.Parser.BlockStatement(Parser.java:2823) ~[bsh-2.0b6.jar:2.0b6 2016-02-05 05:16:19]
	at bsh.Parser.Line(Parser.java:172) ~[bsh-2.0b6.jar:2.0b6 2016-02-05 05:16:19]
	at bsh.Interpreter.Line(Interpreter.java:1011) ~[bsh-2.0b6.jar:2.0b6 2016-02-05 05:16:19]
	at bsh.Interpreter.eval(Interpreter.java:641) ~[bsh-2.0b6.jar:2.0b6 2016-02-05 05:16:19]
	at bsh.Interpreter.eval(Interpreter.java:750) ~[bsh-2.0b6.jar:2.0b6 2016-02-05 05:16:19]
	at bsh.Interpreter.eval(Interpreter.java:739) ~[bsh-2.0b6.jar:2.0b6 2016-02-05 05:16:19]
	at jdk.internal.reflect.NativeMethodAccessorImpl.invoke0(Native Method) ~[?:?]
	at jdk.internal.reflect.NativeMethodAccessorImpl.invoke(NativeMethodAccessorImpl.java:62) ~[?:?]
	at jdk.internal.reflect.DelegatingMethodAccessorImpl.invoke(DelegatingMethodAccessorImpl.java:43) ~[?:?]
	at java.lang.reflect.Method.invoke(Method.java:566) ~[?:?]
	at org.apache.jmeter.util.BeanShellInterpreter.bshInvoke(BeanShellInterpreter.java:163) ~[ApacheJMeter_core.jar:5.2.1]
	... 14 more
2020-05-04 01:06:05,458 ERROR o.a.j.p.j.c.DataSourceElement: JDBC data source already defined for: sampleReq
2020-05-04 01:06:05,459 INFO o.a.j.g.u.JMeterMenuBar: setRunning(true, *local*)
2020-05-04 01:06:05,460 INFO o.a.j.e.StandardJMeterEngine: Starting setUp thread groups
2020-05-04 01:06:05,460 INFO o.a.j.e.StandardJMeterEngine: Starting setUp ThreadGroup: 1 : setUp Thread Group 
2020-05-04 01:06:05,461 INFO o.a.j.e.StandardJMeterEngine: Starting 1 threads for group setUp Thread Group.
2020-05-04 01:06:05,461 INFO o.a.j.e.StandardJMeterEngine: Thread will continue on error
2020-05-04 01:06:05,461 INFO o.a.j.t.ThreadGroup: Starting thread group... number=1 threads=1 ramp-up=1 delayedStart=false
2020-05-04 01:06:05,465 INFO o.a.j.t.ThreadGroup: Started thread group number 1
2020-05-04 01:06:05,465 INFO o.a.j.e.StandardJMeterEngine: Waiting for all setup thread groups to exit
2020-05-04 01:06:05,466 INFO o.a.j.t.JMeterThread: Thread started: setUp Thread Group 1-1
2020-05-04 01:06:05,574 INFO o.a.j.t.JMeterThread: Thread is done: setUp Thread Group 1-1
2020-05-04 01:06:05,574 INFO o.a.j.t.JMeterThread: Thread finished: setUp Thread Group 1-1
2020-05-04 01:06:05,574 INFO o.a.j.e.StandardJMeterEngine: All Setup Threads have ended
2020-05-04 01:06:05,629 INFO o.a.j.e.StandardJMeterEngine: Starting ThreadGroup: 1 : Users Thread Group
2020-05-04 01:06:05,629 INFO o.a.j.e.StandardJMeterEngine: Starting 1 threads for group Users Thread Group.
2020-05-04 01:06:05,629 INFO o.a.j.e.StandardJMeterEngine: Thread will continue on error
2020-05-04 01:06:05,629 INFO o.a.j.t.ThreadGroup: Starting thread group... number=1 threads=1 ramp-up=1 delayedStart=false
2020-05-04 01:06:05,630 INFO o.a.j.t.ThreadGroup: Started thread group number 1
2020-05-04 01:06:05,630 INFO o.a.j.e.StandardJMeterEngine: All thread groups have been started
2020-05-04 01:06:05,631 INFO o.a.j.t.JMeterThread: Thread started: Users Thread Group 1-1
2020-05-04 01:06:05,661 INFO o.a.j.p.h.s.HTTPHCAbstractImpl: Local host = pedro-X550JK
2020-05-04 01:06:05,674 INFO o.a.j.p.h.s.HTTPHC4Impl: HTTP request retry count = 0
2020-05-04 01:06:07,161 INFO o.a.j.t.JMeterThread: Thread is done: Users Thread Group 1-1
2020-05-04 01:06:07,162 INFO o.a.j.t.JMeterThread: Thread finished: Users Thread Group 1-1
2020-05-04 01:06:07,162 INFO o.a.j.e.StandardJMeterEngine: Starting tearDown thread groups
2020-05-04 01:06:07,162 INFO o.a.j.e.StandardJMeterEngine: Starting tearDown ThreadGroup: 1 : tearDown Thread Group
2020-05-04 01:06:07,162 INFO o.a.j.e.StandardJMeterEngine: Starting 1 threads for group tearDown Thread Group.
2020-05-04 01:06:07,162 INFO o.a.j.e.StandardJMeterEngine: Thread will continue on error
2020-05-04 01:06:07,162 INFO o.a.j.t.ThreadGroup: Starting thread group... number=1 threads=1 ramp-up=1 delayedStart=false
2020-05-04 01:06:07,163 INFO o.a.j.t.ThreadGroup: Started thread group number 1
2020-05-04 01:06:07,163 INFO o.a.j.t.JMeterThread: Thread started: tearDown Thread Group 1-1
2020-05-04 01:06:07,166 INFO o.a.j.t.JMeterThread: Thread is done: tearDown Thread Group 1-1
2020-05-04 01:06:07,166 INFO o.a.j.t.JMeterThread: Thread finished: tearDown Thread Group 1-1
2020-05-04 01:06:07,166 INFO o.a.j.e.StandardJMeterEngine: Notifying test listeners of end of test
2020-05-04 01:06:07,167 INFO o.a.j.g.u.JMeterMenuBar: setRunning(false, *local*)
2020-05-04 01:06:40,896 ERROR o.a.j.g.a.Save: Could not backup file! Backup directory does not exist, is not a directory or could not be created ! </opt/jmeter/backups>
2020-05-04 01:06:40,908 INFO o.a.j.e.StandardJMeterEngine: Running the test!
2020-05-04 01:06:40,908 INFO o.a.j.s.SampleEvent: List of sample_variables: []
2020-05-04 01:06:40,910 ERROR o.a.j.u.BeanShellInterpreter: Error invoking bsh method: eval	In file: inline evaluation of: ``import org.apache.jmeter.services.FileServer fileserver.getFileServer().getBaseD . . . '' Encountered "fileserver" at line 1, column 46.

2020-05-04 01:06:40,911 WARN o.a.j.f.BeanShell: Error running BSH script
org.apache.jorphan.util.JMeterException: Error invoking bsh method: eval	In file: inline evaluation of: ``import org.apache.jmeter.services.FileServer fileserver.getFileServer().getBaseD . . . '' Encountered "fileserver" at line 1, column 46.

	at org.apache.jmeter.util.BeanShellInterpreter.bshInvoke(BeanShellInterpreter.java:180) ~[ApacheJMeter_core.jar:5.2.1]
	at org.apache.jmeter.util.BeanShellInterpreter.eval(BeanShellInterpreter.java:186) ~[ApacheJMeter_core.jar:5.2.1]
	at org.apache.jmeter.functions.BeanShell.execute(BeanShell.java:100) [ApacheJMeter_functions.jar:5.2.1]
	at org.apache.jmeter.engine.util.CompoundVariable.execute(CompoundVariable.java:136) [ApacheJMeter_core.jar:5.2.1]
	at org.apache.jmeter.engine.util.CompoundVariable.execute(CompoundVariable.java:111) [ApacheJMeter_core.jar:5.2.1]
	at org.apache.jmeter.testelement.property.FunctionProperty.getStringValue(FunctionProperty.java:92) [ApacheJMeter_core.jar:5.2.1]
	at org.apache.jmeter.testelement.AbstractTestElement.getPropertyAsString(AbstractTestElement.java:281) [ApacheJMeter_core.jar:5.2.1]
	at org.apache.jmeter.config.Argument.getValue(Argument.java:146) [ApacheJMeter_core.jar:5.2.1]
	at org.apache.jmeter.config.Arguments.getArgumentsAsMap(Arguments.java:94) [ApacheJMeter_core.jar:5.2.1]
	at org.apache.jmeter.engine.PreCompiler.createArgumentsMap(PreCompiler.java:114) [ApacheJMeter_core.jar:5.2.1]
	at org.apache.jmeter.engine.PreCompiler.addNode(PreCompiler.java:101) [ApacheJMeter_core.jar:5.2.1]
	at org.apache.jorphan.collections.HashTree.traverseInto(HashTree.java:994) [jorphan.jar:5.2.1]
	at org.apache.jorphan.collections.HashTree.traverse(HashTree.java:977) [jorphan.jar:5.2.1]
	at org.apache.jmeter.engine.StandardJMeterEngine.run(StandardJMeterEngine.java:362) [ApacheJMeter_core.jar:5.2.1]
	at java.lang.Thread.run(Thread.java:834) [?:?]
Caused by: java.lang.reflect.InvocationTargetException
	at jdk.internal.reflect.NativeMethodAccessorImpl.invoke0(Native Method) ~[?:?]
	at jdk.internal.reflect.NativeMethodAccessorImpl.invoke(NativeMethodAccessorImpl.java:62) ~[?:?]
	at jdk.internal.reflect.DelegatingMethodAccessorImpl.invoke(DelegatingMethodAccessorImpl.java:43) ~[?:?]
	at java.lang.reflect.Method.invoke(Method.java:566) ~[?:?]
	at org.apache.jmeter.util.BeanShellInterpreter.bshInvoke(BeanShellInterpreter.java:163) ~[ApacheJMeter_core.jar:5.2.1]
	... 14 more
Caused by: bsh.ParseException: In file: inline evaluation of: ``import org.apache.jmeter.services.FileServer fileserver.getFileServer().getBaseD . . . '' Encountered "fileserver" at line 1, column 46.

	at bsh.Parser.generateParseException(Parser.java:6106) ~[bsh-2.0b6.jar:2.0b6 2016-02-05 05:16:19]
	at bsh.Parser.jj_consume_token(Parser.java:5977) ~[bsh-2.0b6.jar:2.0b6 2016-02-05 05:16:19]
	at bsh.Parser.ImportDeclaration(Parser.java:480) ~[bsh-2.0b6.jar:2.0b6 2016-02-05 05:16:19]
	at bsh.Parser.BlockStatement(Parser.java:2823) ~[bsh-2.0b6.jar:2.0b6 2016-02-05 05:16:19]
	at bsh.Parser.Line(Parser.java:172) ~[bsh-2.0b6.jar:2.0b6 2016-02-05 05:16:19]
	at bsh.Interpreter.Line(Interpreter.java:1011) ~[bsh-2.0b6.jar:2.0b6 2016-02-05 05:16:19]
	at bsh.Interpreter.eval(Interpreter.java:641) ~[bsh-2.0b6.jar:2.0b6 2016-02-05 05:16:19]
	at bsh.Interpreter.eval(Interpreter.java:750) ~[bsh-2.0b6.jar:2.0b6 2016-02-05 05:16:19]
	at bsh.Interpreter.eval(Interpreter.java:739) ~[bsh-2.0b6.jar:2.0b6 2016-02-05 05:16:19]
	at jdk.internal.reflect.NativeMethodAccessorImpl.invoke0(Native Method) ~[?:?]
	at jdk.internal.reflect.NativeMethodAccessorImpl.invoke(NativeMethodAccessorImpl.java:62) ~[?:?]
	at jdk.internal.reflect.DelegatingMethodAccessorImpl.invoke(DelegatingMethodAccessorImpl.java:43) ~[?:?]
	at java.lang.reflect.Method.invoke(Method.java:566) ~[?:?]
	at org.apache.jmeter.util.BeanShellInterpreter.bshInvoke(BeanShellInterpreter.java:163) ~[ApacheJMeter_core.jar:5.2.1]
	... 14 more
2020-05-04 01:06:40,912 ERROR o.a.j.p.j.c.DataSourceElement: JDBC data source already defined for: sampleReq
2020-05-04 01:06:40,913 INFO o.a.j.g.u.JMeterMenuBar: setRunning(true, *local*)
2020-05-04 01:06:40,914 INFO o.a.j.e.StandardJMeterEngine: Starting setUp thread groups
2020-05-04 01:06:40,914 INFO o.a.j.e.StandardJMeterEngine: Starting setUp ThreadGroup: 1 : setUp Thread Group 
2020-05-04 01:06:40,914 INFO o.a.j.e.StandardJMeterEngine: Starting 1 threads for group setUp Thread Group.
2020-05-04 01:06:40,914 INFO o.a.j.e.StandardJMeterEngine: Thread will continue on error
2020-05-04 01:06:40,914 INFO o.a.j.t.ThreadGroup: Starting thread group... number=1 threads=1 ramp-up=1 delayedStart=false
2020-05-04 01:06:40,914 INFO o.a.j.t.ThreadGroup: Started thread group number 1
2020-05-04 01:06:40,915 INFO o.a.j.e.StandardJMeterEngine: Waiting for all setup thread groups to exit
2020-05-04 01:06:40,915 INFO o.a.j.t.JMeterThread: Thread started: setUp Thread Group 1-1
2020-05-04 01:06:40,993 INFO o.a.j.t.JMeterThread: Thread is done: setUp Thread Group 1-1
2020-05-04 01:06:40,993 INFO o.a.j.t.JMeterThread: Thread finished: setUp Thread Group 1-1
2020-05-04 01:06:40,993 INFO o.a.j.e.StandardJMeterEngine: All Setup Threads have ended
2020-05-04 01:06:41,033 INFO o.a.j.e.StandardJMeterEngine: Starting ThreadGroup: 1 : Users Thread Group
2020-05-04 01:06:41,033 INFO o.a.j.e.StandardJMeterEngine: Starting 1 threads for group Users Thread Group.
2020-05-04 01:06:41,033 INFO o.a.j.e.StandardJMeterEngine: Thread will continue on error
2020-05-04 01:06:41,034 INFO o.a.j.t.ThreadGroup: Starting thread group... number=1 threads=1 ramp-up=1 delayedStart=false
2020-05-04 01:06:41,034 INFO o.a.j.t.ThreadGroup: Started thread group number 1
2020-05-04 01:06:41,034 INFO o.a.j.e.StandardJMeterEngine: All thread groups have been started
2020-05-04 01:06:41,034 INFO o.a.j.t.JMeterThread: Thread started: Users Thread Group 1-1
2020-05-04 01:06:41,068 INFO o.a.j.t.JMeterThread: Thread is done: Users Thread Group 1-1
2020-05-04 01:06:41,068 INFO o.a.j.t.JMeterThread: Thread finished: Users Thread Group 1-1
2020-05-04 01:06:41,068 INFO o.a.j.e.StandardJMeterEngine: Starting tearDown thread groups
2020-05-04 01:06:41,069 INFO o.a.j.e.StandardJMeterEngine: Starting tearDown ThreadGroup: 1 : tearDown Thread Group
2020-05-04 01:06:41,069 INFO o.a.j.e.StandardJMeterEngine: Starting 1 threads for group tearDown Thread Group.
2020-05-04 01:06:41,069 INFO o.a.j.e.StandardJMeterEngine: Thread will continue on error
2020-05-04 01:06:41,069 INFO o.a.j.t.ThreadGroup: Starting thread group... number=1 threads=1 ramp-up=1 delayedStart=false
2020-05-04 01:06:41,069 INFO o.a.j.t.ThreadGroup: Started thread group number 1
2020-05-04 01:06:41,069 INFO o.a.j.t.JMeterThread: Thread started: tearDown Thread Group 1-1
2020-05-04 01:06:41,079 INFO o.a.j.t.JMeterThread: Thread is done: tearDown Thread Group 1-1
2020-05-04 01:06:41,079 INFO o.a.j.t.JMeterThread: Thread finished: tearDown Thread Group 1-1
2020-05-04 01:06:41,079 INFO o.a.j.e.StandardJMeterEngine: Notifying test listeners of end of test
2020-05-04 01:06:41,080 INFO o.a.j.g.u.JMeterMenuBar: setRunning(false, *local*)
2020-05-04 01:07:52,252 ERROR o.a.j.g.a.Save: Could not backup file! Backup directory does not exist, is not a directory or could not be created ! </opt/jmeter/backups>
2020-05-04 01:07:52,259 INFO o.a.j.e.StandardJMeterEngine: Running the test!
2020-05-04 01:07:52,260 INFO o.a.j.s.SampleEvent: List of sample_variables: []
2020-05-04 01:07:52,262 ERROR o.a.j.u.BeanShellInterpreter: Error invoking bsh method: eval	In file: inline evaluation of: ``import org.apache.jmeter.services.FileServer fileserver.getFileServer().getBaseD . . . '' Encountered "fileserver" at line 1, column 46.

2020-05-04 01:07:52,263 WARN o.a.j.f.BeanShell: Error running BSH script
org.apache.jorphan.util.JMeterException: Error invoking bsh method: eval	In file: inline evaluation of: ``import org.apache.jmeter.services.FileServer fileserver.getFileServer().getBaseD . . . '' Encountered "fileserver" at line 1, column 46.

	at org.apache.jmeter.util.BeanShellInterpreter.bshInvoke(BeanShellInterpreter.java:180) ~[ApacheJMeter_core.jar:5.2.1]
	at org.apache.jmeter.util.BeanShellInterpreter.eval(BeanShellInterpreter.java:186) ~[ApacheJMeter_core.jar:5.2.1]
	at org.apache.jmeter.functions.BeanShell.execute(BeanShell.java:100) [ApacheJMeter_functions.jar:5.2.1]
	at org.apache.jmeter.engine.util.CompoundVariable.execute(CompoundVariable.java:136) [ApacheJMeter_core.jar:5.2.1]
	at org.apache.jmeter.engine.util.CompoundVariable.execute(CompoundVariable.java:111) [ApacheJMeter_core.jar:5.2.1]
	at org.apache.jmeter.testelement.property.FunctionProperty.getStringValue(FunctionProperty.java:92) [ApacheJMeter_core.jar:5.2.1]
	at org.apache.jmeter.testelement.AbstractTestElement.getPropertyAsString(AbstractTestElement.java:281) [ApacheJMeter_core.jar:5.2.1]
	at org.apache.jmeter.config.Argument.getValue(Argument.java:146) [ApacheJMeter_core.jar:5.2.1]
	at org.apache.jmeter.config.Arguments.getArgumentsAsMap(Arguments.java:94) [ApacheJMeter_core.jar:5.2.1]
	at org.apache.jmeter.engine.PreCompiler.createArgumentsMap(PreCompiler.java:114) [ApacheJMeter_core.jar:5.2.1]
	at org.apache.jmeter.engine.PreCompiler.addNode(PreCompiler.java:101) [ApacheJMeter_core.jar:5.2.1]
	at org.apache.jorphan.collections.HashTree.traverseInto(HashTree.java:994) [jorphan.jar:5.2.1]
	at org.apache.jorphan.collections.HashTree.traverse(HashTree.java:977) [jorphan.jar:5.2.1]
	at org.apache.jmeter.engine.StandardJMeterEngine.run(StandardJMeterEngine.java:362) [ApacheJMeter_core.jar:5.2.1]
	at java.lang.Thread.run(Thread.java:834) [?:?]
Caused by: java.lang.reflect.InvocationTargetException
	at jdk.internal.reflect.NativeMethodAccessorImpl.invoke0(Native Method) ~[?:?]
	at jdk.internal.reflect.NativeMethodAccessorImpl.invoke(NativeMethodAccessorImpl.java:62) ~[?:?]
	at jdk.internal.reflect.DelegatingMethodAccessorImpl.invoke(DelegatingMethodAccessorImpl.java:43) ~[?:?]
	at java.lang.reflect.Method.invoke(Method.java:566) ~[?:?]
	at org.apache.jmeter.util.BeanShellInterpreter.bshInvoke(BeanShellInterpreter.java:163) ~[ApacheJMeter_core.jar:5.2.1]
	... 14 more
Caused by: bsh.ParseException: In file: inline evaluation of: ``import org.apache.jmeter.services.FileServer fileserver.getFileServer().getBaseD . . . '' Encountered "fileserver" at line 1, column 46.

	at bsh.Parser.generateParseException(Parser.java:6106) ~[bsh-2.0b6.jar:2.0b6 2016-02-05 05:16:19]
	at bsh.Parser.jj_consume_token(Parser.java:5977) ~[bsh-2.0b6.jar:2.0b6 2016-02-05 05:16:19]
	at bsh.Parser.ImportDeclaration(Parser.java:480) ~[bsh-2.0b6.jar:2.0b6 2016-02-05 05:16:19]
	at bsh.Parser.BlockStatement(Parser.java:2823) ~[bsh-2.0b6.jar:2.0b6 2016-02-05 05:16:19]
	at bsh.Parser.Line(Parser.java:172) ~[bsh-2.0b6.jar:2.0b6 2016-02-05 05:16:19]
	at bsh.Interpreter.Line(Interpreter.java:1011) ~[bsh-2.0b6.jar:2.0b6 2016-02-05 05:16:19]
	at bsh.Interpreter.eval(Interpreter.java:641) ~[bsh-2.0b6.jar:2.0b6 2016-02-05 05:16:19]
	at bsh.Interpreter.eval(Interpreter.java:750) ~[bsh-2.0b6.jar:2.0b6 2016-02-05 05:16:19]
	at bsh.Interpreter.eval(Interpreter.java:739) ~[bsh-2.0b6.jar:2.0b6 2016-02-05 05:16:19]
	at jdk.internal.reflect.NativeMethodAccessorImpl.invoke0(Native Method) ~[?:?]
	at jdk.internal.reflect.NativeMethodAccessorImpl.invoke(NativeMethodAccessorImpl.java:62) ~[?:?]
	at jdk.internal.reflect.DelegatingMethodAccessorImpl.invoke(DelegatingMethodAccessorImpl.java:43) ~[?:?]
	at java.lang.reflect.Method.invoke(Method.java:566) ~[?:?]
	at org.apache.jmeter.util.BeanShellInterpreter.bshInvoke(BeanShellInterpreter.java:163) ~[ApacheJMeter_core.jar:5.2.1]
	... 14 more
2020-05-04 01:07:52,264 ERROR o.a.j.p.j.c.DataSourceElement: JDBC data source already defined for: sampleReq
2020-05-04 01:07:52,264 INFO o.a.j.g.u.JMeterMenuBar: setRunning(true, *local*)
2020-05-04 01:07:52,265 INFO o.a.j.e.StandardJMeterEngine: Starting setUp thread groups
2020-05-04 01:07:52,265 INFO o.a.j.e.StandardJMeterEngine: Starting setUp ThreadGroup: 1 : setUp Thread Group 
2020-05-04 01:07:52,265 INFO o.a.j.e.StandardJMeterEngine: Starting 1 threads for group setUp Thread Group.
2020-05-04 01:07:52,266 INFO o.a.j.e.StandardJMeterEngine: Thread will continue on error
2020-05-04 01:07:52,266 INFO o.a.j.t.ThreadGroup: Starting thread group... number=1 threads=1 ramp-up=1 delayedStart=false
2020-05-04 01:07:52,266 INFO o.a.j.t.ThreadGroup: Started thread group number 1
2020-05-04 01:07:52,266 INFO o.a.j.e.StandardJMeterEngine: Waiting for all setup thread groups to exit
2020-05-04 01:07:52,266 INFO o.a.j.t.JMeterThread: Thread started: setUp Thread Group 1-1
2020-05-04 01:07:52,277 INFO o.a.j.t.JMeterThread: Thread is done: setUp Thread Group 1-1
2020-05-04 01:07:52,277 INFO o.a.j.t.JMeterThread: Thread finished: setUp Thread Group 1-1
2020-05-04 01:07:52,277 INFO o.a.j.e.StandardJMeterEngine: All Setup Threads have ended
2020-05-04 01:07:52,314 INFO o.a.j.e.StandardJMeterEngine: Starting ThreadGroup: 1 : Users Thread Group
2020-05-04 01:07:52,315 INFO o.a.j.e.StandardJMeterEngine: Starting 1 threads for group Users Thread Group.
2020-05-04 01:07:52,315 INFO o.a.j.e.StandardJMeterEngine: Thread will continue on error
2020-05-04 01:07:52,315 INFO o.a.j.t.ThreadGroup: Starting thread group... number=1 threads=1 ramp-up=1 delayedStart=false
2020-05-04 01:07:52,315 INFO o.a.j.t.ThreadGroup: Started thread group number 1
2020-05-04 01:07:52,315 INFO o.a.j.e.StandardJMeterEngine: All thread groups have been started
2020-05-04 01:07:52,316 INFO o.a.j.t.JMeterThread: Thread started: Users Thread Group 1-1
2020-05-04 01:07:52,353 INFO o.a.j.t.JMeterThread: Thread is done: Users Thread Group 1-1
2020-05-04 01:07:52,353 INFO o.a.j.t.JMeterThread: Thread finished: Users Thread Group 1-1
2020-05-04 01:07:52,353 INFO o.a.j.e.StandardJMeterEngine: Starting tearDown thread groups
2020-05-04 01:07:52,354 INFO o.a.j.e.StandardJMeterEngine: Starting tearDown ThreadGroup: 1 : tearDown Thread Group
2020-05-04 01:07:52,354 INFO o.a.j.e.StandardJMeterEngine: Starting 1 threads for group tearDown Thread Group.
2020-05-04 01:07:52,354 INFO o.a.j.e.StandardJMeterEngine: Thread will continue on error
2020-05-04 01:07:52,354 INFO o.a.j.t.ThreadGroup: Starting thread group... number=1 threads=1 ramp-up=1 delayedStart=false
2020-05-04 01:07:52,354 INFO o.a.j.t.ThreadGroup: Started thread group number 1
2020-05-04 01:07:52,354 INFO o.a.j.t.JMeterThread: Thread started: tearDown Thread Group 1-1
2020-05-04 01:07:52,363 INFO o.a.j.t.JMeterThread: Thread is done: tearDown Thread Group 1-1
2020-05-04 01:07:52,363 INFO o.a.j.t.JMeterThread: Thread finished: tearDown Thread Group 1-1
2020-05-04 01:07:52,364 INFO o.a.j.e.StandardJMeterEngine: Notifying test listeners of end of test
2020-05-04 01:07:52,365 INFO o.a.j.g.u.JMeterMenuBar: setRunning(false, *local*)
2020-05-04 01:08:12,425 ERROR o.a.j.g.a.Save: Could not backup file! Backup directory does not exist, is not a directory or could not be created ! </opt/jmeter/backups>
2020-05-04 01:08:12,438 INFO o.a.j.e.StandardJMeterEngine: Running the test!
2020-05-04 01:08:12,439 INFO o.a.j.s.SampleEvent: List of sample_variables: []
2020-05-04 01:08:12,441 ERROR o.a.j.u.BeanShellInterpreter: Error invoking bsh method: eval	In file: inline evaluation of: ``import org.apache.jmeter.services.FileServer fileserver.getFileServer().getBaseD . . . '' Encountered "fileserver" at line 1, column 46.

2020-05-04 01:08:12,441 WARN o.a.j.f.BeanShell: Error running BSH script
org.apache.jorphan.util.JMeterException: Error invoking bsh method: eval	In file: inline evaluation of: ``import org.apache.jmeter.services.FileServer fileserver.getFileServer().getBaseD . . . '' Encountered "fileserver" at line 1, column 46.

	at org.apache.jmeter.util.BeanShellInterpreter.bshInvoke(BeanShellInterpreter.java:180) ~[ApacheJMeter_core.jar:5.2.1]
	at org.apache.jmeter.util.BeanShellInterpreter.eval(BeanShellInterpreter.java:186) ~[ApacheJMeter_core.jar:5.2.1]
	at org.apache.jmeter.functions.BeanShell.execute(BeanShell.java:100) [ApacheJMeter_functions.jar:5.2.1]
	at org.apache.jmeter.engine.util.CompoundVariable.execute(CompoundVariable.java:136) [ApacheJMeter_core.jar:5.2.1]
	at org.apache.jmeter.engine.util.CompoundVariable.execute(CompoundVariable.java:111) [ApacheJMeter_core.jar:5.2.1]
	at org.apache.jmeter.testelement.property.FunctionProperty.getStringValue(FunctionProperty.java:92) [ApacheJMeter_core.jar:5.2.1]
	at org.apache.jmeter.testelement.AbstractTestElement.getPropertyAsString(AbstractTestElement.java:281) [ApacheJMeter_core.jar:5.2.1]
	at org.apache.jmeter.config.Argument.getValue(Argument.java:146) [ApacheJMeter_core.jar:5.2.1]
	at org.apache.jmeter.config.Arguments.getArgumentsAsMap(Arguments.java:94) [ApacheJMeter_core.jar:5.2.1]
	at org.apache.jmeter.engine.PreCompiler.createArgumentsMap(PreCompiler.java:114) [ApacheJMeter_core.jar:5.2.1]
	at org.apache.jmeter.engine.PreCompiler.addNode(PreCompiler.java:101) [ApacheJMeter_core.jar:5.2.1]
	at org.apache.jorphan.collections.HashTree.traverseInto(HashTree.java:994) [jorphan.jar:5.2.1]
	at org.apache.jorphan.collections.HashTree.traverse(HashTree.java:977) [jorphan.jar:5.2.1]
	at org.apache.jmeter.engine.StandardJMeterEngine.run(StandardJMeterEngine.java:362) [ApacheJMeter_core.jar:5.2.1]
	at java.lang.Thread.run(Thread.java:834) [?:?]
Caused by: java.lang.reflect.InvocationTargetException
	at jdk.internal.reflect.NativeMethodAccessorImpl.invoke0(Native Method) ~[?:?]
	at jdk.internal.reflect.NativeMethodAccessorImpl.invoke(NativeMethodAccessorImpl.java:62) ~[?:?]
	at jdk.internal.reflect.DelegatingMethodAccessorImpl.invoke(DelegatingMethodAccessorImpl.java:43) ~[?:?]
	at java.lang.reflect.Method.invoke(Method.java:566) ~[?:?]
	at org.apache.jmeter.util.BeanShellInterpreter.bshInvoke(BeanShellInterpreter.java:163) ~[ApacheJMeter_core.jar:5.2.1]
	... 14 more
Caused by: bsh.ParseException: In file: inline evaluation of: ``import org.apache.jmeter.services.FileServer fileserver.getFileServer().getBaseD . . . '' Encountered "fileserver" at line 1, column 46.

	at bsh.Parser.generateParseException(Parser.java:6106) ~[bsh-2.0b6.jar:2.0b6 2016-02-05 05:16:19]
	at bsh.Parser.jj_consume_token(Parser.java:5977) ~[bsh-2.0b6.jar:2.0b6 2016-02-05 05:16:19]
	at bsh.Parser.ImportDeclaration(Parser.java:480) ~[bsh-2.0b6.jar:2.0b6 2016-02-05 05:16:19]
	at bsh.Parser.BlockStatement(Parser.java:2823) ~[bsh-2.0b6.jar:2.0b6 2016-02-05 05:16:19]
	at bsh.Parser.Line(Parser.java:172) ~[bsh-2.0b6.jar:2.0b6 2016-02-05 05:16:19]
	at bsh.Interpreter.Line(Interpreter.java:1011) ~[bsh-2.0b6.jar:2.0b6 2016-02-05 05:16:19]
	at bsh.Interpreter.eval(Interpreter.java:641) ~[bsh-2.0b6.jar:2.0b6 2016-02-05 05:16:19]
	at bsh.Interpreter.eval(Interpreter.java:750) ~[bsh-2.0b6.jar:2.0b6 2016-02-05 05:16:19]
	at bsh.Interpreter.eval(Interpreter.java:739) ~[bsh-2.0b6.jar:2.0b6 2016-02-05 05:16:19]
	at jdk.internal.reflect.NativeMethodAccessorImpl.invoke0(Native Method) ~[?:?]
	at jdk.internal.reflect.NativeMethodAccessorImpl.invoke(NativeMethodAccessorImpl.java:62) ~[?:?]
	at jdk.internal.reflect.DelegatingMethodAccessorImpl.invoke(DelegatingMethodAccessorImpl.java:43) ~[?:?]
	at java.lang.reflect.Method.invoke(Method.java:566) ~[?:?]
	at org.apache.jmeter.util.BeanShellInterpreter.bshInvoke(BeanShellInterpreter.java:163) ~[ApacheJMeter_core.jar:5.2.1]
	... 14 more
2020-05-04 01:08:12,445 ERROR o.a.j.p.j.c.DataSourceElement: JDBC data source already defined for: sampleReq
2020-05-04 01:08:12,445 INFO o.a.j.g.u.JMeterMenuBar: setRunning(true, *local*)
2020-05-04 01:08:12,445 INFO o.a.j.e.StandardJMeterEngine: Starting setUp thread groups
2020-05-04 01:08:12,445 INFO o.a.j.e.StandardJMeterEngine: Starting setUp ThreadGroup: 1 : setUp Thread Group 
2020-05-04 01:08:12,445 INFO o.a.j.e.StandardJMeterEngine: Starting 1 threads for group setUp Thread Group.
2020-05-04 01:08:12,445 INFO o.a.j.e.StandardJMeterEngine: Thread will continue on error
2020-05-04 01:08:12,446 INFO o.a.j.t.ThreadGroup: Starting thread group... number=1 threads=1 ramp-up=1 delayedStart=false
2020-05-04 01:08:12,446 INFO o.a.j.t.ThreadGroup: Started thread group number 1
2020-05-04 01:08:12,446 INFO o.a.j.e.StandardJMeterEngine: Waiting for all setup thread groups to exit
2020-05-04 01:08:12,446 INFO o.a.j.t.JMeterThread: Thread started: setUp Thread Group 1-1
2020-05-04 01:08:12,456 INFO o.a.j.t.JMeterThread: Thread is done: setUp Thread Group 1-1
2020-05-04 01:08:12,457 INFO o.a.j.t.JMeterThread: Thread finished: setUp Thread Group 1-1
2020-05-04 01:08:12,457 INFO o.a.j.e.StandardJMeterEngine: All Setup Threads have ended
2020-05-04 01:08:12,496 INFO o.a.j.e.StandardJMeterEngine: Starting ThreadGroup: 1 : Users Thread Group
2020-05-04 01:08:12,496 INFO o.a.j.e.StandardJMeterEngine: Starting 1 threads for group Users Thread Group.
2020-05-04 01:08:12,496 INFO o.a.j.e.StandardJMeterEngine: Thread will continue on error
2020-05-04 01:08:12,497 INFO o.a.j.t.ThreadGroup: Starting thread group... number=1 threads=1 ramp-up=1 delayedStart=false
2020-05-04 01:08:12,497 INFO o.a.j.t.ThreadGroup: Started thread group number 1
2020-05-04 01:08:12,497 INFO o.a.j.e.StandardJMeterEngine: All thread groups have been started
2020-05-04 01:08:12,497 INFO o.a.j.t.JMeterThread: Thread started: Users Thread Group 1-1
2020-05-04 01:08:12,533 INFO o.a.j.t.JMeterThread: Thread is done: Users Thread Group 1-1
2020-05-04 01:08:12,533 INFO o.a.j.t.JMeterThread: Thread finished: Users Thread Group 1-1
2020-05-04 01:08:12,534 INFO o.a.j.e.StandardJMeterEngine: Starting tearDown thread groups
2020-05-04 01:08:12,534 INFO o.a.j.e.StandardJMeterEngine: Starting tearDown ThreadGroup: 1 : tearDown Thread Group
2020-05-04 01:08:12,534 INFO o.a.j.e.StandardJMeterEngine: Starting 1 threads for group tearDown Thread Group.
2020-05-04 01:08:12,534 INFO o.a.j.e.StandardJMeterEngine: Thread will continue on error
2020-05-04 01:08:12,534 INFO o.a.j.t.ThreadGroup: Starting thread group... number=1 threads=1 ramp-up=1 delayedStart=false
2020-05-04 01:08:12,534 INFO o.a.j.t.ThreadGroup: Started thread group number 1
2020-05-04 01:08:12,534 INFO o.a.j.t.JMeterThread: Thread started: tearDown Thread Group 1-1
2020-05-04 01:08:12,547 INFO o.a.j.t.JMeterThread: Thread is done: tearDown Thread Group 1-1
2020-05-04 01:08:12,547 INFO o.a.j.t.JMeterThread: Thread finished: tearDown Thread Group 1-1
2020-05-04 01:08:12,547 INFO o.a.j.e.StandardJMeterEngine: Notifying test listeners of end of test
2020-05-04 01:08:12,548 INFO o.a.j.g.u.JMeterMenuBar: setRunning(false, *local*)
2020-05-04 01:09:57,542 INFO o.a.j.e.StandardJMeterEngine: Running the test!
2020-05-04 01:09:57,542 INFO o.a.j.s.SampleEvent: List of sample_variables: []
2020-05-04 01:09:57,544 ERROR o.a.j.u.BeanShellInterpreter: Error invoking bsh method: eval	In file: inline evaluation of: ``import org.apache.jmeter.services.FileServer fileserver.getFileServer().getBaseD . . . '' Encountered "fileserver" at line 1, column 46.

2020-05-04 01:09:57,545 WARN o.a.j.f.BeanShell: Error running BSH script
org.apache.jorphan.util.JMeterException: Error invoking bsh method: eval	In file: inline evaluation of: ``import org.apache.jmeter.services.FileServer fileserver.getFileServer().getBaseD . . . '' Encountered "fileserver" at line 1, column 46.

	at org.apache.jmeter.util.BeanShellInterpreter.bshInvoke(BeanShellInterpreter.java:180) ~[ApacheJMeter_core.jar:5.2.1]
	at org.apache.jmeter.util.BeanShellInterpreter.eval(BeanShellInterpreter.java:186) ~[ApacheJMeter_core.jar:5.2.1]
	at org.apache.jmeter.functions.BeanShell.execute(BeanShell.java:100) [ApacheJMeter_functions.jar:5.2.1]
	at org.apache.jmeter.engine.util.CompoundVariable.execute(CompoundVariable.java:136) [ApacheJMeter_core.jar:5.2.1]
	at org.apache.jmeter.engine.util.CompoundVariable.execute(CompoundVariable.java:111) [ApacheJMeter_core.jar:5.2.1]
	at org.apache.jmeter.testelement.property.FunctionProperty.getStringValue(FunctionProperty.java:92) [ApacheJMeter_core.jar:5.2.1]
	at org.apache.jmeter.testelement.AbstractTestElement.getPropertyAsString(AbstractTestElement.java:281) [ApacheJMeter_core.jar:5.2.1]
	at org.apache.jmeter.config.Argument.getValue(Argument.java:146) [ApacheJMeter_core.jar:5.2.1]
	at org.apache.jmeter.config.Arguments.getArgumentsAsMap(Arguments.java:94) [ApacheJMeter_core.jar:5.2.1]
	at org.apache.jmeter.engine.PreCompiler.createArgumentsMap(PreCompiler.java:114) [ApacheJMeter_core.jar:5.2.1]
	at org.apache.jmeter.engine.PreCompiler.addNode(PreCompiler.java:101) [ApacheJMeter_core.jar:5.2.1]
	at org.apache.jorphan.collections.HashTree.traverseInto(HashTree.java:994) [jorphan.jar:5.2.1]
	at org.apache.jorphan.collections.HashTree.traverse(HashTree.java:977) [jorphan.jar:5.2.1]
	at org.apache.jmeter.engine.StandardJMeterEngine.run(StandardJMeterEngine.java:362) [ApacheJMeter_core.jar:5.2.1]
	at java.lang.Thread.run(Thread.java:834) [?:?]
Caused by: java.lang.reflect.InvocationTargetException
	at jdk.internal.reflect.NativeMethodAccessorImpl.invoke0(Native Method) ~[?:?]
	at jdk.internal.reflect.NativeMethodAccessorImpl.invoke(NativeMethodAccessorImpl.java:62) ~[?:?]
	at jdk.internal.reflect.DelegatingMethodAccessorImpl.invoke(DelegatingMethodAccessorImpl.java:43) ~[?:?]
	at java.lang.reflect.Method.invoke(Method.java:566) ~[?:?]
	at org.apache.jmeter.util.BeanShellInterpreter.bshInvoke(BeanShellInterpreter.java:163) ~[ApacheJMeter_core.jar:5.2.1]
	... 14 more
Caused by: bsh.ParseException: In file: inline evaluation of: ``import org.apache.jmeter.services.FileServer fileserver.getFileServer().getBaseD . . . '' Encountered "fileserver" at line 1, column 46.

	at bsh.Parser.generateParseException(Parser.java:6106) ~[bsh-2.0b6.jar:2.0b6 2016-02-05 05:16:19]
	at bsh.Parser.jj_consume_token(Parser.java:5977) ~[bsh-2.0b6.jar:2.0b6 2016-02-05 05:16:19]
	at bsh.Parser.ImportDeclaration(Parser.java:480) ~[bsh-2.0b6.jar:2.0b6 2016-02-05 05:16:19]
	at bsh.Parser.BlockStatement(Parser.java:2823) ~[bsh-2.0b6.jar:2.0b6 2016-02-05 05:16:19]
	at bsh.Parser.Line(Parser.java:172) ~[bsh-2.0b6.jar:2.0b6 2016-02-05 05:16:19]
	at bsh.Interpreter.Line(Interpreter.java:1011) ~[bsh-2.0b6.jar:2.0b6 2016-02-05 05:16:19]
	at bsh.Interpreter.eval(Interpreter.java:641) ~[bsh-2.0b6.jar:2.0b6 2016-02-05 05:16:19]
	at bsh.Interpreter.eval(Interpreter.java:750) ~[bsh-2.0b6.jar:2.0b6 2016-02-05 05:16:19]
	at bsh.Interpreter.eval(Interpreter.java:739) ~[bsh-2.0b6.jar:2.0b6 2016-02-05 05:16:19]
	at jdk.internal.reflect.NativeMethodAccessorImpl.invoke0(Native Method) ~[?:?]
	at jdk.internal.reflect.NativeMethodAccessorImpl.invoke(NativeMethodAccessorImpl.java:62) ~[?:?]
	at jdk.internal.reflect.DelegatingMethodAccessorImpl.invoke(DelegatingMethodAccessorImpl.java:43) ~[?:?]
	at java.lang.reflect.Method.invoke(Method.java:566) ~[?:?]
	at org.apache.jmeter.util.BeanShellInterpreter.bshInvoke(BeanShellInterpreter.java:163) ~[ApacheJMeter_core.jar:5.2.1]
	... 14 more
2020-05-04 01:09:57,547 ERROR o.a.j.p.j.c.DataSourceElement: JDBC data source already defined for: sampleReq
2020-05-04 01:09:57,547 INFO o.a.j.g.u.JMeterMenuBar: setRunning(true, *local*)
2020-05-04 01:09:57,548 INFO o.a.j.e.StandardJMeterEngine: Starting setUp thread groups
2020-05-04 01:09:57,548 INFO o.a.j.e.StandardJMeterEngine: Starting setUp ThreadGroup: 1 : setUp Thread Group 
2020-05-04 01:09:57,548 INFO o.a.j.e.StandardJMeterEngine: Starting 1 threads for group setUp Thread Group.
2020-05-04 01:09:57,548 INFO o.a.j.e.StandardJMeterEngine: Thread will continue on error
2020-05-04 01:09:57,548 INFO o.a.j.t.ThreadGroup: Starting thread group... number=1 threads=1 ramp-up=1 delayedStart=false
2020-05-04 01:09:57,549 INFO o.a.j.t.ThreadGroup: Started thread group number 1
2020-05-04 01:09:57,549 INFO o.a.j.e.StandardJMeterEngine: Waiting for all setup thread groups to exit
2020-05-04 01:09:57,549 INFO o.a.j.t.JMeterThread: Thread started: setUp Thread Group 1-1
2020-05-04 01:09:57,559 INFO o.a.j.t.JMeterThread: Thread is done: setUp Thread Group 1-1
2020-05-04 01:09:57,559 INFO o.a.j.t.JMeterThread: Thread finished: setUp Thread Group 1-1
2020-05-04 01:09:57,559 INFO o.a.j.e.StandardJMeterEngine: All Setup Threads have ended
2020-05-04 01:09:57,596 INFO o.a.j.e.StandardJMeterEngine: Starting ThreadGroup: 1 : Users Thread Group
2020-05-04 01:09:57,596 INFO o.a.j.e.StandardJMeterEngine: Starting 1 threads for group Users Thread Group.
2020-05-04 01:09:57,596 INFO o.a.j.e.StandardJMeterEngine: Thread will continue on error
2020-05-04 01:09:57,596 INFO o.a.j.t.ThreadGroup: Starting thread group... number=1 threads=1 ramp-up=1 delayedStart=false
2020-05-04 01:09:57,597 INFO o.a.j.t.ThreadGroup: Started thread group number 1
2020-05-04 01:09:57,597 INFO o.a.j.e.StandardJMeterEngine: All thread groups have been started
2020-05-04 01:09:57,597 INFO o.a.j.t.JMeterThread: Thread started: Users Thread Group 1-1
2020-05-04 01:09:58,353 INFO o.a.j.t.JMeterThread: Thread is done: Users Thread Group 1-1
2020-05-04 01:09:58,354 INFO o.a.j.t.JMeterThread: Thread finished: Users Thread Group 1-1
2020-05-04 01:09:58,354 INFO o.a.j.e.StandardJMeterEngine: Starting tearDown thread groups
2020-05-04 01:09:58,354 INFO o.a.j.e.StandardJMeterEngine: Starting tearDown ThreadGroup: 1 : tearDown Thread Group
2020-05-04 01:09:58,354 INFO o.a.j.e.StandardJMeterEngine: Starting 1 threads for group tearDown Thread Group.
2020-05-04 01:09:58,354 INFO o.a.j.e.StandardJMeterEngine: Thread will continue on error
2020-05-04 01:09:58,354 INFO o.a.j.t.ThreadGroup: Starting thread group... number=1 threads=1 ramp-up=1 delayedStart=false
2020-05-04 01:09:58,355 INFO o.a.j.t.ThreadGroup: Started thread group number 1
2020-05-04 01:09:58,355 INFO o.a.j.t.JMeterThread: Thread started: tearDown Thread Group 1-1
2020-05-04 01:09:58,364 INFO o.a.j.t.JMeterThread: Thread is done: tearDown Thread Group 1-1
2020-05-04 01:09:58,364 INFO o.a.j.t.JMeterThread: Thread finished: tearDown Thread Group 1-1
2020-05-04 01:09:58,364 INFO o.a.j.e.StandardJMeterEngine: Notifying test listeners of end of test
2020-05-04 01:09:58,367 INFO o.a.j.g.u.JMeterMenuBar: setRunning(false, *local*)
2020-05-04 01:10:18,601 ERROR o.a.j.g.a.Save: Could not backup file! Backup directory does not exist, is not a directory or could not be created ! </opt/jmeter/backups>
2020-05-04 01:10:18,610 INFO o.a.j.e.StandardJMeterEngine: Running the test!
2020-05-04 01:10:18,611 INFO o.a.j.s.SampleEvent: List of sample_variables: []
2020-05-04 01:10:18,613 ERROR o.a.j.u.BeanShellInterpreter: Error invoking bsh method: eval	In file: inline evaluation of: ``import org.apache.jmeter.services.FileServer fileserver.getFileServer().getBaseD . . . '' Encountered "fileserver" at line 1, column 46.

2020-05-04 01:10:18,613 WARN o.a.j.f.BeanShell: Error running BSH script
org.apache.jorphan.util.JMeterException: Error invoking bsh method: eval	In file: inline evaluation of: ``import org.apache.jmeter.services.FileServer fileserver.getFileServer().getBaseD . . . '' Encountered "fileserver" at line 1, column 46.

	at org.apache.jmeter.util.BeanShellInterpreter.bshInvoke(BeanShellInterpreter.java:180) ~[ApacheJMeter_core.jar:5.2.1]
	at org.apache.jmeter.util.BeanShellInterpreter.eval(BeanShellInterpreter.java:186) ~[ApacheJMeter_core.jar:5.2.1]
	at org.apache.jmeter.functions.BeanShell.execute(BeanShell.java:100) [ApacheJMeter_functions.jar:5.2.1]
	at org.apache.jmeter.engine.util.CompoundVariable.execute(CompoundVariable.java:136) [ApacheJMeter_core.jar:5.2.1]
	at org.apache.jmeter.engine.util.CompoundVariable.execute(CompoundVariable.java:111) [ApacheJMeter_core.jar:5.2.1]
	at org.apache.jmeter.testelement.property.FunctionProperty.getStringValue(FunctionProperty.java:92) [ApacheJMeter_core.jar:5.2.1]
	at org.apache.jmeter.testelement.AbstractTestElement.getPropertyAsString(AbstractTestElement.java:281) [ApacheJMeter_core.jar:5.2.1]
	at org.apache.jmeter.config.Argument.getValue(Argument.java:146) [ApacheJMeter_core.jar:5.2.1]
	at org.apache.jmeter.config.Arguments.getArgumentsAsMap(Arguments.java:94) [ApacheJMeter_core.jar:5.2.1]
	at org.apache.jmeter.engine.PreCompiler.createArgumentsMap(PreCompiler.java:114) [ApacheJMeter_core.jar:5.2.1]
	at org.apache.jmeter.engine.PreCompiler.addNode(PreCompiler.java:101) [ApacheJMeter_core.jar:5.2.1]
	at org.apache.jorphan.collections.HashTree.traverseInto(HashTree.java:994) [jorphan.jar:5.2.1]
	at org.apache.jorphan.collections.HashTree.traverse(HashTree.java:977) [jorphan.jar:5.2.1]
	at org.apache.jmeter.engine.StandardJMeterEngine.run(StandardJMeterEngine.java:362) [ApacheJMeter_core.jar:5.2.1]
	at java.lang.Thread.run(Thread.java:834) [?:?]
Caused by: java.lang.reflect.InvocationTargetException
	at jdk.internal.reflect.NativeMethodAccessorImpl.invoke0(Native Method) ~[?:?]
	at jdk.internal.reflect.NativeMethodAccessorImpl.invoke(NativeMethodAccessorImpl.java:62) ~[?:?]
	at jdk.internal.reflect.DelegatingMethodAccessorImpl.invoke(DelegatingMethodAccessorImpl.java:43) ~[?:?]
	at java.lang.reflect.Method.invoke(Method.java:566) ~[?:?]
	at org.apache.jmeter.util.BeanShellInterpreter.bshInvoke(BeanShellInterpreter.java:163) ~[ApacheJMeter_core.jar:5.2.1]
	... 14 more
Caused by: bsh.ParseException: In file: inline evaluation of: ``import org.apache.jmeter.services.FileServer fileserver.getFileServer().getBaseD . . . '' Encountered "fileserver" at line 1, column 46.

	at bsh.Parser.generateParseException(Parser.java:6106) ~[bsh-2.0b6.jar:2.0b6 2016-02-05 05:16:19]
	at bsh.Parser.jj_consume_token(Parser.java:5977) ~[bsh-2.0b6.jar:2.0b6 2016-02-05 05:16:19]
	at bsh.Parser.ImportDeclaration(Parser.java:480) ~[bsh-2.0b6.jar:2.0b6 2016-02-05 05:16:19]
	at bsh.Parser.BlockStatement(Parser.java:2823) ~[bsh-2.0b6.jar:2.0b6 2016-02-05 05:16:19]
	at bsh.Parser.Line(Parser.java:172) ~[bsh-2.0b6.jar:2.0b6 2016-02-05 05:16:19]
	at bsh.Interpreter.Line(Interpreter.java:1011) ~[bsh-2.0b6.jar:2.0b6 2016-02-05 05:16:19]
	at bsh.Interpreter.eval(Interpreter.java:641) ~[bsh-2.0b6.jar:2.0b6 2016-02-05 05:16:19]
	at bsh.Interpreter.eval(Interpreter.java:750) ~[bsh-2.0b6.jar:2.0b6 2016-02-05 05:16:19]
	at bsh.Interpreter.eval(Interpreter.java:739) ~[bsh-2.0b6.jar:2.0b6 2016-02-05 05:16:19]
	at jdk.internal.reflect.NativeMethodAccessorImpl.invoke0(Native Method) ~[?:?]
	at jdk.internal.reflect.NativeMethodAccessorImpl.invoke(NativeMethodAccessorImpl.java:62) ~[?:?]
	at jdk.internal.reflect.DelegatingMethodAccessorImpl.invoke(DelegatingMethodAccessorImpl.java:43) ~[?:?]
	at java.lang.reflect.Method.invoke(Method.java:566) ~[?:?]
	at org.apache.jmeter.util.BeanShellInterpreter.bshInvoke(BeanShellInterpreter.java:163) ~[ApacheJMeter_core.jar:5.2.1]
	... 14 more
2020-05-04 01:10:18,615 ERROR o.a.j.p.j.c.DataSourceElement: JDBC data source already defined for: sampleReq
2020-05-04 01:10:18,615 INFO o.a.j.g.u.JMeterMenuBar: setRunning(true, *local*)
2020-05-04 01:10:18,615 INFO o.a.j.e.StandardJMeterEngine: Starting setUp thread groups
2020-05-04 01:10:18,615 INFO o.a.j.e.StandardJMeterEngine: Starting setUp ThreadGroup: 1 : setUp Thread Group 
2020-05-04 01:10:18,615 INFO o.a.j.e.StandardJMeterEngine: Starting 1 threads for group setUp Thread Group.
2020-05-04 01:10:18,615 INFO o.a.j.e.StandardJMeterEngine: Thread will continue on error
2020-05-04 01:10:18,615 INFO o.a.j.t.ThreadGroup: Starting thread group... number=1 threads=1 ramp-up=1 delayedStart=false
2020-05-04 01:10:18,615 INFO o.a.j.t.ThreadGroup: Started thread group number 1
2020-05-04 01:10:18,616 INFO o.a.j.e.StandardJMeterEngine: Waiting for all setup thread groups to exit
2020-05-04 01:10:18,616 INFO o.a.j.t.JMeterThread: Thread started: setUp Thread Group 1-1
2020-05-04 01:10:18,641 INFO o.a.j.t.JMeterThread: Thread is done: setUp Thread Group 1-1
2020-05-04 01:10:18,642 INFO o.a.j.t.JMeterThread: Thread finished: setUp Thread Group 1-1
2020-05-04 01:10:18,642 INFO o.a.j.e.StandardJMeterEngine: All Setup Threads have ended
2020-05-04 01:10:18,678 INFO o.a.j.e.StandardJMeterEngine: Starting ThreadGroup: 1 : Users Thread Group
2020-05-04 01:10:18,678 INFO o.a.j.e.StandardJMeterEngine: Starting 1 threads for group Users Thread Group.
2020-05-04 01:10:18,679 INFO o.a.j.e.StandardJMeterEngine: Thread will continue on error
2020-05-04 01:10:18,679 INFO o.a.j.t.ThreadGroup: Starting thread group... number=1 threads=1 ramp-up=1 delayedStart=false
2020-05-04 01:10:18,679 INFO o.a.j.t.ThreadGroup: Started thread group number 1
2020-05-04 01:10:18,679 INFO o.a.j.e.StandardJMeterEngine: All thread groups have been started
2020-05-04 01:10:18,679 INFO o.a.j.t.JMeterThread: Thread started: Users Thread Group 1-1
2020-05-04 01:10:18,719 INFO o.a.j.t.JMeterThread: Thread is done: Users Thread Group 1-1
2020-05-04 01:10:18,720 INFO o.a.j.t.JMeterThread: Thread finished: Users Thread Group 1-1
2020-05-04 01:10:18,720 INFO o.a.j.e.StandardJMeterEngine: Starting tearDown thread groups
2020-05-04 01:10:18,720 INFO o.a.j.e.StandardJMeterEngine: Starting tearDown ThreadGroup: 1 : tearDown Thread Group
2020-05-04 01:10:18,720 INFO o.a.j.e.StandardJMeterEngine: Starting 1 threads for group tearDown Thread Group.
2020-05-04 01:10:18,720 INFO o.a.j.e.StandardJMeterEngine: Thread will continue on error
2020-05-04 01:10:18,720 INFO o.a.j.t.ThreadGroup: Starting thread group... number=1 threads=1 ramp-up=1 delayedStart=false
2020-05-04 01:10:18,721 INFO o.a.j.t.ThreadGroup: Started thread group number 1
2020-05-04 01:10:18,721 INFO o.a.j.t.JMeterThread: Thread started: tearDown Thread Group 1-1
2020-05-04 01:10:18,733 INFO o.a.j.t.JMeterThread: Thread is done: tearDown Thread Group 1-1
2020-05-04 01:10:18,733 INFO o.a.j.t.JMeterThread: Thread finished: tearDown Thread Group 1-1
2020-05-04 01:10:18,733 INFO o.a.j.e.StandardJMeterEngine: Notifying test listeners of end of test
2020-05-04 01:10:18,734 INFO o.a.j.g.u.JMeterMenuBar: setRunning(false, *local*)
2020-05-04 01:11:47,377 ERROR o.a.j.g.a.Save: Could not backup file! Backup directory does not exist, is not a directory or could not be created ! </opt/jmeter/backups>
2020-05-04 01:11:47,384 INFO o.a.j.e.StandardJMeterEngine: Running the test!
2020-05-04 01:11:47,384 INFO o.a.j.s.SampleEvent: List of sample_variables: []
2020-05-04 01:11:47,389 ERROR o.a.j.u.BeanShellInterpreter: Error invoking bsh method: eval	In file: inline evaluation of: ``import org.apache.jmeter.services.FileServer fileserver.getFileServer().getBaseD . . . '' Encountered "fileserver" at line 1, column 46.

2020-05-04 01:11:47,390 WARN o.a.j.f.BeanShell: Error running BSH script
org.apache.jorphan.util.JMeterException: Error invoking bsh method: eval	In file: inline evaluation of: ``import org.apache.jmeter.services.FileServer fileserver.getFileServer().getBaseD . . . '' Encountered "fileserver" at line 1, column 46.

	at org.apache.jmeter.util.BeanShellInterpreter.bshInvoke(BeanShellInterpreter.java:180) ~[ApacheJMeter_core.jar:5.2.1]
	at org.apache.jmeter.util.BeanShellInterpreter.eval(BeanShellInterpreter.java:186) ~[ApacheJMeter_core.jar:5.2.1]
	at org.apache.jmeter.functions.BeanShell.execute(BeanShell.java:100) [ApacheJMeter_functions.jar:5.2.1]
	at org.apache.jmeter.engine.util.CompoundVariable.execute(CompoundVariable.java:136) [ApacheJMeter_core.jar:5.2.1]
	at org.apache.jmeter.engine.util.CompoundVariable.execute(CompoundVariable.java:111) [ApacheJMeter_core.jar:5.2.1]
	at org.apache.jmeter.testelement.property.FunctionProperty.getStringValue(FunctionProperty.java:92) [ApacheJMeter_core.jar:5.2.1]
	at org.apache.jmeter.testelement.AbstractTestElement.getPropertyAsString(AbstractTestElement.java:281) [ApacheJMeter_core.jar:5.2.1]
	at org.apache.jmeter.config.Argument.getValue(Argument.java:146) [ApacheJMeter_core.jar:5.2.1]
	at org.apache.jmeter.config.Arguments.getArgumentsAsMap(Arguments.java:94) [ApacheJMeter_core.jar:5.2.1]
	at org.apache.jmeter.engine.PreCompiler.createArgumentsMap(PreCompiler.java:114) [ApacheJMeter_core.jar:5.2.1]
	at org.apache.jmeter.engine.PreCompiler.addNode(PreCompiler.java:101) [ApacheJMeter_core.jar:5.2.1]
	at org.apache.jorphan.collections.HashTree.traverseInto(HashTree.java:994) [jorphan.jar:5.2.1]
	at org.apache.jorphan.collections.HashTree.traverse(HashTree.java:977) [jorphan.jar:5.2.1]
	at org.apache.jmeter.engine.StandardJMeterEngine.run(StandardJMeterEngine.java:362) [ApacheJMeter_core.jar:5.2.1]
	at java.lang.Thread.run(Thread.java:834) [?:?]
Caused by: java.lang.reflect.InvocationTargetException
	at jdk.internal.reflect.NativeMethodAccessorImpl.invoke0(Native Method) ~[?:?]
	at jdk.internal.reflect.NativeMethodAccessorImpl.invoke(NativeMethodAccessorImpl.java:62) ~[?:?]
	at jdk.internal.reflect.DelegatingMethodAccessorImpl.invoke(DelegatingMethodAccessorImpl.java:43) ~[?:?]
	at java.lang.reflect.Method.invoke(Method.java:566) ~[?:?]
	at org.apache.jmeter.util.BeanShellInterpreter.bshInvoke(BeanShellInterpreter.java:163) ~[ApacheJMeter_core.jar:5.2.1]
	... 14 more
Caused by: bsh.ParseException: In file: inline evaluation of: ``import org.apache.jmeter.services.FileServer fileserver.getFileServer().getBaseD . . . '' Encountered "fileserver" at line 1, column 46.

	at bsh.Parser.generateParseException(Parser.java:6106) ~[bsh-2.0b6.jar:2.0b6 2016-02-05 05:16:19]
	at bsh.Parser.jj_consume_token(Parser.java:5977) ~[bsh-2.0b6.jar:2.0b6 2016-02-05 05:16:19]
	at bsh.Parser.ImportDeclaration(Parser.java:480) ~[bsh-2.0b6.jar:2.0b6 2016-02-05 05:16:19]
	at bsh.Parser.BlockStatement(Parser.java:2823) ~[bsh-2.0b6.jar:2.0b6 2016-02-05 05:16:19]
	at bsh.Parser.Line(Parser.java:172) ~[bsh-2.0b6.jar:2.0b6 2016-02-05 05:16:19]
	at bsh.Interpreter.Line(Interpreter.java:1011) ~[bsh-2.0b6.jar:2.0b6 2016-02-05 05:16:19]
	at bsh.Interpreter.eval(Interpreter.java:641) ~[bsh-2.0b6.jar:2.0b6 2016-02-05 05:16:19]
	at bsh.Interpreter.eval(Interpreter.java:750) ~[bsh-2.0b6.jar:2.0b6 2016-02-05 05:16:19]
	at bsh.Interpreter.eval(Interpreter.java:739) ~[bsh-2.0b6.jar:2.0b6 2016-02-05 05:16:19]
	at jdk.internal.reflect.NativeMethodAccessorImpl.invoke0(Native Method) ~[?:?]
	at jdk.internal.reflect.NativeMethodAccessorImpl.invoke(NativeMethodAccessorImpl.java:62) ~[?:?]
	at jdk.internal.reflect.DelegatingMethodAccessorImpl.invoke(DelegatingMethodAccessorImpl.java:43) ~[?:?]
	at java.lang.reflect.Method.invoke(Method.java:566) ~[?:?]
	at org.apache.jmeter.util.BeanShellInterpreter.bshInvoke(BeanShellInterpreter.java:163) ~[ApacheJMeter_core.jar:5.2.1]
	... 14 more
2020-05-04 01:11:47,391 ERROR o.a.j.p.j.c.DataSourceElement: JDBC data source already defined for: sampleReq
2020-05-04 01:11:47,391 INFO o.a.j.g.u.JMeterMenuBar: setRunning(true, *local*)
2020-05-04 01:11:47,391 INFO o.a.j.e.StandardJMeterEngine: Starting setUp thread groups
2020-05-04 01:11:47,392 INFO o.a.j.e.StandardJMeterEngine: Starting setUp ThreadGroup: 1 : setUp Thread Group 
2020-05-04 01:11:47,392 INFO o.a.j.e.StandardJMeterEngine: Starting 1 threads for group setUp Thread Group.
2020-05-04 01:11:47,392 INFO o.a.j.e.StandardJMeterEngine: Thread will continue on error
2020-05-04 01:11:47,392 INFO o.a.j.t.ThreadGroup: Starting thread group... number=1 threads=1 ramp-up=1 delayedStart=false
2020-05-04 01:11:47,392 INFO o.a.j.t.ThreadGroup: Started thread group number 1
2020-05-04 01:11:47,392 INFO o.a.j.e.StandardJMeterEngine: Waiting for all setup thread groups to exit
2020-05-04 01:11:47,392 INFO o.a.j.t.JMeterThread: Thread started: setUp Thread Group 1-1
2020-05-04 01:11:47,420 INFO o.a.j.t.JMeterThread: Thread is done: setUp Thread Group 1-1
2020-05-04 01:11:47,420 INFO o.a.j.t.JMeterThread: Thread finished: setUp Thread Group 1-1
2020-05-04 01:11:47,420 INFO o.a.j.e.StandardJMeterEngine: All Setup Threads have ended
2020-05-04 01:11:47,460 INFO o.a.j.e.StandardJMeterEngine: Starting ThreadGroup: 1 : Users Thread Group
2020-05-04 01:11:47,460 INFO o.a.j.e.StandardJMeterEngine: Starting 1 threads for group Users Thread Group.
2020-05-04 01:11:47,460 INFO o.a.j.e.StandardJMeterEngine: Thread will continue on error
2020-05-04 01:11:47,460 INFO o.a.j.t.ThreadGroup: Starting thread group... number=1 threads=1 ramp-up=1 delayedStart=false
2020-05-04 01:11:47,461 INFO o.a.j.t.ThreadGroup: Started thread group number 1
2020-05-04 01:11:47,461 INFO o.a.j.e.StandardJMeterEngine: All thread groups have been started
2020-05-04 01:11:47,461 INFO o.a.j.t.JMeterThread: Thread started: Users Thread Group 1-1
2020-05-04 01:11:47,501 INFO o.a.j.t.JMeterThread: Thread is done: Users Thread Group 1-1
2020-05-04 01:11:47,501 INFO o.a.j.t.JMeterThread: Thread finished: Users Thread Group 1-1
2020-05-04 01:11:47,501 INFO o.a.j.e.StandardJMeterEngine: Starting tearDown thread groups
2020-05-04 01:11:47,502 INFO o.a.j.e.StandardJMeterEngine: Starting tearDown ThreadGroup: 1 : tearDown Thread Group
2020-05-04 01:11:47,502 INFO o.a.j.e.StandardJMeterEngine: Starting 1 threads for group tearDown Thread Group.
2020-05-04 01:11:47,502 INFO o.a.j.e.StandardJMeterEngine: Thread will continue on error
2020-05-04 01:11:47,502 INFO o.a.j.t.ThreadGroup: Starting thread group... number=1 threads=1 ramp-up=1 delayedStart=false
2020-05-04 01:11:47,502 INFO o.a.j.t.ThreadGroup: Started thread group number 1
2020-05-04 01:11:47,502 INFO o.a.j.t.JMeterThread: Thread started: tearDown Thread Group 1-1
2020-05-04 01:11:47,520 INFO o.a.j.t.JMeterThread: Thread is done: tearDown Thread Group 1-1
2020-05-04 01:11:47,520 INFO o.a.j.t.JMeterThread: Thread finished: tearDown Thread Group 1-1
2020-05-04 01:11:47,520 INFO o.a.j.e.StandardJMeterEngine: Notifying test listeners of end of test
2020-05-04 01:11:47,521 INFO o.a.j.g.u.JMeterMenuBar: setRunning(false, *local*)
2020-05-04 01:12:46,254 ERROR o.a.j.g.a.Save: Could not backup file! Backup directory does not exist, is not a directory or could not be created ! </opt/jmeter/backups>
2020-05-04 01:12:46,257 INFO o.a.j.e.StandardJMeterEngine: Running the test!
2020-05-04 01:12:46,257 INFO o.a.j.s.SampleEvent: List of sample_variables: []
2020-05-04 01:12:46,261 ERROR o.a.j.u.BeanShellInterpreter: Error invoking bsh method: eval	In file: inline evaluation of: ``import org.apache.jmeter.services.FileServer fileserver.getFileServer().getBaseD . . . '' Encountered "fileserver" at line 1, column 46.

2020-05-04 01:12:46,261 WARN o.a.j.f.BeanShell: Error running BSH script
org.apache.jorphan.util.JMeterException: Error invoking bsh method: eval	In file: inline evaluation of: ``import org.apache.jmeter.services.FileServer fileserver.getFileServer().getBaseD . . . '' Encountered "fileserver" at line 1, column 46.

	at org.apache.jmeter.util.BeanShellInterpreter.bshInvoke(BeanShellInterpreter.java:180) ~[ApacheJMeter_core.jar:5.2.1]
	at org.apache.jmeter.util.BeanShellInterpreter.eval(BeanShellInterpreter.java:186) ~[ApacheJMeter_core.jar:5.2.1]
	at org.apache.jmeter.functions.BeanShell.execute(BeanShell.java:100) [ApacheJMeter_functions.jar:5.2.1]
	at org.apache.jmeter.engine.util.CompoundVariable.execute(CompoundVariable.java:136) [ApacheJMeter_core.jar:5.2.1]
	at org.apache.jmeter.engine.util.CompoundVariable.execute(CompoundVariable.java:111) [ApacheJMeter_core.jar:5.2.1]
	at org.apache.jmeter.testelement.property.FunctionProperty.getStringValue(FunctionProperty.java:92) [ApacheJMeter_core.jar:5.2.1]
	at org.apache.jmeter.testelement.AbstractTestElement.getPropertyAsString(AbstractTestElement.java:281) [ApacheJMeter_core.jar:5.2.1]
	at org.apache.jmeter.config.Argument.getValue(Argument.java:146) [ApacheJMeter_core.jar:5.2.1]
	at org.apache.jmeter.config.Arguments.getArgumentsAsMap(Arguments.java:94) [ApacheJMeter_core.jar:5.2.1]
	at org.apache.jmeter.engine.PreCompiler.createArgumentsMap(PreCompiler.java:114) [ApacheJMeter_core.jar:5.2.1]
	at org.apache.jmeter.engine.PreCompiler.addNode(PreCompiler.java:101) [ApacheJMeter_core.jar:5.2.1]
	at org.apache.jorphan.collections.HashTree.traverseInto(HashTree.java:994) [jorphan.jar:5.2.1]
	at org.apache.jorphan.collections.HashTree.traverse(HashTree.java:977) [jorphan.jar:5.2.1]
	at org.apache.jmeter.engine.StandardJMeterEngine.run(StandardJMeterEngine.java:362) [ApacheJMeter_core.jar:5.2.1]
	at java.lang.Thread.run(Thread.java:834) [?:?]
Caused by: java.lang.reflect.InvocationTargetException
	at jdk.internal.reflect.NativeMethodAccessorImpl.invoke0(Native Method) ~[?:?]
	at jdk.internal.reflect.NativeMethodAccessorImpl.invoke(NativeMethodAccessorImpl.java:62) ~[?:?]
	at jdk.internal.reflect.DelegatingMethodAccessorImpl.invoke(DelegatingMethodAccessorImpl.java:43) ~[?:?]
	at java.lang.reflect.Method.invoke(Method.java:566) ~[?:?]
	at org.apache.jmeter.util.BeanShellInterpreter.bshInvoke(BeanShellInterpreter.java:163) ~[ApacheJMeter_core.jar:5.2.1]
	... 14 more
Caused by: bsh.ParseException: In file: inline evaluation of: ``import org.apache.jmeter.services.FileServer fileserver.getFileServer().getBaseD . . . '' Encountered "fileserver" at line 1, column 46.

	at bsh.Parser.generateParseException(Parser.java:6106) ~[bsh-2.0b6.jar:2.0b6 2016-02-05 05:16:19]
	at bsh.Parser.jj_consume_token(Parser.java:5977) ~[bsh-2.0b6.jar:2.0b6 2016-02-05 05:16:19]
	at bsh.Parser.ImportDeclaration(Parser.java:480) ~[bsh-2.0b6.jar:2.0b6 2016-02-05 05:16:19]
	at bsh.Parser.BlockStatement(Parser.java:2823) ~[bsh-2.0b6.jar:2.0b6 2016-02-05 05:16:19]
	at bsh.Parser.Line(Parser.java:172) ~[bsh-2.0b6.jar:2.0b6 2016-02-05 05:16:19]
	at bsh.Interpreter.Line(Interpreter.java:1011) ~[bsh-2.0b6.jar:2.0b6 2016-02-05 05:16:19]
	at bsh.Interpreter.eval(Interpreter.java:641) ~[bsh-2.0b6.jar:2.0b6 2016-02-05 05:16:19]
	at bsh.Interpreter.eval(Interpreter.java:750) ~[bsh-2.0b6.jar:2.0b6 2016-02-05 05:16:19]
	at bsh.Interpreter.eval(Interpreter.java:739) ~[bsh-2.0b6.jar:2.0b6 2016-02-05 05:16:19]
	at jdk.internal.reflect.NativeMethodAccessorImpl.invoke0(Native Method) ~[?:?]
	at jdk.internal.reflect.NativeMethodAccessorImpl.invoke(NativeMethodAccessorImpl.java:62) ~[?:?]
	at jdk.internal.reflect.DelegatingMethodAccessorImpl.invoke(DelegatingMethodAccessorImpl.java:43) ~[?:?]
	at java.lang.reflect.Method.invoke(Method.java:566) ~[?:?]
	at org.apache.jmeter.util.BeanShellInterpreter.bshInvoke(BeanShellInterpreter.java:163) ~[ApacheJMeter_core.jar:5.2.1]
	... 14 more
2020-05-04 01:12:46,263 ERROR o.a.j.p.j.c.DataSourceElement: JDBC data source already defined for: sampleReq
2020-05-04 01:12:46,263 INFO o.a.j.g.u.JMeterMenuBar: setRunning(true, *local*)
2020-05-04 01:12:46,264 INFO o.a.j.e.StandardJMeterEngine: Starting setUp thread groups
2020-05-04 01:12:46,264 INFO o.a.j.e.StandardJMeterEngine: Starting setUp ThreadGroup: 1 : setUp Thread Group 
2020-05-04 01:12:46,264 INFO o.a.j.e.StandardJMeterEngine: Starting 1 threads for group setUp Thread Group.
2020-05-04 01:12:46,264 INFO o.a.j.e.StandardJMeterEngine: Thread will continue on error
2020-05-04 01:12:46,264 INFO o.a.j.t.ThreadGroup: Starting thread group... number=1 threads=1 ramp-up=1 delayedStart=false
2020-05-04 01:12:46,264 INFO o.a.j.t.ThreadGroup: Started thread group number 1
2020-05-04 01:12:46,264 INFO o.a.j.e.StandardJMeterEngine: Waiting for all setup thread groups to exit
2020-05-04 01:12:46,265 INFO o.a.j.t.JMeterThread: Thread started: setUp Thread Group 1-1
2020-05-04 01:12:46,292 INFO o.a.j.t.JMeterThread: Thread is done: setUp Thread Group 1-1
2020-05-04 01:12:46,292 INFO o.a.j.t.JMeterThread: Thread finished: setUp Thread Group 1-1
2020-05-04 01:12:46,293 INFO o.a.j.e.StandardJMeterEngine: All Setup Threads have ended
2020-05-04 01:12:46,332 INFO o.a.j.e.StandardJMeterEngine: Starting ThreadGroup: 1 : Users Thread Group
2020-05-04 01:12:46,332 INFO o.a.j.e.StandardJMeterEngine: Starting 1 threads for group Users Thread Group.
2020-05-04 01:12:46,332 INFO o.a.j.e.StandardJMeterEngine: Thread will continue on error
2020-05-04 01:12:46,332 INFO o.a.j.t.ThreadGroup: Starting thread group... number=1 threads=1 ramp-up=1 delayedStart=false
2020-05-04 01:12:46,332 INFO o.a.j.t.ThreadGroup: Started thread group number 1
2020-05-04 01:12:46,333 INFO o.a.j.e.StandardJMeterEngine: All thread groups have been started
2020-05-04 01:12:46,333 INFO o.a.j.t.JMeterThread: Thread started: Users Thread Group 1-1
2020-05-04 01:12:46,400 INFO o.a.j.t.JMeterThread: Thread is done: Users Thread Group 1-1
2020-05-04 01:12:46,400 INFO o.a.j.t.JMeterThread: Thread finished: Users Thread Group 1-1
2020-05-04 01:12:46,400 INFO o.a.j.e.StandardJMeterEngine: Starting tearDown thread groups
2020-05-04 01:12:46,400 INFO o.a.j.e.StandardJMeterEngine: Starting tearDown ThreadGroup: 1 : tearDown Thread Group
2020-05-04 01:12:46,400 INFO o.a.j.e.StandardJMeterEngine: Starting 1 threads for group tearDown Thread Group.
2020-05-04 01:12:46,400 INFO o.a.j.e.StandardJMeterEngine: Thread will continue on error
2020-05-04 01:12:46,400 INFO o.a.j.t.ThreadGroup: Starting thread group... number=1 threads=1 ramp-up=1 delayedStart=false
2020-05-04 01:12:46,400 INFO o.a.j.t.ThreadGroup: Started thread group number 1
2020-05-04 01:12:46,401 INFO o.a.j.t.JMeterThread: Thread started: tearDown Thread Group 1-1
2020-05-04 01:12:46,451 INFO o.a.j.t.JMeterThread: Thread is done: tearDown Thread Group 1-1
2020-05-04 01:12:46,451 INFO o.a.j.t.JMeterThread: Thread finished: tearDown Thread Group 1-1
2020-05-04 01:12:46,451 INFO o.a.j.e.StandardJMeterEngine: Notifying test listeners of end of test
2020-05-04 01:12:46,452 INFO o.a.j.g.u.JMeterMenuBar: setRunning(false, *local*)
2020-05-04 01:13:49,662 INFO o.a.j.e.StandardJMeterEngine: Running the test!
2020-05-04 01:13:49,662 INFO o.a.j.s.SampleEvent: List of sample_variables: []
2020-05-04 01:13:49,665 ERROR o.a.j.u.BeanShellInterpreter: Error invoking bsh method: eval	In file: inline evaluation of: ``import org.apache.jmeter.services.FileServer fileserver.getFileServer().getBaseD . . . '' Encountered "fileserver" at line 1, column 46.

2020-05-04 01:13:49,666 WARN o.a.j.f.BeanShell: Error running BSH script
org.apache.jorphan.util.JMeterException: Error invoking bsh method: eval	In file: inline evaluation of: ``import org.apache.jmeter.services.FileServer fileserver.getFileServer().getBaseD . . . '' Encountered "fileserver" at line 1, column 46.

	at org.apache.jmeter.util.BeanShellInterpreter.bshInvoke(BeanShellInterpreter.java:180) ~[ApacheJMeter_core.jar:5.2.1]
	at org.apache.jmeter.util.BeanShellInterpreter.eval(BeanShellInterpreter.java:186) ~[ApacheJMeter_core.jar:5.2.1]
	at org.apache.jmeter.functions.BeanShell.execute(BeanShell.java:100) [ApacheJMeter_functions.jar:5.2.1]
	at org.apache.jmeter.engine.util.CompoundVariable.execute(CompoundVariable.java:136) [ApacheJMeter_core.jar:5.2.1]
	at org.apache.jmeter.engine.util.CompoundVariable.execute(CompoundVariable.java:111) [ApacheJMeter_core.jar:5.2.1]
	at org.apache.jmeter.testelement.property.FunctionProperty.getStringValue(FunctionProperty.java:92) [ApacheJMeter_core.jar:5.2.1]
	at org.apache.jmeter.testelement.AbstractTestElement.getPropertyAsString(AbstractTestElement.java:281) [ApacheJMeter_core.jar:5.2.1]
	at org.apache.jmeter.config.Argument.getValue(Argument.java:146) [ApacheJMeter_core.jar:5.2.1]
	at org.apache.jmeter.config.Arguments.getArgumentsAsMap(Arguments.java:94) [ApacheJMeter_core.jar:5.2.1]
	at org.apache.jmeter.engine.PreCompiler.createArgumentsMap(PreCompiler.java:114) [ApacheJMeter_core.jar:5.2.1]
	at org.apache.jmeter.engine.PreCompiler.addNode(PreCompiler.java:101) [ApacheJMeter_core.jar:5.2.1]
	at org.apache.jorphan.collections.HashTree.traverseInto(HashTree.java:994) [jorphan.jar:5.2.1]
	at org.apache.jorphan.collections.HashTree.traverse(HashTree.java:977) [jorphan.jar:5.2.1]
	at org.apache.jmeter.engine.StandardJMeterEngine.run(StandardJMeterEngine.java:362) [ApacheJMeter_core.jar:5.2.1]
	at java.lang.Thread.run(Thread.java:834) [?:?]
Caused by: java.lang.reflect.InvocationTargetException
	at jdk.internal.reflect.NativeMethodAccessorImpl.invoke0(Native Method) ~[?:?]
	at jdk.internal.reflect.NativeMethodAccessorImpl.invoke(NativeMethodAccessorImpl.java:62) ~[?:?]
	at jdk.internal.reflect.DelegatingMethodAccessorImpl.invoke(DelegatingMethodAccessorImpl.java:43) ~[?:?]
	at java.lang.reflect.Method.invoke(Method.java:566) ~[?:?]
	at org.apache.jmeter.util.BeanShellInterpreter.bshInvoke(BeanShellInterpreter.java:163) ~[ApacheJMeter_core.jar:5.2.1]
	... 14 more
Caused by: bsh.ParseException: In file: inline evaluation of: ``import org.apache.jmeter.services.FileServer fileserver.getFileServer().getBaseD . . . '' Encountered "fileserver" at line 1, column 46.

	at bsh.Parser.generateParseException(Parser.java:6106) ~[bsh-2.0b6.jar:2.0b6 2016-02-05 05:16:19]
	at bsh.Parser.jj_consume_token(Parser.java:5977) ~[bsh-2.0b6.jar:2.0b6 2016-02-05 05:16:19]
	at bsh.Parser.ImportDeclaration(Parser.java:480) ~[bsh-2.0b6.jar:2.0b6 2016-02-05 05:16:19]
	at bsh.Parser.BlockStatement(Parser.java:2823) ~[bsh-2.0b6.jar:2.0b6 2016-02-05 05:16:19]
	at bsh.Parser.Line(Parser.java:172) ~[bsh-2.0b6.jar:2.0b6 2016-02-05 05:16:19]
	at bsh.Interpreter.Line(Interpreter.java:1011) ~[bsh-2.0b6.jar:2.0b6 2016-02-05 05:16:19]
	at bsh.Interpreter.eval(Interpreter.java:641) ~[bsh-2.0b6.jar:2.0b6 2016-02-05 05:16:19]
	at bsh.Interpreter.eval(Interpreter.java:750) ~[bsh-2.0b6.jar:2.0b6 2016-02-05 05:16:19]
	at bsh.Interpreter.eval(Interpreter.java:739) ~[bsh-2.0b6.jar:2.0b6 2016-02-05 05:16:19]
	at jdk.internal.reflect.NativeMethodAccessorImpl.invoke0(Native Method) ~[?:?]
	at jdk.internal.reflect.NativeMethodAccessorImpl.invoke(NativeMethodAccessorImpl.java:62) ~[?:?]
	at jdk.internal.reflect.DelegatingMethodAccessorImpl.invoke(DelegatingMethodAccessorImpl.java:43) ~[?:?]
	at java.lang.reflect.Method.invoke(Method.java:566) ~[?:?]
	at org.apache.jmeter.util.BeanShellInterpreter.bshInvoke(BeanShellInterpreter.java:163) ~[ApacheJMeter_core.jar:5.2.1]
	... 14 more
2020-05-04 01:13:49,666 ERROR o.a.j.p.j.c.DataSourceElement: JDBC data source already defined for: sampleReq
2020-05-04 01:13:49,667 INFO o.a.j.g.u.JMeterMenuBar: setRunning(true, *local*)
2020-05-04 01:13:49,667 INFO o.a.j.e.StandardJMeterEngine: Starting setUp thread groups
2020-05-04 01:13:49,667 INFO o.a.j.e.StandardJMeterEngine: Starting setUp ThreadGroup: 1 : setUp Thread Group 
2020-05-04 01:13:49,668 INFO o.a.j.e.StandardJMeterEngine: Starting 1 threads for group setUp Thread Group.
2020-05-04 01:13:49,668 INFO o.a.j.e.StandardJMeterEngine: Thread will continue on error
2020-05-04 01:13:49,668 INFO o.a.j.t.ThreadGroup: Starting thread group... number=1 threads=1 ramp-up=1 delayedStart=false
2020-05-04 01:13:49,668 INFO o.a.j.t.ThreadGroup: Started thread group number 1
2020-05-04 01:13:49,668 INFO o.a.j.e.StandardJMeterEngine: Waiting for all setup thread groups to exit
2020-05-04 01:13:49,668 INFO o.a.j.t.JMeterThread: Thread started: setUp Thread Group 1-1
2020-05-04 01:13:49,694 INFO o.a.j.t.JMeterThread: Thread is done: setUp Thread Group 1-1
2020-05-04 01:13:49,694 INFO o.a.j.t.JMeterThread: Thread finished: setUp Thread Group 1-1
2020-05-04 01:13:49,694 INFO o.a.j.e.StandardJMeterEngine: All Setup Threads have ended
2020-05-04 01:13:49,735 INFO o.a.j.e.StandardJMeterEngine: Starting ThreadGroup: 1 : Users Thread Group
2020-05-04 01:13:49,735 INFO o.a.j.e.StandardJMeterEngine: Starting 1 threads for group Users Thread Group.
2020-05-04 01:13:49,735 INFO o.a.j.e.StandardJMeterEngine: Thread will continue on error
2020-05-04 01:13:49,735 INFO o.a.j.t.ThreadGroup: Starting thread group... number=1 threads=1 ramp-up=1 delayedStart=false
2020-05-04 01:13:49,736 INFO o.a.j.t.ThreadGroup: Started thread group number 1
2020-05-04 01:13:49,736 INFO o.a.j.e.StandardJMeterEngine: All thread groups have been started
2020-05-04 01:13:49,736 INFO o.a.j.t.JMeterThread: Thread started: Users Thread Group 1-1
2020-05-04 01:13:50,527 INFO o.a.j.t.JMeterThread: Thread is done: Users Thread Group 1-1
2020-05-04 01:13:50,527 INFO o.a.j.t.JMeterThread: Thread finished: Users Thread Group 1-1
2020-05-04 01:13:50,528 INFO o.a.j.e.StandardJMeterEngine: Starting tearDown thread groups
2020-05-04 01:13:50,528 INFO o.a.j.e.StandardJMeterEngine: Starting tearDown ThreadGroup: 1 : tearDown Thread Group
2020-05-04 01:13:50,528 INFO o.a.j.e.StandardJMeterEngine: Starting 1 threads for group tearDown Thread Group.
2020-05-04 01:13:50,528 INFO o.a.j.e.StandardJMeterEngine: Thread will continue on error
2020-05-04 01:13:50,528 INFO o.a.j.t.ThreadGroup: Starting thread group... number=1 threads=1 ramp-up=1 delayedStart=false
2020-05-04 01:13:50,528 INFO o.a.j.t.ThreadGroup: Started thread group number 1
2020-05-04 01:13:50,529 INFO o.a.j.t.JMeterThread: Thread started: tearDown Thread Group 1-1
2020-05-04 01:13:50,594 INFO o.a.j.t.JMeterThread: Thread is done: tearDown Thread Group 1-1
2020-05-04 01:13:50,594 INFO o.a.j.t.JMeterThread: Thread finished: tearDown Thread Group 1-1
2020-05-04 01:13:50,595 INFO o.a.j.e.StandardJMeterEngine: Notifying test listeners of end of test
2020-05-04 01:13:50,596 INFO o.a.j.g.u.JMeterMenuBar: setRunning(false, *local*)
2020-05-04 01:14:50,781 INFO o.a.j.e.StandardJMeterEngine: Running the test!
2020-05-04 01:14:50,781 INFO o.a.j.s.SampleEvent: List of sample_variables: []
2020-05-04 01:14:50,785 ERROR o.a.j.u.BeanShellInterpreter: Error invoking bsh method: eval	In file: inline evaluation of: ``import org.apache.jmeter.services.FileServer fileserver.getFileServer().getBaseD . . . '' Encountered "fileserver" at line 1, column 46.

2020-05-04 01:14:50,785 WARN o.a.j.f.BeanShell: Error running BSH script
org.apache.jorphan.util.JMeterException: Error invoking bsh method: eval	In file: inline evaluation of: ``import org.apache.jmeter.services.FileServer fileserver.getFileServer().getBaseD . . . '' Encountered "fileserver" at line 1, column 46.

	at org.apache.jmeter.util.BeanShellInterpreter.bshInvoke(BeanShellInterpreter.java:180) ~[ApacheJMeter_core.jar:5.2.1]
	at org.apache.jmeter.util.BeanShellInterpreter.eval(BeanShellInterpreter.java:186) ~[ApacheJMeter_core.jar:5.2.1]
	at org.apache.jmeter.functions.BeanShell.execute(BeanShell.java:100) [ApacheJMeter_functions.jar:5.2.1]
	at org.apache.jmeter.engine.util.CompoundVariable.execute(CompoundVariable.java:136) [ApacheJMeter_core.jar:5.2.1]
	at org.apache.jmeter.engine.util.CompoundVariable.execute(CompoundVariable.java:111) [ApacheJMeter_core.jar:5.2.1]
	at org.apache.jmeter.testelement.property.FunctionProperty.getStringValue(FunctionProperty.java:92) [ApacheJMeter_core.jar:5.2.1]
	at org.apache.jmeter.testelement.AbstractTestElement.getPropertyAsString(AbstractTestElement.java:281) [ApacheJMeter_core.jar:5.2.1]
	at org.apache.jmeter.config.Argument.getValue(Argument.java:146) [ApacheJMeter_core.jar:5.2.1]
	at org.apache.jmeter.config.Arguments.getArgumentsAsMap(Arguments.java:94) [ApacheJMeter_core.jar:5.2.1]
	at org.apache.jmeter.engine.PreCompiler.createArgumentsMap(PreCompiler.java:114) [ApacheJMeter_core.jar:5.2.1]
	at org.apache.jmeter.engine.PreCompiler.addNode(PreCompiler.java:101) [ApacheJMeter_core.jar:5.2.1]
	at org.apache.jorphan.collections.HashTree.traverseInto(HashTree.java:994) [jorphan.jar:5.2.1]
	at org.apache.jorphan.collections.HashTree.traverse(HashTree.java:977) [jorphan.jar:5.2.1]
	at org.apache.jmeter.engine.StandardJMeterEngine.run(StandardJMeterEngine.java:362) [ApacheJMeter_core.jar:5.2.1]
	at java.lang.Thread.run(Thread.java:834) [?:?]
Caused by: java.lang.reflect.InvocationTargetException
	at jdk.internal.reflect.NativeMethodAccessorImpl.invoke0(Native Method) ~[?:?]
	at jdk.internal.reflect.NativeMethodAccessorImpl.invoke(NativeMethodAccessorImpl.java:62) ~[?:?]
	at jdk.internal.reflect.DelegatingMethodAccessorImpl.invoke(DelegatingMethodAccessorImpl.java:43) ~[?:?]
	at java.lang.reflect.Method.invoke(Method.java:566) ~[?:?]
	at org.apache.jmeter.util.BeanShellInterpreter.bshInvoke(BeanShellInterpreter.java:163) ~[ApacheJMeter_core.jar:5.2.1]
	... 14 more
Caused by: bsh.ParseException: In file: inline evaluation of: ``import org.apache.jmeter.services.FileServer fileserver.getFileServer().getBaseD . . . '' Encountered "fileserver" at line 1, column 46.

	at bsh.Parser.generateParseException(Parser.java:6106) ~[bsh-2.0b6.jar:2.0b6 2016-02-05 05:16:19]
	at bsh.Parser.jj_consume_token(Parser.java:5977) ~[bsh-2.0b6.jar:2.0b6 2016-02-05 05:16:19]
	at bsh.Parser.ImportDeclaration(Parser.java:480) ~[bsh-2.0b6.jar:2.0b6 2016-02-05 05:16:19]
	at bsh.Parser.BlockStatement(Parser.java:2823) ~[bsh-2.0b6.jar:2.0b6 2016-02-05 05:16:19]
	at bsh.Parser.Line(Parser.java:172) ~[bsh-2.0b6.jar:2.0b6 2016-02-05 05:16:19]
	at bsh.Interpreter.Line(Interpreter.java:1011) ~[bsh-2.0b6.jar:2.0b6 2016-02-05 05:16:19]
	at bsh.Interpreter.eval(Interpreter.java:641) ~[bsh-2.0b6.jar:2.0b6 2016-02-05 05:16:19]
	at bsh.Interpreter.eval(Interpreter.java:750) ~[bsh-2.0b6.jar:2.0b6 2016-02-05 05:16:19]
	at bsh.Interpreter.eval(Interpreter.java:739) ~[bsh-2.0b6.jar:2.0b6 2016-02-05 05:16:19]
	at jdk.internal.reflect.NativeMethodAccessorImpl.invoke0(Native Method) ~[?:?]
	at jdk.internal.reflect.NativeMethodAccessorImpl.invoke(NativeMethodAccessorImpl.java:62) ~[?:?]
	at jdk.internal.reflect.DelegatingMethodAccessorImpl.invoke(DelegatingMethodAccessorImpl.java:43) ~[?:?]
	at java.lang.reflect.Method.invoke(Method.java:566) ~[?:?]
	at org.apache.jmeter.util.BeanShellInterpreter.bshInvoke(BeanShellInterpreter.java:163) ~[ApacheJMeter_core.jar:5.2.1]
	... 14 more
2020-05-04 01:14:50,786 ERROR o.a.j.p.j.c.DataSourceElement: JDBC data source already defined for: sampleReq
2020-05-04 01:14:50,786 INFO o.a.j.g.u.JMeterMenuBar: setRunning(true, *local*)
2020-05-04 01:14:50,786 INFO o.a.j.e.StandardJMeterEngine: Starting setUp thread groups
2020-05-04 01:14:50,786 INFO o.a.j.e.StandardJMeterEngine: Starting setUp ThreadGroup: 1 : setUp Thread Group 
2020-05-04 01:14:50,786 INFO o.a.j.e.StandardJMeterEngine: Starting 1 threads for group setUp Thread Group.
2020-05-04 01:14:50,786 INFO o.a.j.e.StandardJMeterEngine: Thread will continue on error
2020-05-04 01:14:50,786 INFO o.a.j.t.ThreadGroup: Starting thread group... number=1 threads=1 ramp-up=1 delayedStart=false
2020-05-04 01:14:50,787 INFO o.a.j.t.ThreadGroup: Started thread group number 1
2020-05-04 01:14:50,787 INFO o.a.j.e.StandardJMeterEngine: Waiting for all setup thread groups to exit
2020-05-04 01:14:50,787 INFO o.a.j.t.JMeterThread: Thread started: setUp Thread Group 1-1
2020-05-04 01:14:50,819 INFO o.a.j.t.JMeterThread: Thread is done: setUp Thread Group 1-1
2020-05-04 01:14:50,819 INFO o.a.j.t.JMeterThread: Thread finished: setUp Thread Group 1-1
2020-05-04 01:14:50,819 INFO o.a.j.e.StandardJMeterEngine: All Setup Threads have ended
2020-05-04 01:14:50,863 INFO o.a.j.e.StandardJMeterEngine: Starting ThreadGroup: 1 : Users Thread Group
2020-05-04 01:14:50,863 INFO o.a.j.e.StandardJMeterEngine: Starting 1 threads for group Users Thread Group.
2020-05-04 01:14:50,863 INFO o.a.j.e.StandardJMeterEngine: Thread will continue on error
2020-05-04 01:14:50,863 INFO o.a.j.t.ThreadGroup: Starting thread group... number=1 threads=1 ramp-up=1 delayedStart=false
2020-05-04 01:14:50,864 INFO o.a.j.t.ThreadGroup: Started thread group number 1
2020-05-04 01:14:50,864 INFO o.a.j.e.StandardJMeterEngine: All thread groups have been started
2020-05-04 01:14:50,864 INFO o.a.j.t.JMeterThread: Thread started: Users Thread Group 1-1
2020-05-04 01:14:51,651 INFO o.a.j.t.JMeterThread: Thread is done: Users Thread Group 1-1
2020-05-04 01:14:51,651 INFO o.a.j.t.JMeterThread: Thread finished: Users Thread Group 1-1
2020-05-04 01:14:51,651 INFO o.a.j.e.StandardJMeterEngine: Starting tearDown thread groups
2020-05-04 01:14:51,651 INFO o.a.j.e.StandardJMeterEngine: Starting tearDown ThreadGroup: 1 : tearDown Thread Group
2020-05-04 01:14:51,651 INFO o.a.j.e.StandardJMeterEngine: Starting 1 threads for group tearDown Thread Group.
2020-05-04 01:14:51,651 INFO o.a.j.e.StandardJMeterEngine: Thread will continue on error
2020-05-04 01:14:51,651 INFO o.a.j.t.ThreadGroup: Starting thread group... number=1 threads=1 ramp-up=1 delayedStart=false
2020-05-04 01:14:51,653 INFO o.a.j.t.ThreadGroup: Started thread group number 1
2020-05-04 01:14:51,653 INFO o.a.j.t.JMeterThread: Thread started: tearDown Thread Group 1-1
2020-05-04 01:14:51,669 INFO o.a.j.t.JMeterThread: Thread is done: tearDown Thread Group 1-1
2020-05-04 01:14:51,669 INFO o.a.j.t.JMeterThread: Thread finished: tearDown Thread Group 1-1
2020-05-04 01:14:51,670 INFO o.a.j.e.StandardJMeterEngine: Notifying test listeners of end of test
2020-05-04 01:14:51,671 INFO o.a.j.g.u.JMeterMenuBar: setRunning(false, *local*)
